0001_0009_0031_0034_0034.jpg 1 9 31 34 34
0002_0004_0004_0069_0069.jpg 1 4 4 69 69
0003_0039_0009_0039_0039.jpg 1 39 9 39 39
0004_0006_0021_0069_0069.jpg 1 6 21 69 69
0005_0016_0024_0024_0024.jpg 1 16 24 24 24
0006_0021_0020_0064_0064.jpg 1 21 20 64 64
0007_0015_0031_0061_0061.jpg 1 15 31 61 61
0008_0026_0038_0034_0034.jpg 1 26 38 34 34
0009_0026_0006_0065_0065.jpg 1 26 6 65 65
0010_0044_0042_0039_0039.jpg 1 44 42 39 39
0011_0024_0029_0064_0064.jpg 1 24 29 64 64
0012_0045_0011_0037_0037.jpg 1 45 11 37 37
0013_0036_0023_0058_0058.jpg 1 36 23 58 58
0014_0043_0010_0048_0048.jpg 1 43 10 48 48
0015_0023_0019_0064_0064.jpg 1 23 19 64 64
0016_0062_0041_0029_0029.jpg 1 62 41 29 29
0017_0030_0024_0055_0055.jpg 1 30 24 55 55
0018_0005_0005_0050_0050.jpg 1 5 5 50 50
0019_0042_0039_0050_0050.jpg 1 42 39 50 50
0020_0024_0019_0032_0032.jpg 1 24 19 32 32
0021_0011_0022_0038_0038.jpg 1 11 22 38 38
0022_0032_0040_0048_0048.jpg 1 32 40 48 48
0023_0050_0024_0035_0035.jpg 1 50 24 35 35
0024_0017_0044_0032_0032.jpg 1 17 44 32 32
0025_0015_0031_0035_0035.jpg 1 15 31 35 35
0026_0026_0012_0034_0034.jpg 1 26 12 34 34
0027_0044_0043_0030_0030.jpg 1 44 43 30 30
0028_0021_0038_0039_0039.jpg 1 21 38 39 39
0029_0009_0025_0047_0047.jpg 1 9 25 47 47
0030_0019_0024_0069_0069.jpg 1 19 24 69 69
0031_0004_0018_0069_0069.jpg 1 4 18 69 69
0032_0028_0017_0066_0066.jpg 1 28 17 66 66
0033_0029_0035_0060_0060.jpg 1 29 35 60 60
0034_0019_0032_0037_0037.jpg 1 19 32 37 37
0035_0030_0021_0066_0066.jpg 1 30 21 66 66
0036_0023_0035_0060_0060.jpg 1 23 35 60 60
0037_0016_0044_0048_0048.jpg 1 16 44 48 48
0038_0008_0046_0031_0031.jpg 1 8 46 31 31
0039_0012_0026_0050_0050.jpg 1 12 26 50 50
0040_0017_0015_0059_0059.jpg 1 17 15 59 59
0041_0012_0032_0038_0038.jpg 1 12 32 38 38
0042_0022_0037_0027_0027.jpg 1 22 37 27 27
0043_0027_0018_0059_0059.jpg 1 27 18 59 59
0044_0023_0031_0064_0064.jpg 1 23 31 64 64
0045_0029_0046_0040_0040.jpg 1 29 46 40 40
0046_0016_0044_0025_0025.jpg 1 16 44 25 25
0047_0041_0059_0029_0029.jpg 1 41 59 29 29
0048_0033_0038_0040_0040.jpg 1 33 38 40 40
0049_0039_0025_0053_0053.jpg 1 39 25 53 53
0050_0039_0007_0039_0039.jpg 1 39 7 39 39
0051_0022_0023_0063_0063.jpg 1 22 23 63 63
0052_0036_0032_0036_0036.jpg 1 36 32 36 36
0053_0039_0025_0044_0044.jpg 1 39 25 44 44
0054_0032_0008_0048_0048.jpg 1 32 8 48 48
0055_0012_0031_0064_0064.jpg 1 12 31 64 64
0056_0033_0043_0045_0045.jpg 1 33 43 45 45
0057_0027_0010_0044_0044.jpg 1 27 10 44 44
0058_0055_0014_0032_0032.jpg 1 55 14 32 32
0059_0063_0063_0029_0029.jpg 1 63 63 29 29
0060_0005_0007_0058_0058.jpg 1 5 7 58 58
0061_0011_0008_0063_0063.jpg 1 11 8 63 63
0062_0028_0029_0060_0060.jpg 1 28 29 60 60
0063_0038_0016_0042_0042.jpg 1 38 16 42 42
0064_0022_0006_0059_0059.jpg 1 22 6 59 59
0065_0034_0029_0051_0051.jpg 1 34 29 51 51
0066_0027_0061_0025_0025.jpg 1 27 61 25 25
0067_0046_0036_0033_0033.jpg 1 46 36 33 33
0068_0040_0027_0046_0046.jpg 1 40 27 46 46
0069_0032_0019_0061_0061.jpg 1 32 19 61 61
0070_0014_0042_0036_0036.jpg 1 14 42 36 36
0071_0017_0025_0059_0059.jpg 1 17 25 59 59
0072_0009_0019_0060_0060.jpg 1 9 19 60 60
0073_0042_0049_0030_0030.jpg 1 42 49 30 30
0074_0033_0013_0026_0026.jpg 1 33 13 26 26
0075_0033_0042_0051_0051.jpg 1 33 42 51 51
0076_0041_0017_0026_0026.jpg 1 41 17 26 26
0077_0062_0058_0027_0027.jpg 1 62 58 27 27
0078_0008_0028_0050_0050.jpg 1 8 28 50 50
0079_0007_0027_0063_0063.jpg 1 7 27 63 63
0080_0033_0034_0026_0026.jpg 1 33 34 26 26
0081_0008_0034_0034_0034.jpg 1 8 34 34 34
0082_0036_0039_0050_0050.jpg 1 36 39 50 50
0083_0025_0031_0065_0065.jpg 1 25 31 65 65
0084_0019_0031_0047_0047.jpg 1 19 31 47 47
0085_0014_0026_0030_0030.jpg 1 14 26 30 30
0086_0026_0033_0061_0061.jpg 1 26 33 61 61
0087_0021_0051_0032_0032.jpg 1 21 51 32 32
0088_0007_0011_0067_0067.jpg 1 7 11 67 67
0089_0017_0016_0068_0068.jpg 1 17 16 68 68
0090_0020_0014_0058_0058.jpg 1 20 14 58 58
0091_0020_0060_0025_0025.jpg 1 20 60 25 25
0092_0029_0025_0044_0044.jpg 1 29 25 44 44
0093_0020_0031_0047_0047.jpg 1 20 31 47 47
0094_0015_0025_0040_0040.jpg 1 15 25 40 40
0095_0030_0047_0046_0046.jpg 1 30 47 46 46
0096_0021_0040_0026_0026.jpg 1 21 40 26 26
0097_0029_0043_0047_0047.jpg 1 29 43 47 47
0098_0012_0012_0049_0049.jpg 1 12 12 49 49
0099_0038_0014_0046_0046.jpg 1 38 14 46 46
0100_0022_0022_0057_0057.jpg 1 22 22 57 57
0101_0030_0010_0056_0056.jpg 1 30 10 56 56
0102_0028_0038_0049_0049.jpg 1 28 38 49 49
0103_0028_0015_0029_0029.jpg 1 28 15 29 29
0104_0031_0031_0064_0064.jpg 1 31 31 64 64
0105_0030_0038_0055_0055.jpg 1 30 38 55 55
0106_0024_0037_0029_0029.jpg 1 24 37 29 29
0107_0027_0019_0067_0067.jpg 1 27 19 67 67
0108_0027_0010_0060_0060.jpg 1 27 10 60 60
0109_0021_0031_0049_0049.jpg 1 21 31 49 49
0110_0014_0031_0061_0061.jpg 1 14 31 61 61
0111_0050_0032_0037_0037.jpg 1 50 32 37 37
0112_0051_0034_0042_0042.jpg 1 51 34 42 42
0113_0047_0019_0032_0032.jpg 1 47 19 32 32
0114_0020_0013_0044_0044.jpg 1 20 13 44 44
0115_0032_0041_0024_0024.jpg 1 32 41 24 24
0116_0022_0059_0024_0024.jpg 1 22 59 24 24
0117_0044_0017_0050_0050.jpg 1 44 17 50 50
0118_0047_0049_0034_0034.jpg 1 47 49 34 34
0119_0023_0049_0038_0038.jpg 1 23 49 38 38
0120_0008_0010_0027_0027.jpg 1 8 10 27 27
0121_0015_0007_0025_0025.jpg 1 15 7 25 25
0122_0019_0040_0054_0054.jpg 1 19 40 54 54
0123_0036_0020_0048_0048.jpg 1 36 20 48 48
0124_0026_0017_0069_0069.jpg 1 26 17 69 69
0125_0059_0053_0032_0032.jpg 1 59 53 32 32
0126_0018_0008_0069_0069.jpg 1 18 8 69 69
0127_0016_0027_0029_0029.jpg 1 16 27 29 29
0128_0029_0048_0041_0041.jpg 1 29 48 41 41
0129_0010_0039_0047_0047.jpg 1 10 39 47 47
0130_0027_0042_0042_0042.jpg 1 27 42 42 42
0131_0028_0023_0028_0028.jpg 1 28 23 28 28
0132_0035_0032_0041_0041.jpg 1 35 32 41 41
0133_0024_0008_0066_0066.jpg 1 24 8 66 66
0134_0022_0026_0057_0057.jpg 1 22 26 57 57
0135_0015_0004_0066_0066.jpg 1 15 4 66 66
0136_0017_0009_0044_0044.jpg 1 17 9 44 44
0137_0035_0008_0029_0029.jpg 1 35 8 29 29
0138_0031_0062_0026_0026.jpg 1 31 62 26 26
0139_0005_0029_0065_0065.jpg 1 5 29 65 65
0140_0011_0037_0054_0054.jpg 1 11 37 54 54
0141_0009_0005_0057_0057.jpg 1 9 5 57 57
0142_0016_0043_0027_0027.jpg 1 16 43 27 27
0143_0034_0031_0051_0051.jpg 1 34 31 51 51
0144_0056_0023_0028_0028.jpg 1 56 23 28 28
0145_0038_0025_0042_0042.jpg 1 38 25 42 42
0146_0025_0009_0067_0067.jpg 1 25 9 67 67
0147_0028_0023_0025_0025.jpg 1 28 23 25 25
0148_0018_0036_0030_0030.jpg 1 18 36 30 30
0149_0019_0055_0033_0033.jpg 1 19 55 33 33
0150_0014_0009_0039_0039.jpg 1 14 9 39 39
0151_0057_0041_0029_0029.jpg 1 57 41 29 29
0152_0031_0016_0041_0041.jpg 1 31 16 41 41
0153_0031_0036_0034_0034.jpg 1 31 36 34 34
0154_0003_0011_0068_0068.jpg 1 3 11 68 68
0155_0040_0030_0047_0047.jpg 1 40 30 47 47
0156_0024_0056_0024_0024.jpg 1 24 56 24 24
0157_0054_0028_0037_0037.jpg 1 54 28 37 37
0158_0016_0032_0035_0035.jpg 1 16 32 35 35
0159_0026_0024_0040_0040.jpg 1 26 24 40 40
0160_0019_0022_0068_0068.jpg 1 19 22 68 68
0161_0048_0017_0043_0043.jpg 1 48 17 43 43
0162_0044_0020_0025_0025.jpg 1 44 20 25 25
0163_0008_0050_0041_0041.jpg 1 8 50 41 41
0164_0025_0035_0049_0049.jpg 1 25 35 49 49
0165_0037_0030_0050_0050.jpg 1 37 30 50 50
0166_0006_0005_0054_0054.jpg 1 6 5 54 54
0167_0026_0034_0043_0043.jpg 1 26 34 43 43
0168_0040_0006_0043_0043.jpg 1 40 6 43 43
0169_0035_0016_0042_0042.jpg 1 35 16 42 42
0170_0023_0026_0034_0034.jpg 1 23 26 34 34
0171_0028_0058_0034_0034.jpg 1 28 58 34 34
0172_0026_0017_0051_0051.jpg 1 26 17 51 51
0173_0006_0006_0064_0064.jpg 1 6 6 64 64
0174_0051_0059_0030_0030.jpg 1 51 59 30 30
0175_0026_0008_0034_0034.jpg 1 26 8 34 34
0176_0020_0046_0027_0027.jpg 1 20 46 27 27
0177_0021_0041_0050_0050.jpg 1 21 41 50 50
0178_0031_0021_0048_0048.jpg 1 31 21 48 48
0179_0051_0054_0033_0033.jpg 1 51 54 33 33
0180_0022_0021_0058_0058.jpg 1 22 21 58 58
0181_0019_0040_0027_0027.jpg 1 19 40 27 27
0182_0024_0040_0053_0053.jpg 1 24 40 53 53
0183_0044_0014_0031_0031.jpg 1 44 14 31 31
0184_0030_0024_0054_0054.jpg 1 30 24 54 54
0185_0040_0008_0044_0044.jpg 1 40 8 44 44
0186_0014_0014_0032_0032.jpg 1 14 14 32 32
0187_0012_0028_0066_0066.jpg 1 12 28 66 66
0188_0027_0028_0067_0067.jpg 1 27 28 67 67
0189_0034_0025_0055_0055.jpg 1 34 25 55 55
0190_0033_0029_0055_0055.jpg 1 33 29 55 55
0191_0041_0033_0026_0026.jpg 1 41 33 26 26
0192_0014_0059_0032_0032.jpg 1 14 59 32 32
0193_0016_0058_0034_0034.jpg 1 16 58 34 34
0194_0037_0038_0027_0027.jpg 1 37 38 27 27
0195_0008_0021_0050_0050.jpg 1 8 21 50 50
0196_0018_0024_0035_0035.jpg 1 18 24 35 35
0197_0042_0046_0040_0040.jpg 1 42 46 40 40
0198_0024_0035_0026_0026.jpg 1 24 35 26 26
0199_0024_0035_0057_0057.jpg 1 24 35 57 57
0200_0008_0037_0056_0056.jpg 1 8 37 56 56
0201_0006_0019_0046_0046.jpg 1 6 19 46 46
0202_0018_0005_0052_0052.jpg 1 18 5 52 52
0203_0014_0020_0065_0065.jpg 1 14 20 65 65
0204_0029_0034_0049_0049.jpg 1 29 34 49 49
0205_0043_0010_0050_0050.jpg 1 43 10 50 50
0206_0008_0027_0069_0069.jpg 1 8 27 69 69
0207_0011_0023_0042_0042.jpg 1 11 23 42 42
0208_0012_0028_0057_0057.jpg 1 12 28 57 57
0209_0021_0008_0052_0052.jpg 1 21 8 52 52
0210_0025_0026_0069_0069.jpg 1 25 26 69 69
0211_0010_0029_0027_0027.jpg 1 10 29 27 27
0212_0032_0011_0042_0042.jpg 1 32 11 42 42
0213_0014_0036_0043_0043.jpg 1 14 36 43 43
0214_0017_0005_0059_0059.jpg 1 17 5 59 59
0215_0019_0009_0046_0046.jpg 1 19 9 46 46
0216_0035_0008_0040_0040.jpg 1 35 8 40 40
0217_0043_0010_0025_0025.jpg 1 43 10 25 25
0218_0036_0025_0025_0025.jpg 1 36 25 25 25
0219_0026_0005_0069_0069.jpg 1 26 5 69 69
0220_0051_0026_0040_0040.jpg 1 51 26 40 40
0221_0015_0019_0067_0067.jpg 1 15 19 67 67
0222_0013_0032_0062_0062.jpg 1 13 32 62 62
0223_0012_0015_0058_0058.jpg 1 12 15 58 58
0224_0065_0033_0024_0024.jpg 1 65 33 24 24
0225_0058_0047_0033_0033.jpg 1 58 47 33 33
0226_0040_0037_0049_0049.jpg 1 40 37 49 49
0227_0040_0062_0024_0024.jpg 1 40 62 24 24
0228_0042_0019_0038_0038.jpg 1 42 19 38 38
0229_0015_0014_0031_0031.jpg 1 15 14 31 31
0230_0035_0013_0034_0034.jpg 1 35 13 34 34
0231_0029_0039_0050_0050.jpg 1 29 39 50 50
0232_0013_0019_0069_0069.jpg 1 13 19 69 69
0233_0020_0032_0051_0051.jpg 1 20 32 51 51
0234_0036_0033_0055_0055.jpg 1 36 33 55 55
0235_0044_0055_0025_0025.jpg 1 44 55 25 25
0236_0012_0027_0065_0065.jpg 1 12 27 65 65
0237_0022_0017_0068_0068.jpg 1 22 17 68 68
0238_0009_0007_0058_0058.jpg 1 9 7 58 58
0239_0023_0025_0069_0069.jpg 1 23 25 69 69
0240_0008_0018_0066_0066.jpg 1 8 18 66 66
0241_0008_0015_0041_0041.jpg 1 8 15 41 41
0242_0027_0022_0031_0031.jpg 1 27 22 31 31
0243_0033_0021_0057_0057.jpg 1 33 21 57 57
0244_0008_0041_0041_0041.jpg 1 8 41 41 41
0245_0017_0022_0067_0067.jpg 1 17 22 67 67
0246_0011_0020_0069_0069.jpg 1 11 20 69 69
0247_0031_0038_0043_0043.jpg 1 31 38 43 43
0248_0046_0059_0033_0033.jpg 1 46 59 33 33
0249_0033_0029_0052_0052.jpg 1 33 29 52 52
0250_0022_0044_0034_0034.jpg 1 22 44 34 34
0251_0031_0038_0049_0049.jpg 1 31 38 49 49
0252_0007_0034_0047_0047.jpg 1 7 34 47 47
0253_0006_0021_0053_0053.jpg 1 6 21 53 53
0254_0048_0048_0046_0046.jpg 1 48 48 46 46
0255_0040_0022_0040_0040.jpg 1 40 22 40 40
0256_0022_0033_0053_0053.jpg 1 22 33 53 53
0257_0026_0034_0028_0028.jpg 1 26 34 28 28
0258_0034_0008_0048_0048.jpg 1 34 8 48 48
0259_0048_0015_0035_0035.jpg 1 48 15 35 35
0260_0033_0041_0046_0046.jpg 1 33 41 46 46
0261_0040_0011_0054_0054.jpg 1 40 11 54 54
0262_0008_0030_0066_0066.jpg 1 8 30 66 66
0263_0029_0022_0039_0039.jpg 1 29 22 39 39
0264_0038_0031_0051_0051.jpg 1 38 31 51 51
0265_0045_0017_0047_0047.jpg 1 45 17 47 47
0266_0032_0013_0047_0047.jpg 1 32 13 47 47
0267_0041_0051_0033_0033.jpg 1 41 51 33 33
0268_0022_0034_0044_0044.jpg 1 22 34 44 44
0269_0034_0010_0060_0060.jpg 1 34 10 60 60
0270_0016_0037_0045_0045.jpg 1 16 37 45 45
0271_0020_0035_0059_0059.jpg 1 20 35 59 59
0272_0036_0032_0031_0031.jpg 1 36 32 31 31
0273_0029_0005_0056_0056.jpg 1 29 5 56 56
0274_0011_0029_0053_0053.jpg 1 11 29 53 53
0275_0033_0033_0052_0052.jpg 1 33 33 52 52
0276_0006_0018_0060_0060.jpg 1 6 18 60 60
0277_0055_0022_0034_0034.jpg 1 55 22 34 34
0278_0029_0034_0055_0055.jpg 1 29 34 55 55
0279_0047_0037_0033_0033.jpg 1 47 37 33 33
0280_0012_0031_0057_0057.jpg 1 12 31 57 57
0281_0036_0008_0036_0036.jpg 1 36 8 36 36
0282_0012_0038_0049_0049.jpg 1 12 38 49 49
0283_0023_0013_0046_0046.jpg 1 23 13 46 46
0284_0033_0015_0051_0051.jpg 1 33 15 51 51
0285_0013_0009_0051_0051.jpg 1 13 9 51 51
0286_0022_0011_0034_0034.jpg 1 22 11 34 34
0287_0047_0015_0039_0039.jpg 1 47 15 39 39
0288_0034_0041_0052_0052.jpg 1 34 41 52 52
0289_0014_0022_0067_0067.jpg 1 14 22 67 67
0290_0038_0017_0054_0054.jpg 1 38 17 54 54
0291_0039_0053_0036_0036.jpg 1 39 53 36 36
0292_0014_0055_0027_0027.jpg 1 14 55 27 27
0293_0023_0044_0032_0032.jpg 1 23 44 32 32
0294_0007_0026_0066_0066.jpg 1 7 26 66 66
0295_0022_0010_0068_0068.jpg 1 22 10 68 68
0296_0010_0030_0051_0051.jpg 1 10 30 51 51
0297_0004_0020_0059_0059.jpg 1 4 20 59 59
0298_0051_0008_0034_0034.jpg 1 51 8 34 34
0299_0008_0014_0067_0067.jpg 1 8 14 67 67
0300_0064_0051_0027_0027.jpg 1 64 51 27 27
0301_0009_0009_0062_0062.jpg 1 9 9 62 62
0302_0007_0016_0054_0054.jpg 1 7 16 54 54
0303_0021_0012_0069_0069.jpg 1 21 12 69 69
0304_0060_0045_0028_0028.jpg 1 60 45 28 28
0305_0025_0038_0054_0054.jpg 1 25 38 54 54
0306_0026_0016_0064_0064.jpg 1 26 16 64 64
0307_0033_0013_0049_0049.jpg 1 33 13 49 49
0308_0032_0024_0058_0058.jpg 1 32 24 58 58
0309_0022_0020_0069_0069.jpg 1 22 20 69 69
0310_0015_0009_0060_0060.jpg 1 15 9 60 60
0311_0038_0018_0056_0056.jpg 1 38 18 56 56
0312_0019_0027_0044_0044.jpg 1 19 27 44 44
0313_0023_0024_0035_0035.jpg 1 23 24 35 35
0314_0005_0033_0052_0052.jpg 1 5 33 52 52
0315_0017_0033_0045_0045.jpg 1 17 33 45 45
0316_0053_0006_0039_0039.jpg 1 53 6 39 39
0317_0017_0020_0069_0069.jpg 1 17 20 69 69
0318_0039_0038_0034_0034.jpg 1 39 38 34 34
0319_0009_0004_0069_0069.jpg 1 9 4 69 69
0320_0016_0034_0048_0048.jpg 1 16 34 48 48
0321_0052_0034_0039_0039.jpg 1 52 34 39 39
0322_0005_0040_0046_0046.jpg 1 5 40 46 46
0323_0006_0008_0054_0054.jpg 1 6 8 54 54
0324_0055_0041_0026_0026.jpg 1 55 41 26 26
0325_0027_0020_0064_0064.jpg 1 27 20 64 64
0326_0044_0038_0034_0034.jpg 1 44 38 34 34
0327_0038_0014_0051_0051.jpg 1 38 14 51 51
0328_0026_0029_0044_0044.jpg 1 26 29 44 44
0329_0032_0041_0050_0050.jpg 1 32 41 50 50
0330_0044_0029_0046_0046.jpg 1 44 29 46 46
0331_0035_0039_0038_0038.jpg 1 35 39 38 38
0332_0018_0039_0039_0039.jpg 1 18 39 39 39
0333_0020_0018_0044_0044.jpg 1 20 18 44 44
0334_0016_0028_0059_0059.jpg 1 16 28 59 59
0335_0041_0047_0042_0042.jpg 1 41 47 42 42
0336_0050_0026_0038_0038.jpg 1 50 26 38 38
0337_0019_0016_0056_0056.jpg 1 19 16 56 56
0338_0031_0020_0065_0065.jpg 1 31 20 65 65
0339_0019_0019_0067_0067.jpg 1 19 19 67 67
0340_0043_0047_0027_0027.jpg 1 43 47 27 27
0341_0038_0005_0046_0046.jpg 1 38 5 46 46
0342_0009_0034_0056_0056.jpg 1 9 34 56 56
0343_0051_0037_0034_0034.jpg 1 51 37 34 34
0344_0024_0017_0066_0066.jpg 1 24 17 66 66
0345_0036_0011_0043_0043.jpg 1 36 11 43 43
0346_0043_0050_0039_0039.jpg 1 43 50 39 39
0347_0034_0020_0057_0057.jpg 1 34 20 57 57
0348_0021_0014_0033_0033.jpg 1 21 14 33 33
0349_0031_0022_0055_0055.jpg 1 31 22 55 55
0350_0034_0032_0056_0056.jpg 1 34 32 56 56
0351_0063_0061_0027_0027.jpg 1 63 61 27 27
0352_0009_0013_0065_0065.jpg 1 9 13 65 65
0353_0021_0006_0055_0055.jpg 1 21 6 55 55
0354_0012_0007_0054_0054.jpg 1 12 7 54 54
0355_0006_0029_0066_0066.jpg 1 6 29 66 66
0356_0011_0025_0057_0057.jpg 1 11 25 57 57
0357_0004_0008_0064_0064.jpg 1 4 8 64 64
0358_0063_0017_0027_0027.jpg 1 63 17 27 27
0359_0004_0013_0057_0057.jpg 1 4 13 57 57
0360_0030_0008_0066_0066.jpg 1 30 8 66 66
0361_0051_0016_0024_0024.jpg 1 51 16 24 24
0362_0066_0014_0025_0025.jpg 1 66 14 25 25
0363_0010_0019_0026_0026.jpg 1 10 19 26 26
0364_0046_0010_0039_0039.jpg 1 46 10 39 39
0365_0003_0005_0066_0066.jpg 1 3 5 66 66
0366_0013_0059_0024_0024.jpg 1 13 59 24 24
0367_0028_0011_0067_0067.jpg 1 28 11 67 67
0368_0034_0044_0041_0041.jpg 1 34 44 41 41
0369_0035_0031_0059_0059.jpg 1 35 31 59 59
0370_0008_0022_0066_0066.jpg 1 8 22 66 66
0371_0012_0025_0046_0046.jpg 1 12 25 46 46
0372_0030_0007_0052_0052.jpg 1 30 7 52 52
0373_0012_0035_0047_0047.jpg 1 12 35 47 47
0374_0029_0030_0047_0047.jpg 1 29 30 47 47
0375_0035_0009_0055_0055.jpg 1 35 9 55 55
0376_0020_0043_0035_0035.jpg 1 20 43 35 35
0377_0039_0015_0025_0025.jpg 1 39 15 25 25
0378_0017_0054_0035_0035.jpg 1 17 54 35 35
0379_0028_0027_0056_0056.jpg 1 28 27 56 56
0380_0037_0017_0057_0057.jpg 1 37 17 57 57
0381_0024_0021_0045_0045.jpg 1 24 21 45 45
0382_0007_0027_0068_0068.jpg 1 7 27 68 68
0383_0028_0029_0062_0062.jpg 1 28 29 62 62
0384_0012_0009_0063_0063.jpg 1 12 9 63 63
0385_0006_0040_0046_0046.jpg 1 6 40 46 46
0386_0037_0048_0044_0044.jpg 1 37 48 44 44
0387_0005_0012_0066_0066.jpg 1 5 12 66 66
0388_0029_0026_0025_0025.jpg 1 29 26 25 25
0389_0028_0041_0042_0042.jpg 1 28 41 42 42
0390_0041_0037_0029_0029.jpg 1 41 37 29 29
0391_0030_0052_0041_0041.jpg 1 30 52 41 41
0392_0038_0035_0046_0046.jpg 1 38 35 46 46
0393_0008_0036_0059_0059.jpg 1 8 36 59 59
0394_0038_0020_0057_0057.jpg 1 38 20 57 57
0395_0027_0004_0062_0062.jpg 1 27 4 62 62
0396_0009_0029_0042_0042.jpg 1 9 29 42 42
0397_0023_0016_0067_0067.jpg 1 23 16 67 67
0398_0040_0033_0045_0045.jpg 1 40 33 45 45
0399_0027_0020_0043_0043.jpg 1 27 20 43 43
0400_0018_0025_0055_0055.jpg 1 18 25 55 55
0401_0018_0006_0052_0052.jpg 1 18 6 52 52
0402_0051_0049_0028_0028.jpg 1 51 49 28 28
0403_0032_0010_0034_0034.jpg 1 32 10 34 34
0404_0005_0013_0069_0069.jpg 1 5 13 69 69
0405_0020_0019_0044_0044.jpg 1 20 19 44 44
0406_0013_0006_0050_0050.jpg 1 13 6 50 50
0407_0043_0061_0027_0027.jpg 1 43 61 27 27
0408_0047_0048_0038_0038.jpg 1 47 48 38 38
0409_0024_0013_0052_0052.jpg 1 24 13 52 52
0410_0021_0018_0063_0063.jpg 1 21 18 63 63
0411_0015_0008_0037_0037.jpg 1 15 8 37 37
0412_0004_0021_0063_0063.jpg 1 4 21 63 63
0413_0035_0006_0048_0048.jpg 1 35 6 48 48
0414_0037_0034_0036_0036.jpg 1 37 34 36 36
0415_0005_0015_0042_0042.jpg 1 5 15 42 42
0416_0023_0028_0066_0066.jpg 1 23 28 66 66
0417_0053_0031_0024_0024.jpg 1 53 31 24 24
0418_0018_0010_0051_0051.jpg 1 18 10 51 51
0419_0008_0038_0043_0043.jpg 1 8 38 43 43
0420_0023_0006_0041_0041.jpg 1 23 6 41 41
0421_0036_0013_0036_0036.jpg 1 36 13 36 36
0422_0015_0016_0045_0045.jpg 1 15 16 45 45
0423_0061_0062_0028_0028.jpg 1 61 62 28 28
0424_0021_0016_0051_0051.jpg 1 21 16 51 51
0425_0009_0012_0050_0050.jpg 1 9 12 50 50
0426_0032_0005_0054_0054.jpg 1 32 5 54 54
0427_0021_0025_0059_0059.jpg 1 21 25 59 59
0428_0016_0022_0067_0067.jpg 1 16 22 67 67
0429_0052_0048_0029_0029.jpg 1 52 48 29 29
0430_0017_0026_0067_0067.jpg 1 17 26 67 67
0431_0045_0020_0045_0045.jpg 1 45 20 45 45
0432_0025_0019_0067_0067.jpg 1 25 19 67 67
0433_0004_0010_0060_0060.jpg 1 4 10 60 60
0434_0005_0022_0064_0064.jpg 1 5 22 64 64
0435_0034_0014_0056_0056.jpg 1 34 14 56 56
0436_0048_0036_0038_0038.jpg 1 48 36 38 38
0437_0016_0010_0060_0060.jpg 1 16 10 60 60
0438_0040_0038_0032_0032.jpg 1 40 38 32 32
0439_0010_0025_0062_0062.jpg 1 10 25 62 62
0440_0021_0026_0030_0030.jpg 1 21 26 30 30
0441_0020_0016_0032_0032.jpg 1 20 16 32 32
0442_0011_0041_0049_0049.jpg 1 11 41 49 49
0443_0045_0032_0034_0034.jpg 1 45 32 34 34
0444_0005_0005_0048_0048.jpg 1 5 5 48 48
0445_0040_0034_0028_0028.jpg 1 40 34 28 28
0446_0030_0007_0043_0043.jpg 1 30 7 43 43
0447_0011_0033_0060_0060.jpg 1 11 33 60 60
0448_0013_0023_0064_0064.jpg 1 13 23 64 64
0449_0052_0033_0024_0024.jpg 1 52 33 24 24
0450_0021_0005_0069_0069.jpg 1 21 5 69 69
0451_0028_0016_0063_0063.jpg 1 28 16 63 63
0452_0040_0008_0053_0053.jpg 1 40 8 53 53
0453_0009_0018_0051_0051.jpg 1 9 18 51 51
0454_0045_0042_0028_0028.jpg 1 45 42 28 28
0455_0030_0021_0034_0034.jpg 1 30 21 34 34
0456_0031_0021_0063_0063.jpg 1 31 21 63 63
0457_0046_0018_0031_0031.jpg 1 46 18 31 31
0458_0021_0035_0027_0027.jpg 1 21 35 27 27
0459_0027_0023_0058_0058.jpg 1 27 23 58 58
0460_0012_0032_0047_0047.jpg 1 12 32 47 47
0461_0050_0021_0033_0033.jpg 1 50 21 33 33
0462_0003_0014_0069_0069.jpg 1 3 14 69 69
0463_0037_0040_0046_0046.jpg 1 37 40 46 46
0464_0013_0022_0046_0046.jpg 1 13 22 46 46
0465_0059_0047_0030_0030.jpg 1 59 47 30 30
0466_0053_0031_0039_0039.jpg 1 53 31 39 39
0467_0009_0013_0065_0065.jpg 1 9 13 65 65
0468_0059_0057_0034_0034.jpg 1 59 57 34 34
0469_0014_0014_0046_0046.jpg 1 14 14 46 46
0470_0026_0011_0058_0058.jpg 1 26 11 58 58
0471_0019_0021_0042_0042.jpg 1 19 21 42 42
0472_0006_0010_0061_0061.jpg 1 6 10 61 61
0473_0008_0025_0025_0025.jpg 1 8 25 25 25
0474_0020_0009_0051_0051.jpg 1 20 9 51 51
0475_0034_0005_0054_0054.jpg 1 34 5 54 54
0476_0062_0016_0030_0030.jpg 1 62 16 30 30
0477_0015_0014_0055_0055.jpg 1 15 14 55 55
0478_0016_0029_0060_0060.jpg 1 16 29 60 60
0479_0029_0009_0051_0051.jpg 1 29 9 51 51
0480_0017_0034_0050_0050.jpg 1 17 34 50 50
0481_0049_0034_0033_0033.jpg 1 49 34 33 33
0482_0054_0031_0035_0035.jpg 1 54 31 35 35
0483_0014_0008_0039_0039.jpg 1 14 8 39 39
0484_0027_0010_0062_0062.jpg 1 27 10 62 62
0485_0039_0053_0040_0040.jpg 1 39 53 40 40
0486_0053_0018_0030_0030.jpg 1 53 18 30 30
0487_0024_0032_0056_0056.jpg 1 24 32 56 56
0488_0016_0018_0047_0047.jpg 1 16 18 47 47
0489_0033_0012_0053_0053.jpg 1 33 12 53 53
0490_0043_0023_0045_0045.jpg 1 43 23 45 45
0491_0009_0007_0033_0033.jpg 1 9 7 33 33
0492_0048_0032_0034_0034.jpg 1 48 32 34 34
0493_0026_0038_0031_0031.jpg 1 26 38 31 31
0494_0030_0016_0048_0048.jpg 1 30 16 48 48
0495_0021_0042_0028_0028.jpg 1 21 42 28 28
0496_0063_0023_0029_0029.jpg 1 63 23 29 29
0497_0031_0012_0048_0048.jpg 1 31 12 48 48
0498_0007_0017_0068_0068.jpg 1 7 17 68 68
0499_0052_0010_0032_0032.jpg 1 52 10 32 32
0500_0008_0008_0040_0040.jpg 1 8 8 40 40
0501_0014_0031_0026_0026.jpg 1 14 31 26 26
0502_0022_0009_0051_0051.jpg 1 22 9 51 51
0503_0051_0022_0026_0026.jpg 1 51 22 26 26
0504_0005_0016_0053_0053.jpg 1 5 16 53 53
0505_0040_0008_0029_0029.jpg 1 40 8 29 29
0506_0016_0014_0030_0030.jpg 1 16 14 30 30
0507_0030_0010_0050_0050.jpg 1 30 10 50 50
0508_0026_0043_0038_0038.jpg 1 26 43 38 38
0509_0020_0008_0064_0064.jpg 1 20 8 64 64
0510_0024_0054_0024_0024.jpg 1 24 54 24 24
0511_0033_0022_0048_0048.jpg 1 33 22 48 48
0512_0034_0032_0042_0042.jpg 1 34 32 42 42
0513_0030_0038_0025_0025.jpg 1 30 38 25 25
0514_0018_0010_0035_0035.jpg 1 18 10 35 35
0515_0027_0011_0046_0046.jpg 1 27 11 46 46
0516_0026_0040_0047_0047.jpg 1 26 40 47 47
0517_0014_0019_0065_0065.jpg 1 14 19 65 65
0518_0031_0031_0049_0049.jpg 1 31 31 49 49
0519_0021_0020_0031_0031.jpg 1 21 20 31 31
0520_0037_0009_0040_0040.jpg 1 37 9 40 40
0521_0004_0027_0057_0057.jpg 1 4 27 57 57
0522_0032_0010_0059_0059.jpg 1 32 10 59 59
0523_0041_0031_0048_0048.jpg 1 41 31 48 48
0524_0010_0054_0028_0028.jpg 1 10 54 28 28
0525_0050_0044_0043_0043.jpg 1 50 44 43 43
0526_0012_0055_0027_0027.jpg 1 12 55 27 27
0527_0012_0046_0035_0035.jpg 1 12 46 35 35
0528_0009_0023_0059_0059.jpg 1 9 23 59 59
0529_0019_0020_0037_0037.jpg 1 19 20 37 37
0530_0028_0055_0037_0037.jpg 1 28 55 37 37
0531_0022_0006_0065_0065.jpg 1 22 6 65 65
0532_0032_0043_0047_0047.jpg 1 32 43 47 47
0533_0009_0043_0040_0040.jpg 1 9 43 40 40
0534_0016_0035_0034_0034.jpg 1 16 35 34 34
0535_0015_0052_0041_0041.jpg 1 15 52 41 41
0536_0005_0030_0064_0064.jpg 1 5 30 64 64
0537_0041_0053_0040_0040.jpg 1 41 53 40 40
0538_0005_0015_0066_0066.jpg 1 5 15 66 66
0539_0008_0051_0024_0024.jpg 1 8 51 24 24
0540_0012_0031_0048_0048.jpg 1 12 31 48 48
0541_0019_0008_0041_0041.jpg 1 19 8 41 41
0542_0015_0013_0044_0044.jpg 1 15 13 44 44
0543_0011_0014_0045_0045.jpg 1 11 14 45 45
0544_0015_0022_0053_0053.jpg 1 15 22 53 53
0545_0011_0023_0062_0062.jpg 1 11 23 62 62
0546_0060_0039_0025_0025.jpg 1 60 39 25 25
0547_0017_0018_0069_0069.jpg 1 17 18 69 69
0548_0035_0011_0055_0055.jpg 1 35 11 55 55
0549_0041_0034_0042_0042.jpg 1 41 34 42 42
0550_0021_0051_0040_0040.jpg 1 21 51 40 40
0551_0023_0019_0057_0057.jpg 1 23 19 57 57
0552_0040_0007_0046_0046.jpg 1 40 7 46 46
0553_0043_0039_0037_0037.jpg 1 43 39 37 37
0554_0016_0026_0034_0034.jpg 1 16 26 34 34
0555_0028_0063_0024_0024.jpg 1 28 63 24 24
0556_0009_0020_0063_0063.jpg 1 9 20 63 63
0557_0037_0029_0037_0037.jpg 1 37 29 37 37
0558_0030_0008_0066_0066.jpg 1 30 8 66 66
0559_0020_0010_0065_0065.jpg 1 20 10 65 65
0560_0018_0043_0041_0041.jpg 1 18 43 41 41
0561_0045_0052_0039_0039.jpg 1 45 52 39 39
0562_0053_0049_0035_0035.jpg 1 53 49 35 35
0563_0015_0028_0051_0051.jpg 1 15 28 51 51
0564_0021_0028_0063_0063.jpg 1 21 28 63 63
0565_0045_0044_0049_0049.jpg 1 45 44 49 49
0566_0030_0035_0044_0044.jpg 1 30 35 44 44
0567_0019_0038_0050_0050.jpg 1 19 38 50 50
0568_0043_0007_0038_0038.jpg 1 43 7 38 38
0569_0007_0032_0058_0058.jpg 1 7 32 58 58
0570_0024_0007_0064_0064.jpg 1 24 7 64 64
0571_0057_0019_0028_0028.jpg 1 57 19 28 28
0572_0042_0006_0049_0049.jpg 1 42 6 49 49
0573_0030_0011_0060_0060.jpg 1 30 11 60 60
0574_0050_0043_0034_0034.jpg 1 50 43 34 34
0575_0008_0008_0047_0047.jpg 1 8 8 47 47
0576_0008_0036_0052_0052.jpg 1 8 36 52 52
0577_0038_0035_0037_0037.jpg 1 38 35 37 37
0578_0009_0009_0047_0047.jpg 1 9 9 47 47
0579_0003_0004_0064_0064.jpg 1 3 4 64 64
0580_0035_0046_0044_0044.jpg 1 35 46 44 44
0581_0034_0038_0032_0032.jpg 1 34 38 32 32
0582_0034_0039_0024_0024.jpg 1 34 39 24 24
0583_0041_0040_0036_0036.jpg 1 41 40 36 36
0584_0021_0031_0055_0055.jpg 1 21 31 55 55
0585_0040_0033_0037_0037.jpg 1 40 33 37 37
0586_0023_0034_0034_0034.jpg 1 23 34 34 34
0587_0026_0018_0065_0065.jpg 1 26 18 65 65
0588_0013_0040_0050_0050.jpg 1 13 40 50 50
0589_0032_0028_0059_0059.jpg 1 32 28 59 59
0590_0038_0049_0035_0035.jpg 1 38 49 35 35
0591_0024_0011_0046_0046.jpg 1 24 11 46 46
0592_0013_0017_0056_0056.jpg 1 13 17 56 56
0593_0040_0013_0044_0044.jpg 1 40 13 44 44
0594_0018_0007_0056_0056.jpg 1 18 7 56 56
0595_0047_0028_0034_0034.jpg 1 47 28 34 34
0596_0024_0049_0040_0040.jpg 1 24 49 40 40
0597_0045_0028_0043_0043.jpg 1 45 28 43 43
0598_0008_0008_0063_0063.jpg 1 8 8 63 63
0599_0025_0026_0060_0060.jpg 1 25 26 60 60
0600_0019_0023_0063_0063.jpg 1 19 23 63 63
0601_0011_0032_0063_0063.jpg 1 11 32 63 63
0602_0017_0012_0067_0067.jpg 1 17 12 67 67
0603_0012_0040_0028_0028.jpg 1 12 40 28 28
0604_0024_0042_0025_0025.jpg 1 24 42 25 25
0605_0031_0014_0039_0039.jpg 1 31 14 39 39
0606_0013_0029_0065_0065.jpg 1 13 29 65 65
0607_0042_0043_0026_0026.jpg 1 42 43 26 26
0608_0008_0039_0034_0034.jpg 1 8 39 34 34
0609_0024_0015_0069_0069.jpg 1 24 15 69 69
0610_0017_0013_0066_0066.jpg 1 17 13 66 66
0611_0027_0030_0026_0026.jpg 1 27 30 26 26
0612_0012_0029_0064_0064.jpg 1 12 29 64 64
0613_0020_0022_0054_0054.jpg 1 20 22 54 54
0614_0018_0022_0069_0069.jpg 1 18 22 69 69
0615_0042_0057_0028_0028.jpg 1 42 57 28 28
0616_0059_0054_0024_0024.jpg 1 59 54 24 24
0617_0017_0037_0056_0056.jpg 1 17 37 56 56
0618_0027_0016_0069_0069.jpg 1 27 16 69 69
0619_0055_0059_0032_0032.jpg 1 55 59 32 32
0620_0046_0007_0046_0046.jpg 1 46 7 46 46
0621_0006_0025_0059_0059.jpg 1 6 25 59 59
0622_0003_0003_0064_0064.jpg 1 3 3 64 64
0623_0013_0020_0030_0030.jpg 1 13 20 30 30
0624_0032_0047_0043_0043.jpg 1 32 47 43 43
0625_0018_0006_0055_0055.jpg 1 18 6 55 55
0626_0029_0024_0048_0048.jpg 1 29 24 48 48
0627_0010_0043_0047_0047.jpg 1 10 43 47 47
0628_0030_0020_0060_0060.jpg 1 30 20 60 60
0629_0051_0028_0034_0034.jpg 1 51 28 34 34
0630_0063_0061_0029_0029.jpg 1 63 61 29 29
0631_0015_0027_0066_0066.jpg 1 15 27 66 66
0632_0028_0010_0040_0040.jpg 1 28 10 40 40
0633_0017_0030_0044_0044.jpg 1 17 30 44 44
0634_0030_0036_0034_0034.jpg 1 30 36 34 34
0635_0007_0008_0043_0043.jpg 1 7 8 43 43
0636_0012_0014_0050_0050.jpg 1 12 14 50 50
0637_0036_0056_0037_0037.jpg 1 36 56 37 37
0638_0051_0056_0033_0033.jpg 1 51 56 33 33
0639_0030_0040_0037_0037.jpg 1 30 40 37 37
0640_0042_0030_0036_0036.jpg 1 42 30 36 36
0641_0051_0039_0025_0025.jpg 1 51 39 25 25
0642_0025_0013_0063_0063.jpg 1 25 13 63 63
0643_0036_0025_0032_0032.jpg 1 36 25 32 32
0644_0018_0008_0068_0068.jpg 1 18 8 68 68
0645_0017_0010_0024_0024.jpg 1 17 10 24 24
0646_0022_0010_0050_0050.jpg 1 22 10 50 50
0647_0021_0027_0046_0046.jpg 1 21 27 46 46
0648_0024_0033_0049_0049.jpg 1 24 33 49 49
0649_0045_0018_0047_0047.jpg 1 45 18 47 47
0650_0006_0007_0049_0049.jpg 1 6 7 49 49
0651_0034_0028_0044_0044.jpg 1 34 28 44 44
0652_0038_0019_0028_0028.jpg 1 38 19 28 28
0653_0036_0037_0054_0054.jpg 1 36 37 54 54
0654_0020_0041_0029_0029.jpg 1 20 41 29 29
0655_0015_0009_0056_0056.jpg 1 15 9 56 56
0656_0043_0043_0047_0047.jpg 1 43 43 47 47
0657_0024_0018_0034_0034.jpg 1 24 18 34 34
0658_0041_0032_0049_0049.jpg 1 41 32 49 49
0659_0013_0022_0060_0060.jpg 1 13 22 60 60
0660_0015_0009_0061_0061.jpg 1 15 9 61 61
0661_0015_0025_0053_0053.jpg 1 15 25 53 53
0662_0023_0022_0039_0039.jpg 1 23 22 39 39
0663_0042_0039_0029_0029.jpg 1 42 39 29 29
0664_0020_0032_0051_0051.jpg 1 20 32 51 51
0665_0043_0037_0051_0051.jpg 1 43 37 51 51
0666_0037_0043_0043_0043.jpg 1 37 43 43 43
0667_0009_0029_0063_0063.jpg 1 9 29 63 63
0668_0033_0026_0052_0052.jpg 1 33 26 52 52
0669_0035_0020_0056_0056.jpg 1 35 20 56 56
0670_0032_0046_0046_0046.jpg 1 32 46 46 46
0671_0035_0043_0044_0044.jpg 1 35 43 44 44
0672_0009_0010_0060_0060.jpg 1 9 10 60 60
0673_0023_0027_0063_0063.jpg 1 23 27 63 63
0674_0033_0017_0055_0055.jpg 1 33 17 55 55
0675_0060_0022_0030_0030.jpg 1 60 22 30 30
0676_0048_0036_0042_0042.jpg 1 48 36 42 42
0677_0041_0039_0042_0042.jpg 1 41 39 42 42
0678_0017_0024_0069_0069.jpg 1 17 24 69 69
0679_0045_0033_0045_0045.jpg 1 45 33 45 45
0680_0014_0020_0025_0025.jpg 1 14 20 25 25
0681_0012_0012_0053_0053.jpg 1 12 12 53 53
0682_0034_0030_0041_0041.jpg 1 34 30 41 41
0683_0022_0030_0029_0029.jpg 1 22 30 29 29
0684_0024_0031_0036_0036.jpg 1 24 31 36 36
0685_0008_0033_0046_0046.jpg 1 8 33 46 46
0686_0030_0048_0033_0033.jpg 1 30 48 33 33
0687_0016_0007_0057_0057.jpg 1 16 7 57 57
0688_0032_0044_0038_0038.jpg 1 32 44 38 38
0689_0021_0022_0067_0067.jpg 1 21 22 67 67
0690_0054_0051_0029_0029.jpg 1 54 51 29 29
0691_0018_0027_0050_0050.jpg 1 18 27 50 50
0692_0012_0016_0056_0056.jpg 1 12 16 56 56
0693_0028_0025_0059_0059.jpg 1 28 25 59 59
0694_0055_0045_0037_0037.jpg 1 55 45 37 37
0695_0047_0046_0032_0032.jpg 1 47 46 32 32
0696_0019_0034_0057_0057.jpg 1 19 34 57 57
0697_0006_0007_0038_0038.jpg 1 6 7 38 38
0698_0035_0032_0050_0050.jpg 1 35 32 50 50
0699_0036_0045_0031_0031.jpg 1 36 45 31 31
0700_0019_0042_0025_0025.jpg 1 19 42 25 25
0701_0014_0010_0041_0041.jpg 1 14 10 41 41
0702_0016_0025_0029_0029.jpg 1 16 25 29 29
0703_0024_0033_0044_0044.jpg 1 24 33 44 44
0704_0041_0044_0037_0037.jpg 1 41 44 37 37
0705_0060_0008_0027_0027.jpg 1 60 8 27 27
0706_0026_0026_0065_0065.jpg 1 26 26 65 65
0707_0039_0036_0052_0052.jpg 1 39 36 52 52
0708_0017_0042_0050_0050.jpg 1 17 42 50 50
0709_0030_0022_0051_0051.jpg 1 30 22 51 51
0710_0015_0028_0039_0039.jpg 1 15 28 39 39
0711_0026_0050_0029_0029.jpg 1 26 50 29 29
0712_0028_0005_0045_0045.jpg 1 28 5 45 45
0713_0028_0036_0056_0056.jpg 1 28 36 56 56
0714_0014_0027_0046_0046.jpg 1 14 27 46 46
0715_0053_0020_0040_0040.jpg 1 53 20 40 40
0716_0019_0021_0024_0024.jpg 1 19 21 24 24
0717_0057_0047_0035_0035.jpg 1 57 47 35 35
0718_0013_0055_0029_0029.jpg 1 13 55 29 29
0719_0054_0031_0031_0031.jpg 1 54 31 31 31
0720_0009_0015_0062_0062.jpg 1 9 15 62 62
0721_0008_0027_0046_0046.jpg 1 8 27 46 46
0722_0029_0032_0043_0043.jpg 1 29 32 43 43
0723_0018_0006_0053_0053.jpg 1 18 6 53 53
0724_0014_0040_0047_0047.jpg 1 14 40 47 47
0725_0013_0011_0036_0036.jpg 1 13 11 36 36
0726_0008_0005_0061_0061.jpg 1 8 5 61 61
0727_0038_0032_0027_0027.jpg 1 38 32 27 27
0728_0005_0005_0052_0052.jpg 1 5 5 52 52
0729_0016_0010_0035_0035.jpg 1 16 10 35 35
0730_0030_0044_0026_0026.jpg 1 30 44 26 26
0731_0035_0011_0048_0048.jpg 1 35 11 48 48
0732_0020_0019_0046_0046.jpg 1 20 19 46 46
0733_0043_0010_0051_0051.jpg 1 43 10 51 51
0734_0031_0032_0039_0039.jpg 1 31 32 39 39
0735_0021_0028_0043_0043.jpg 1 21 28 43 43
0736_0030_0016_0054_0054.jpg 1 30 16 54 54
0737_0040_0049_0037_0037.jpg 1 40 49 37 37
0738_0009_0049_0045_0045.jpg 1 9 49 45 45
0739_0024_0048_0041_0041.jpg 1 24 48 41 41
0740_0033_0035_0032_0032.jpg 1 33 35 32 32
0741_0037_0027_0054_0054.jpg 1 37 27 54 54
0742_0028_0012_0047_0047.jpg 1 28 12 47 47
0743_0037_0021_0055_0055.jpg 1 37 21 55 55
0744_0016_0007_0058_0058.jpg 1 16 7 58 58
0745_0024_0007_0069_0069.jpg 1 24 7 69 69
0746_0038_0051_0039_0039.jpg 1 38 51 39 39
0747_0012_0019_0061_0061.jpg 1 12 19 61 61
0748_0016_0046_0044_0044.jpg 1 16 46 44 44
0749_0015_0015_0039_0039.jpg 1 15 15 39 39
0750_0033_0023_0058_0058.jpg 1 33 23 58 58
0751_0007_0025_0028_0028.jpg 1 7 25 28 28
0752_0019_0007_0065_0065.jpg 1 19 7 65 65
0753_0035_0006_0057_0057.jpg 1 35 6 57 57
0754_0007_0009_0061_0061.jpg 1 7 9 61 61
0755_0025_0012_0069_0069.jpg 1 25 12 69 69
0756_0023_0017_0041_0041.jpg 1 23 17 41 41
0757_0030_0015_0038_0038.jpg 1 30 15 38 38
0758_0031_0032_0037_0037.jpg 1 31 32 37 37
0759_0010_0023_0056_0056.jpg 1 10 23 56 56
0760_0037_0021_0031_0031.jpg 1 37 21 31 31
0761_0046_0057_0030_0030.jpg 1 46 57 30 30
0762_0034_0044_0045_0045.jpg 1 34 44 45 45
0763_0038_0006_0051_0051.jpg 1 38 6 51 51
0764_0004_0014_0066_0066.jpg 1 4 14 66 66
0765_0026_0014_0059_0059.jpg 1 26 14 59 59
0766_0028_0043_0037_0037.jpg 1 28 43 37 37
0767_0035_0038_0049_0049.jpg 1 35 38 49 49
0768_0017_0017_0062_0062.jpg 1 17 17 62 62
0769_0037_0021_0053_0053.jpg 1 37 21 53 53
0770_0025_0021_0031_0031.jpg 1 25 21 31 31
0771_0012_0016_0055_0055.jpg 1 12 16 55 55
0772_0035_0043_0048_0048.jpg 1 35 43 48 48
0773_0025_0032_0062_0062.jpg 1 25 32 62 62
0774_0020_0020_0051_0051.jpg 1 20 20 51 51
0775_0032_0041_0033_0033.jpg 1 32 41 33 33
0776_0020_0042_0049_0049.jpg 1 20 42 49 49
0777_0011_0010_0059_0059.jpg 1 11 10 59 59
0778_0009_0011_0056_0056.jpg 1 9 11 56 56
0779_0046_0051_0034_0034.jpg 1 46 51 34 34
0780_0016_0044_0047_0047.jpg 1 16 44 47 47
0781_0013_0030_0059_0059.jpg 1 13 30 59 59
0782_0043_0015_0035_0035.jpg 1 43 15 35 35
0783_0022_0028_0059_0059.jpg 1 22 28 59 59
0784_0025_0006_0065_0065.jpg 1 25 6 65 65
0785_0034_0017_0028_0028.jpg 1 34 17 28 28
0786_0013_0027_0047_0047.jpg 1 13 27 47 47
0787_0029_0008_0053_0053.jpg 1 29 8 53 53
0788_0015_0021_0039_0039.jpg 1 15 21 39 39
0789_0009_0056_0032_0032.jpg 1 9 56 32 32
0790_0050_0051_0042_0042.jpg 1 50 51 42 42
0791_0019_0029_0055_0055.jpg 1 19 29 55 55
0792_0018_0044_0040_0040.jpg 1 18 44 40 40
0793_0005_0022_0064_0064.jpg 1 5 22 64 64
0794_0007_0015_0067_0067.jpg 1 7 15 67 67
0795_0019_0020_0065_0065.jpg 1 19 20 65 65
0796_0007_0026_0030_0030.jpg 1 7 26 30 30
0797_0015_0005_0066_0066.jpg 1 15 5 66 66
0798_0014_0029_0065_0065.jpg 1 14 29 65 65
0799_0022_0035_0055_0055.jpg 1 22 35 55 55
0800_0020_0044_0039_0039.jpg 1 20 44 39 39
0801_0021_0006_0068_0068.jpg 1 21 6 68 68
0802_0015_0013_0048_0048.jpg 1 15 13 48 48
0803_0029_0012_0046_0046.jpg 1 29 12 46 46
0804_0014_0005_0065_0065.jpg 1 14 5 65 65
0805_0012_0031_0058_0058.jpg 1 12 31 58 58
0806_0020_0021_0060_0060.jpg 1 20 21 60 60
0807_0029_0017_0046_0046.jpg 1 29 17 46 46
0808_0037_0015_0027_0027.jpg 1 37 15 27 27
0809_0059_0044_0034_0034.jpg 1 59 44 34 34
0810_0021_0056_0031_0031.jpg 1 21 56 31 31
0811_0044_0029_0039_0039.jpg 1 44 29 39 39
0812_0009_0037_0025_0025.jpg 1 9 37 25 25
0813_0038_0043_0046_0046.jpg 1 38 43 46 46
0814_0014_0010_0031_0031.jpg 1 14 10 31 31
0815_0021_0009_0045_0045.jpg 1 21 9 45 45
0816_0032_0024_0062_0062.jpg 1 32 24 62 62
0817_0019_0035_0040_0040.jpg 1 19 35 40 40
0818_0035_0035_0059_0059.jpg 1 35 35 59 59
0819_0030_0027_0047_0047.jpg 1 30 27 47 47
0820_0028_0047_0044_0044.jpg 1 28 47 44 44
0821_0033_0030_0026_0026.jpg 1 33 30 26 26
0822_0038_0040_0031_0031.jpg 1 38 40 31 31
0823_0012_0029_0031_0031.jpg 1 12 29 31 31
0824_0033_0035_0057_0057.jpg 1 33 35 57 57
0825_0063_0026_0029_0029.jpg 1 63 26 29 29
0826_0012_0024_0049_0049.jpg 1 12 24 49 49
0827_0015_0043_0037_0037.jpg 1 15 43 37 37
0828_0022_0013_0030_0030.jpg 1 22 13 30 30
0829_0032_0005_0052_0052.jpg 1 32 5 52 52
0830_0014_0013_0062_0062.jpg 1 14 13 62 62
0831_0018_0043_0050_0050.jpg 1 18 43 50 50
0832_0042_0022_0040_0040.jpg 1 42 22 40 40
0833_0013_0039_0046_0046.jpg 1 13 39 46 46
0834_0033_0015_0026_0026.jpg 1 33 15 26 26
0835_0035_0019_0027_0027.jpg 1 35 19 27 27
0836_0058_0042_0032_0032.jpg 1 58 42 32 32
0837_0004_0009_0058_0058.jpg 1 4 9 58 58
0838_0021_0005_0047_0047.jpg 1 21 5 47 47
0839_0038_0030_0045_0045.jpg 1 38 30 45 45
0840_0024_0027_0055_0055.jpg 1 24 27 55 55
0841_0023_0040_0036_0036.jpg 1 23 40 36 36
0842_0046_0011_0036_0036.jpg 1 46 11 36 36
0843_0019_0007_0048_0048.jpg 1 19 7 48 48
0844_0025_0015_0041_0041.jpg 1 25 15 41 41
0845_0058_0065_0027_0027.jpg 1 58 65 27 27
0846_0021_0021_0064_0064.jpg 1 21 21 64 64
0847_0023_0035_0060_0060.jpg 1 23 35 60 60
0848_0026_0027_0068_0068.jpg 1 26 27 68 68
0849_0005_0024_0068_0068.jpg 1 5 24 68 68
0850_0035_0030_0056_0056.jpg 1 35 30 56 56
0851_0027_0031_0060_0060.jpg 1 27 31 60 60
0852_0020_0023_0062_0062.jpg 1 20 23 62 62
0853_0031_0037_0047_0047.jpg 1 31 37 47 47
0854_0013_0021_0058_0058.jpg 1 13 21 58 58
0855_0049_0045_0044_0044.jpg 1 49 45 44 44
0856_0043_0012_0028_0028.jpg 1 43 12 28 28
0857_0050_0023_0039_0039.jpg 1 50 23 39 39
0858_0017_0027_0067_0067.jpg 1 17 27 67 67
0859_0041_0008_0046_0046.jpg 1 41 8 46 46
0860_0053_0022_0039_0039.jpg 1 53 22 39 39
0861_0009_0032_0046_0046.jpg 1 9 32 46 46
0862_0008_0034_0039_0039.jpg 1 8 34 39 39
0863_0015_0037_0046_0046.jpg 1 15 37 46 46
0864_0039_0034_0025_0025.jpg 1 39 34 25 25
0865_0017_0053_0036_0036.jpg 1 17 53 36 36
0866_0025_0021_0045_0045.jpg 1 25 21 45 45
0867_0011_0014_0047_0047.jpg 1 11 14 47 47
0868_0022_0004_0055_0055.jpg 1 22 4 55 55
0869_0037_0021_0046_0046.jpg 1 37 21 46 46
0870_0009_0007_0055_0055.jpg 1 9 7 55 55
0871_0059_0042_0026_0026.jpg 1 59 42 26 26
0872_0020_0024_0068_0068.jpg 1 20 24 68 68
0873_0043_0041_0039_0039.jpg 1 43 41 39 39
0874_0016_0051_0037_0037.jpg 1 16 51 37 37
0875_0017_0017_0064_0064.jpg 1 17 17 64 64
0876_0011_0026_0035_0035.jpg 1 11 26 35 35
0877_0025_0028_0056_0056.jpg 1 25 28 56 56
0878_0045_0023_0033_0033.jpg 1 45 23 33 33
0879_0025_0021_0038_0038.jpg 1 25 21 38 38
0880_0032_0010_0036_0036.jpg 1 32 10 36 36
0881_0051_0005_0042_0042.jpg 1 51 5 42 42
0882_0048_0012_0036_0036.jpg 1 48 12 36 36
0883_0052_0033_0039_0039.jpg 1 52 33 39 39
0884_0011_0028_0061_0061.jpg 1 11 28 61 61
0885_0034_0031_0027_0027.jpg 1 34 31 27 27
0886_0018_0005_0069_0069.jpg 1 18 5 69 69
0887_0014_0060_0026_0026.jpg 1 14 60 26 26
0888_0034_0006_0056_0056.jpg 1 34 6 56 56
0889_0015_0053_0034_0034.jpg 1 15 53 34 34
0890_0046_0020_0043_0043.jpg 1 46 20 43 43
0891_0048_0055_0029_0029.jpg 1 48 55 29 29
0892_0039_0033_0034_0034.jpg 1 39 33 34 34
0893_0011_0017_0053_0053.jpg 1 11 17 53 53
0894_0008_0021_0054_0054.jpg 1 8 21 54 54
0895_0005_0008_0063_0063.jpg 1 5 8 63 63
0896_0041_0039_0052_0052.jpg 1 41 39 52 52
0897_0028_0012_0061_0061.jpg 1 28 12 61 61
0898_0017_0047_0046_0046.jpg 1 17 47 46 46
0899_0006_0012_0063_0063.jpg 1 6 12 63 63
0900_0005_0006_0052_0052.jpg 1 5 6 52 52
0901_0029_0026_0045_0045.jpg 1 29 26 45 45
0902_0019_0035_0053_0053.jpg 1 19 35 53 53
0903_0006_0029_0042_0042.jpg 1 6 29 42 42
0904_0024_0024_0026_0026.jpg 1 24 24 26 26
0905_0006_0010_0048_0048.jpg 1 6 10 48 48
0906_0043_0019_0035_0035.jpg 1 43 19 35 35
0907_0026_0022_0061_0061.jpg 1 26 22 61 61
0908_0065_0020_0024_0024.jpg 1 65 20 24 24
0909_0016_0020_0045_0045.jpg 1 16 20 45 45
0910_0017_0005_0067_0067.jpg 1 17 5 67 67
0911_0018_0046_0033_0033.jpg 1 18 46 33 33
0912_0044_0017_0031_0031.jpg 1 44 17 31 31
0913_0057_0012_0026_0026.jpg 1 57 12 26 26
0914_0029_0023_0054_0054.jpg 1 29 23 54 54
0915_0024_0015_0032_0032.jpg 1 24 15 32 32
0916_0015_0018_0060_0060.jpg 1 15 18 60 60
0917_0015_0020_0053_0053.jpg 1 15 20 53 53
0918_0017_0020_0059_0059.jpg 1 17 20 59 59
0919_0041_0053_0038_0038.jpg 1 41 53 38 38
0920_0019_0032_0026_0026.jpg 1 19 32 26 26
0921_0029_0007_0050_0050.jpg 1 29 7 50 50
0922_0026_0015_0051_0051.jpg 1 26 15 51 51
0923_0011_0005_0057_0057.jpg 1 11 5 57 57
0924_0014_0027_0066_0066.jpg 1 14 27 66 66
0925_0057_0024_0036_0036.jpg 1 57 24 36 36
0926_0020_0041_0047_0047.jpg 1 20 41 47 47
0927_0011_0009_0058_0058.jpg 1 11 9 58 58
0928_0024_0016_0025_0025.jpg 1 24 16 25 25
0929_0019_0031_0026_0026.jpg 1 19 31 26 26
0930_0016_0027_0049_0049.jpg 1 16 27 49 49
0931_0026_0017_0056_0056.jpg 1 26 17 56 56
0932_0035_0019_0058_0058.jpg 1 35 19 58 58
0933_0014_0020_0066_0066.jpg 1 14 20 66 66
0934_0043_0006_0051_0051.jpg 1 43 6 51 51
0935_0008_0023_0038_0038.jpg 1 8 23 38 38
0936_0029_0039_0048_0048.jpg 1 29 39 48 48
0937_0061_0035_0029_0029.jpg 1 61 35 29 29
0938_0037_0016_0052_0052.jpg 1 37 16 52 52
0939_0051_0026_0037_0037.jpg 1 51 26 37 37
0940_0022_0035_0056_0056.jpg 1 22 35 56 56
0941_0024_0034_0052_0052.jpg 1 24 34 52 52
0942_0034_0023_0043_0043.jpg 1 34 23 43 43
0943_0019_0004_0069_0069.jpg 1 19 4 69 69
0944_0012_0033_0051_0051.jpg 1 12 33 51 51
0945_0018_0010_0062_0062.jpg 1 18 10 62 62
0946_0023_0013_0024_0024.jpg 1 23 13 24 24
0947_0039_0012_0050_0050.jpg 1 39 12 50 50
0948_0006_0038_0055_0055.jpg 1 6 38 55 55
0949_0021_0009_0037_0037.jpg 1 21 9 37 37
0950_0008_0042_0052_0052.jpg 1 8 42 52 52
0951_0042_0026_0044_0044.jpg 1 42 26 44 44
0952_0036_0024_0048_0048.jpg 1 36 24 48 48
0953_0024_0029_0036_0036.jpg 1 24 29 36 36
0954_0013_0007_0068_0068.jpg 1 13 7 68 68
0955_0021_0064_0026_0026.jpg 1 21 64 26 26
0956_0038_0065_0024_0024.jpg 1 38 65 24 24
0957_0014_0040_0040_0040.jpg 1 14 40 40 40
0958_0025_0013_0059_0059.jpg 1 25 13 59 59
0959_0044_0044_0025_0025.jpg 1 44 44 25 25
0960_0008_0026_0064_0064.jpg 1 8 26 64 64
0961_0005_0023_0057_0057.jpg 1 5 23 57 57
0962_0008_0031_0060_0060.jpg 1 8 31 60 60
0963_0005_0003_0067_0067.jpg 1 5 3 67 67
0964_0028_0013_0052_0052.jpg 1 28 13 52 52
0965_0005_0020_0069_0069.jpg 1 5 20 69 69
0966_0025_0018_0056_0056.jpg 1 25 18 56 56
0967_0037_0031_0055_0055.jpg 1 37 31 55 55
0968_0047_0031_0042_0042.jpg 1 47 31 42 42
0969_0050_0047_0025_0025.jpg 1 50 47 25 25
0970_0045_0048_0042_0042.jpg 1 45 48 42 42
0971_0020_0005_0063_0063.jpg 1 20 5 63 63
0972_0004_0026_0061_0061.jpg 1 4 26 61 61
0973_0023_0036_0055_0055.jpg 1 23 36 55 55
0974_0011_0027_0041_0041.jpg 1 11 27 41 41
0975_0012_0008_0065_0065.jpg 1 12 8 65 65
0976_0032_0030_0035_0035.jpg 1 32 30 35 35
0977_0061_0038_0027_0027.jpg 1 61 38 27 27
0978_0032_0006_0059_0059.jpg 1 32 6 59 59
0979_0005_0032_0056_0056.jpg 1 5 32 56 56
0980_0028_0035_0028_0028.jpg 1 28 35 28 28
0981_0022_0021_0037_0037.jpg 1 22 21 37 37
0982_0007_0013_0059_0059.jpg 1 7 13 59 59
0983_0025_0005_0054_0054.jpg 1 25 5 54 54
0984_0045_0009_0035_0035.jpg 1 45 9 35 35
0985_0012_0010_0045_0045.jpg 1 12 10 45 45
0986_0033_0044_0033_0033.jpg 1 33 44 33 33
0987_0028_0026_0067_0067.jpg 1 28 26 67 67
0988_0032_0020_0047_0047.jpg 1 32 20 47 47
0989_0052_0043_0033_0033.jpg 1 52 43 33 33
0990_0026_0012_0030_0030.jpg 1 26 12 30 30
0991_0014_0032_0058_0058.jpg 1 14 32 58 58
0992_0007_0030_0045_0045.jpg 1 7 30 45 45
0993_0048_0023_0027_0027.jpg 1 48 23 27 27
0994_0010_0032_0063_0063.jpg 1 10 32 63 63
0995_0036_0026_0049_0049.jpg 1 36 26 49 49
0996_0016_0054_0025_0025.jpg 1 16 54 25 25
0997_0012_0019_0052_0052.jpg 1 12 19 52 52
0998_0020_0058_0027_0027.jpg 1 20 58 27 27
0999_0020_0018_0067_0067.jpg 1 20 18 67 67
1000_0027_0020_0068_0068.jpg 1 27 20 68 68
1001_0026_0010_0061_0061.jpg 1 26 10 61 61
1002_0025_0021_0042_0042.jpg 1 25 21 42 42
1003_0037_0040_0027_0027.jpg 1 37 40 27 27
1004_0022_0026_0069_0069.jpg 1 22 26 69 69
1005_0023_0031_0064_0064.jpg 1 23 31 64 64
1006_0010_0008_0042_0042.jpg 1 10 8 42 42
1007_0015_0022_0058_0058.jpg 1 15 22 58 58
1008_0019_0019_0044_0044.jpg 1 19 19 44 44
1009_0018_0005_0055_0055.jpg 1 18 5 55 55
1010_0038_0038_0025_0025.jpg 1 38 38 25 25
1011_0035_0033_0053_0053.jpg 1 35 33 53 53
1012_0017_0004_0061_0061.jpg 1 17 4 61 61
1013_0012_0057_0031_0031.jpg 1 12 57 31 31
1014_0010_0018_0056_0056.jpg 1 10 18 56 56
1015_0018_0063_0028_0028.jpg 1 18 63 28 28
1016_0046_0026_0044_0044.jpg 1 46 26 44 44
1017_0023_0010_0044_0044.jpg 1 23 10 44 44
1018_0026_0018_0042_0042.jpg 1 26 18 42 42
1019_0032_0010_0040_0040.jpg 1 32 10 40 40
1020_0030_0044_0038_0038.jpg 1 30 44 38 38
1021_0010_0008_0036_0036.jpg 1 10 8 36 36
1022_0018_0018_0062_0062.jpg 1 18 18 62 62
1023_0015_0034_0060_0060.jpg 1 15 34 60 60
1024_0013_0029_0063_0063.jpg 1 13 29 63 63
1025_0019_0029_0043_0043.jpg 1 19 29 43 43
1026_0022_0032_0036_0036.jpg 1 22 32 36 36
1027_0024_0007_0060_0060.jpg 1 24 7 60 60
1028_0042_0032_0051_0051.jpg 1 42 32 51 51
1029_0043_0011_0028_0028.jpg 1 43 11 28 28
1030_0033_0015_0028_0028.jpg 1 33 15 28 28
1031_0042_0052_0028_0028.jpg 1 42 52 28 28
1032_0039_0026_0049_0049.jpg 1 39 26 49 49
1033_0034_0032_0061_0061.jpg 1 34 32 61 61
1034_0023_0018_0057_0057.jpg 1 23 18 57 57
1035_0008_0050_0027_0027.jpg 1 8 50 27 27
1036_0039_0043_0042_0042.jpg 1 39 43 42 42
1037_0005_0022_0063_0063.jpg 1 5 22 63 63
1038_0042_0055_0037_0037.jpg 1 42 55 37 37
1039_0025_0033_0029_0029.jpg 1 25 33 29 29
1040_0009_0018_0058_0058.jpg 1 9 18 58 58
1041_0046_0025_0046_0046.jpg 1 46 25 46 46
1042_0036_0023_0025_0025.jpg 1 36 23 25 25
1043_0027_0005_0066_0066.jpg 1 27 5 66 66
1044_0026_0021_0058_0058.jpg 1 26 21 58 58
1045_0016_0014_0034_0034.jpg 1 16 14 34 34
1046_0059_0017_0031_0031.jpg 1 59 17 31 31
1047_0016_0014_0066_0066.jpg 1 16 14 66 66
1048_0016_0014_0046_0046.jpg 1 16 14 46 46
1049_0036_0046_0048_0048.jpg 1 36 46 48 48
1050_0016_0021_0063_0063.jpg 1 16 21 63 63
1051_0029_0032_0061_0061.jpg 1 29 32 61 61
1052_0012_0038_0055_0055.jpg 1 12 38 55 55
1053_0025_0029_0063_0063.jpg 1 25 29 63 63
1054_0025_0013_0027_0027.jpg 1 25 13 27 27
1055_0015_0055_0029_0029.jpg 1 15 55 29 29
1056_0029_0043_0040_0040.jpg 1 29 43 40 40
1057_0030_0035_0053_0053.jpg 1 30 35 53 53
1058_0011_0023_0067_0067.jpg 1 11 23 67 67
1059_0030_0011_0048_0048.jpg 1 30 11 48 48
1060_0004_0005_0065_0065.jpg 1 4 5 65 65
1061_0033_0025_0025_0025.jpg 1 33 25 25 25
1062_0047_0059_0033_0033.jpg 1 47 59 33 33
1063_0015_0059_0033_0033.jpg 1 15 59 33 33
1064_0009_0023_0060_0060.jpg 1 9 23 60 60
1065_0005_0022_0067_0067.jpg 1 5 22 67 67
1066_0055_0030_0035_0035.jpg 1 55 30 35 35
1067_0006_0006_0065_0065.jpg 1 6 6 65 65
1068_0036_0027_0043_0043.jpg 1 36 27 43 43
1069_0013_0029_0050_0050.jpg 1 13 29 50 50
1070_0006_0011_0061_0061.jpg 1 6 11 61 61
1071_0014_0025_0067_0067.jpg 1 14 25 67 67
1072_0030_0019_0031_0031.jpg 1 30 19 31 31
1073_0053_0046_0035_0035.jpg 1 53 46 35 35
1074_0053_0056_0024_0024.jpg 1 53 56 24 24
1075_0015_0042_0034_0034.jpg 1 15 42 34 34
1076_0007_0013_0045_0045.jpg 1 7 13 45 45
1077_0019_0031_0050_0050.jpg 1 19 31 50 50
1078_0025_0036_0053_0053.jpg 1 25 36 53 53
1079_0009_0017_0030_0030.jpg 1 9 17 30 30
1080_0025_0019_0051_0051.jpg 1 25 19 51 51
1081_0021_0044_0049_0049.jpg 1 21 44 49 49
1082_0024_0044_0050_0050.jpg 1 24 44 50 50
1083_0030_0017_0057_0057.jpg 1 30 17 57 57
1084_0015_0020_0063_0063.jpg 1 15 20 63 63
1085_0023_0021_0039_0039.jpg 1 23 21 39 39
1086_0036_0048_0038_0038.jpg 1 36 48 38 38
1087_0015_0011_0065_0065.jpg 1 15 11 65 65
1088_0013_0007_0039_0039.jpg 1 13 7 39 39
1089_0035_0039_0047_0047.jpg 1 35 39 47 47
1090_0009_0043_0047_0047.jpg 1 9 43 47 47
1091_0014_0044_0044_0044.jpg 1 14 44 44 44
1092_0022_0030_0061_0061.jpg 1 22 30 61 61
1093_0053_0035_0024_0024.jpg 1 53 35 24 24
1094_0019_0022_0069_0069.jpg 1 19 22 69 69
1095_0050_0042_0033_0033.jpg 1 50 42 33 33
1096_0043_0031_0038_0038.jpg 1 43 31 38 38
1097_0007_0032_0044_0044.jpg 1 7 32 44 44
1098_0015_0045_0048_0048.jpg 1 15 45 48 48
1099_0016_0030_0028_0028.jpg 1 16 30 28 28
1100_0058_0012_0024_0024.jpg 1 58 12 24 24
1101_0021_0028_0063_0063.jpg 1 21 28 63 63
1102_0029_0011_0063_0063.jpg 1 29 11 63 63
1103_0049_0019_0024_0024.jpg 1 49 19 24 24
1104_0034_0012_0043_0043.jpg 1 34 12 43 43
1105_0021_0012_0046_0046.jpg 1 21 12 46 46
1106_0005_0027_0054_0054.jpg 1 5 27 54 54
1107_0026_0034_0029_0029.jpg 1 26 34 29 29
1108_0045_0019_0032_0032.jpg 1 45 19 32 32
1109_0036_0050_0033_0033.jpg 1 36 50 33 33
1110_0038_0008_0053_0053.jpg 1 38 8 53 53
1111_0010_0006_0050_0050.jpg 1 10 6 50 50
1112_0031_0033_0059_0059.jpg 1 31 33 59 59
1113_0033_0013_0040_0040.jpg 1 33 13 40 40
1114_0043_0008_0051_0051.jpg 1 43 8 51 51
1115_0008_0014_0068_0068.jpg 1 8 14 68 68
1116_0008_0011_0061_0061.jpg 1 8 11 61 61
1117_0025_0010_0069_0069.jpg 1 25 10 69 69
1118_0007_0013_0044_0044.jpg 1 7 13 44 44
1119_0032_0022_0064_0064.jpg 1 32 22 64 64
1120_0010_0016_0060_0060.jpg 1 10 16 60 60
1121_0015_0054_0037_0037.jpg 1 15 54 37 37
1122_0026_0035_0028_0028.jpg 1 26 35 28 28
1123_0029_0005_0064_0064.jpg 1 29 5 64 64
1124_0018_0021_0030_0030.jpg 1 18 21 30 30
1125_0040_0026_0047_0047.jpg 1 40 26 47 47
1126_0008_0026_0060_0060.jpg 1 8 26 60 60
1127_0019_0015_0042_0042.jpg 1 19 15 42 42
1128_0035_0033_0039_0039.jpg 1 35 33 39 39
1129_0018_0050_0037_0037.jpg 1 18 50 37 37
1130_0008_0011_0067_0067.jpg 1 8 11 67 67
1131_0011_0016_0027_0027.jpg 1 11 16 27 27
1132_0014_0008_0053_0053.jpg 1 14 8 53 53
1133_0021_0038_0041_0041.jpg 1 21 38 41 41
1134_0028_0018_0068_0068.jpg 1 28 18 68 68
1135_0040_0009_0053_0053.jpg 1 40 9 53 53
1136_0012_0010_0043_0043.jpg 1 12 10 43 43
1137_0056_0047_0033_0033.jpg 1 56 47 33 33
1138_0004_0009_0068_0068.jpg 1 4 9 68 68
1139_0009_0018_0068_0068.jpg 1 9 18 68 68
1140_0046_0041_0045_0045.jpg 1 46 41 45 45
1141_0013_0041_0046_0046.jpg 1 13 41 46 46
1142_0024_0004_0066_0066.jpg 1 24 4 66 66
1143_0014_0023_0067_0067.jpg 1 14 23 67 67
1144_0020_0028_0056_0056.jpg 1 20 28 56 56
1145_0019_0027_0048_0048.jpg 1 19 27 48 48
1146_0051_0031_0033_0033.jpg 1 51 31 33 33
1147_0036_0058_0029_0029.jpg 1 36 58 29 29
1148_0026_0007_0050_0050.jpg 1 26 7 50 50
1149_0007_0020_0051_0051.jpg 1 7 20 51 51
1150_0019_0015_0067_0067.jpg 1 19 15 67 67
1151_0024_0046_0044_0044.jpg 1 24 46 44 44
1152_0021_0011_0068_0068.jpg 1 21 11 68 68
1153_0007_0052_0026_0026.jpg 1 7 52 26 26
1154_0016_0040_0029_0029.jpg 1 16 40 29 29
1155_0047_0016_0027_0027.jpg 1 47 16 27 27
1156_0026_0053_0030_0030.jpg 1 26 53 30 30
1157_0048_0016_0042_0042.jpg 1 48 16 42 42
1158_0038_0009_0032_0032.jpg 1 38 9 32 32
1159_0051_0020_0039_0039.jpg 1 51 20 39 39
1160_0044_0051_0038_0038.jpg 1 44 51 38 38
1161_0055_0053_0027_0027.jpg 1 55 53 27 27
1162_0019_0040_0031_0031.jpg 1 19 40 31 31
1163_0032_0018_0024_0024.jpg 1 32 18 24 24
1164_0035_0041_0053_0053.jpg 1 35 41 53 53
1165_0021_0026_0068_0068.jpg 1 21 26 68 68
1166_0003_0012_0067_0067.jpg 1 3 12 67 67
1167_0033_0012_0056_0056.jpg 1 33 12 56 56
1168_0036_0020_0047_0047.jpg 1 36 20 47 47
1169_0010_0016_0051_0051.jpg 1 10 16 51 51
1170_0019_0033_0050_0050.jpg 1 19 33 50 50
1171_0017_0019_0024_0024.jpg 1 17 19 24 24
1172_0036_0014_0042_0042.jpg 1 36 14 42 42
1173_0006_0030_0056_0056.jpg 1 6 30 56 56
1174_0006_0031_0045_0045.jpg 1 6 31 45 45
1175_0036_0009_0053_0053.jpg 1 36 9 53 53
1176_0020_0005_0052_0052.jpg 1 20 5 52 52
1177_0042_0006_0038_0038.jpg 1 42 6 38 38
1178_0045_0021_0044_0044.jpg 1 45 21 44 44
1179_0018_0028_0047_0047.jpg 1 18 28 47 47
1180_0065_0023_0026_0026.jpg 1 65 23 26 26
1181_0033_0033_0053_0053.jpg 1 33 33 53 53
1182_0011_0029_0063_0063.jpg 1 11 29 63 63
1183_0026_0027_0052_0052.jpg 1 26 27 52 52
1184_0022_0019_0065_0065.jpg 1 22 19 65 65
1185_0006_0027_0059_0059.jpg 1 6 27 59 59
1186_0021_0039_0025_0025.jpg 1 21 39 25 25
1187_0031_0008_0029_0029.jpg 1 31 8 29 29
1188_0012_0028_0042_0042.jpg 1 12 28 42 42
1189_0031_0017_0053_0053.jpg 1 31 17 53 53
1190_0003_0022_0065_0065.jpg 1 3 22 65 65
1191_0031_0055_0036_0036.jpg 1 31 55 36 36
1192_0038_0031_0054_0054.jpg 1 38 31 54 54
1193_0018_0022_0033_0033.jpg 1 18 22 33 33
1194_0006_0036_0042_0042.jpg 1 6 36 42 42
1195_0028_0010_0047_0047.jpg 1 28 10 47 47
1196_0042_0040_0045_0045.jpg 1 42 40 45 45
1197_0018_0033_0058_0058.jpg 1 18 33 58 58
1198_0005_0026_0062_0062.jpg 1 5 26 62 62
1199_0025_0058_0027_0027.jpg 1 25 58 27 27
1200_0019_0017_0044_0044.jpg 1 19 17 44 44
1201_0020_0045_0033_0033.jpg 1 20 45 33 33
1202_0030_0014_0060_0060.jpg 1 30 14 60 60
1203_0011_0034_0037_0037.jpg 1 11 34 37 37
1204_0031_0020_0060_0060.jpg 1 31 20 60 60
1205_0030_0025_0034_0034.jpg 1 30 25 34 34
1206_0023_0024_0068_0068.jpg 1 23 24 68 68
1207_0027_0007_0051_0051.jpg 1 27 7 51 51
1208_0015_0019_0060_0060.jpg 1 15 19 60 60
1209_0026_0013_0048_0048.jpg 1 26 13 48 48
1210_0020_0019_0062_0062.jpg 1 20 19 62 62
1211_0025_0054_0027_0027.jpg 1 25 54 27 27
1212_0050_0037_0031_0031.jpg 1 50 37 31 31
1213_0030_0034_0036_0036.jpg 1 30 34 36 36
1214_0020_0010_0069_0069.jpg 1 20 10 69 69
1215_0014_0016_0067_0067.jpg 1 14 16 67 67
1216_0019_0006_0060_0060.jpg 1 19 6 60 60
1217_0039_0042_0040_0040.jpg 1 39 42 40 40
1218_0030_0017_0057_0057.jpg 1 30 17 57 57
1219_0024_0041_0043_0043.jpg 1 24 41 43 43
1220_0020_0022_0041_0041.jpg 1 20 22 41 41
1221_0049_0008_0032_0032.jpg 1 49 8 32 32
1222_0031_0024_0061_0061.jpg 1 31 24 61 61
1223_0017_0031_0047_0047.jpg 1 17 31 47 47
1224_0029_0011_0044_0044.jpg 1 29 11 44 44
1225_0023_0033_0047_0047.jpg 1 23 33 47 47
1226_0047_0037_0028_0028.jpg 1 47 37 28 28
1227_0020_0018_0049_0049.jpg 1 20 18 49 49
1228_0009_0005_0052_0052.jpg 1 9 5 52 52
1229_0046_0020_0033_0033.jpg 1 46 20 33 33
1230_0008_0019_0061_0061.jpg 1 8 19 61 61
1231_0015_0018_0025_0025.jpg 1 15 18 25 25
1232_0033_0025_0052_0052.jpg 1 33 25 52 52
1233_0024_0025_0069_0069.jpg 1 24 25 69 69
1234_0012_0020_0064_0064.jpg 1 12 20 64 64
1235_0010_0016_0068_0068.jpg 1 10 16 68 68
1236_0028_0014_0055_0055.jpg 1 28 14 55 55
1237_0038_0023_0038_0038.jpg 1 38 23 38 38
1238_0016_0013_0056_0056.jpg 1 16 13 56 56
1239_0029_0038_0026_0026.jpg 1 29 38 26 26
1240_0015_0050_0028_0028.jpg 1 15 50 28 28
1241_0030_0008_0065_0065.jpg 1 30 8 65 65
1242_0013_0004_0059_0059.jpg 1 13 4 59 59
1243_0055_0027_0034_0034.jpg 1 55 27 34 34
1244_0043_0033_0051_0051.jpg 1 43 33 51 51
1245_0040_0026_0053_0053.jpg 1 40 26 53 53
1246_0029_0031_0056_0056.jpg 1 29 31 56 56
1247_0018_0010_0059_0059.jpg 1 18 10 59 59
1248_0018_0047_0037_0037.jpg 1 18 47 37 37
1249_0017_0022_0031_0031.jpg 1 17 22 31 31
1250_0005_0011_0062_0062.jpg 1 5 11 62 62
1251_0013_0026_0042_0042.jpg 1 13 26 42 42
1252_0012_0018_0043_0043.jpg 1 12 18 43 43
1253_0020_0011_0048_0048.jpg 1 20 11 48 48
1254_0024_0053_0028_0028.jpg 1 24 53 28 28
1255_0039_0013_0033_0033.jpg 1 39 13 33 33
1256_0019_0025_0044_0044.jpg 1 19 25 44 44
1257_0037_0039_0034_0034.jpg 1 37 39 34 34
1258_0039_0043_0031_0031.jpg 1 39 43 31 31
1259_0008_0036_0046_0046.jpg 1 8 36 46 46
1260_0016_0037_0041_0041.jpg 1 16 37 41 41
1261_0032_0012_0028_0028.jpg 1 32 12 28 28
1262_0015_0011_0057_0057.jpg 1 15 11 57 57
1263_0030_0053_0031_0031.jpg 1 30 53 31 31
1264_0028_0016_0049_0049.jpg 1 28 16 49 49
1265_0050_0025_0038_0038.jpg 1 50 25 38 38
1266_0015_0041_0046_0046.jpg 1 15 41 46 46
1267_0055_0050_0033_0033.jpg 1 55 50 33 33
1268_0025_0017_0064_0064.jpg 1 25 17 64 64
1269_0007_0016_0061_0061.jpg 1 7 16 61 61
1270_0009_0037_0046_0046.jpg 1 9 37 46 46
1271_0016_0033_0053_0053.jpg 1 16 33 53 53
1272_0047_0029_0040_0040.jpg 1 47 29 40 40
1273_0044_0026_0049_0049.jpg 1 44 26 49 49
1274_0042_0026_0036_0036.jpg 1 42 26 36 36
1275_0040_0028_0040_0040.jpg 1 40 28 40 40
1276_0016_0033_0044_0044.jpg 1 16 33 44 44
1277_0017_0010_0062_0062.jpg 1 17 10 62 62
1278_0045_0012_0042_0042.jpg 1 45 12 42 42
1279_0017_0056_0035_0035.jpg 1 17 56 35 35
1280_0057_0031_0024_0024.jpg 1 57 31 24 24
1281_0052_0035_0035_0035.jpg 1 52 35 35 35
1282_0014_0033_0048_0048.jpg 1 14 33 48 48
1283_0040_0032_0041_0041.jpg 1 40 32 41 41
1284_0011_0027_0041_0041.jpg 1 11 27 41 41
1285_0013_0041_0031_0031.jpg 1 13 41 31 31
1286_0025_0024_0069_0069.jpg 1 25 24 69 69
1287_0025_0014_0048_0048.jpg 1 25 14 48 48
1288_0045_0057_0027_0027.jpg 1 45 57 27 27
1289_0030_0032_0056_0056.jpg 1 30 32 56 56
1290_0027_0030_0033_0033.jpg 1 27 30 33 33
1291_0030_0005_0051_0051.jpg 1 30 5 51 51
1292_0025_0030_0050_0050.jpg 1 25 30 50 50
1293_0039_0018_0056_0056.jpg 1 39 18 56 56
1294_0031_0054_0026_0026.jpg 1 31 54 26 26
1295_0024_0007_0060_0060.jpg 1 24 7 60 60
1296_0028_0007_0067_0067.jpg 1 28 7 67 67
1297_0055_0042_0030_0030.jpg 1 55 42 30 30
1298_0025_0043_0044_0044.jpg 1 25 43 44 44
1299_0022_0014_0060_0060.jpg 1 22 14 60 60
1300_0035_0056_0029_0029.jpg 1 35 56 29 29
1301_0041_0020_0027_0027.jpg 1 41 20 27 27
1302_0028_0037_0053_0053.jpg 1 28 37 53 53
1303_0025_0023_0055_0055.jpg 1 25 23 55 55
1304_0035_0029_0056_0056.jpg 1 35 29 56 56
1305_0045_0045_0046_0046.jpg 1 45 45 46 46
1306_0027_0005_0058_0058.jpg 1 27 5 58 58
1307_0020_0031_0065_0065.jpg 1 20 31 65 65
1308_0027_0025_0042_0042.jpg 1 27 25 42 42
1309_0032_0048_0025_0025.jpg 1 32 48 25 25
1310_0035_0032_0044_0044.jpg 1 35 32 44 44
1311_0019_0007_0068_0068.jpg 1 19 7 68 68
1312_0034_0020_0025_0025.jpg 1 34 20 25 25
1313_0013_0005_0065_0065.jpg 1 13 5 65 65
1314_0013_0035_0056_0056.jpg 1 13 35 56 56
1315_0007_0031_0062_0062.jpg 1 7 31 62 62
1316_0025_0052_0036_0036.jpg 1 25 52 36 36
1317_0017_0018_0066_0066.jpg 1 17 18 66 66
1318_0017_0012_0055_0055.jpg 1 17 12 55 55
1319_0013_0025_0065_0065.jpg 1 13 25 65 65
1320_0039_0043_0044_0044.jpg 1 39 43 44 44
1321_0023_0024_0038_0038.jpg 1 23 24 38 38
1322_0041_0012_0030_0030.jpg 1 41 12 30 30
1323_0037_0042_0041_0041.jpg 1 37 42 41 41
1324_0021_0004_0066_0066.jpg 1 21 4 66 66
1325_0025_0019_0056_0056.jpg 1 25 19 56 56
1326_0029_0030_0033_0033.jpg 1 29 30 33 33
1327_0023_0024_0052_0052.jpg 1 23 24 52 52
1328_0024_0027_0068_0068.jpg 1 24 27 68 68
1329_0007_0030_0053_0053.jpg 1 7 30 53 53
1330_0028_0022_0053_0053.jpg 1 28 22 53 53
1331_0004_0007_0051_0051.jpg 1 4 7 51 51
1332_0024_0017_0053_0053.jpg 1 24 17 53 53
1333_0018_0021_0069_0069.jpg 1 18 21 69 69
1334_0030_0008_0042_0042.jpg 1 30 8 42 42
1335_0018_0023_0069_0069.jpg 1 18 23 69 69
1336_0028_0014_0066_0066.jpg 1 28 14 66 66
1337_0031_0012_0061_0061.jpg 1 31 12 61 61
1338_0025_0016_0061_0061.jpg 1 25 16 61 61
1339_0027_0005_0051_0051.jpg 1 27 5 51 51
1340_0032_0044_0050_0050.jpg 1 32 44 50 50
1341_0041_0022_0040_0040.jpg 1 41 22 40 40
1342_0010_0034_0049_0049.jpg 1 10 34 49 49
1343_0040_0013_0031_0031.jpg 1 40 13 31 31
1344_0053_0027_0037_0037.jpg 1 53 27 37 37
1345_0008_0007_0064_0064.jpg 1 8 7 64 64
1346_0025_0041_0047_0047.jpg 1 25 41 47 47
1347_0029_0019_0061_0061.jpg 1 29 19 61 61
1348_0036_0010_0038_0038.jpg 1 36 10 38 38
1349_0049_0012_0035_0035.jpg 1 49 12 35 35
1350_0034_0023_0058_0058.jpg 1 34 23 58 58
1351_0023_0015_0047_0047.jpg 1 23 15 47 47
1352_0023_0012_0047_0047.jpg 1 23 12 47 47
1353_0026_0028_0066_0066.jpg 1 26 28 66 66
1354_0017_0036_0032_0032.jpg 1 17 36 32 32
1355_0017_0023_0027_0027.jpg 1 17 23 27 27
1356_0014_0012_0063_0063.jpg 1 14 12 63 63
1357_0005_0008_0065_0065.jpg 1 5 8 65 65
1358_0029_0024_0059_0059.jpg 1 29 24 59 59
1359_0033_0033_0030_0030.jpg 1 33 33 30 30
1360_0048_0028_0043_0043.jpg 1 48 28 43 43
1361_0043_0046_0041_0041.jpg 1 43 46 41 41
1362_0043_0023_0049_0049.jpg 1 43 23 49 49
1363_0030_0028_0064_0064.jpg 1 30 28 64 64
1364_0018_0022_0050_0050.jpg 1 18 22 50 50
1365_0052_0035_0024_0024.jpg 1 52 35 24 24
1366_0017_0023_0042_0042.jpg 1 17 23 42 42
1367_0027_0005_0067_0067.jpg 1 27 5 67 67
1368_0030_0034_0042_0042.jpg 1 30 34 42 42
1369_0018_0059_0033_0033.jpg 1 18 59 33 33
1370_0012_0011_0044_0044.jpg 1 12 11 44 44
1371_0017_0046_0047_0047.jpg 1 17 46 47 47
1372_0034_0026_0030_0030.jpg 1 34 26 30 30
1373_0022_0015_0065_0065.jpg 1 22 15 65 65
1374_0013_0028_0048_0048.jpg 1 13 28 48 48
1375_0025_0027_0026_0026.jpg 1 25 27 26 26
1376_0046_0062_0024_0024.jpg 1 46 62 24 24
1377_0052_0039_0029_0029.jpg 1 52 39 29 29
1378_0034_0026_0060_0060.jpg 1 34 26 60 60
1379_0006_0036_0051_0051.jpg 1 6 36 51 51
1380_0029_0011_0039_0039.jpg 1 29 11 39 39
1381_0045_0037_0043_0043.jpg 1 45 37 43 43
1382_0038_0058_0025_0025.jpg 1 38 58 25 25
1383_0024_0056_0024_0024.jpg 1 24 56 24 24
1384_0013_0009_0038_0038.jpg 1 13 9 38 38
1385_0041_0016_0039_0039.jpg 1 41 16 39 39
1386_0022_0035_0040_0040.jpg 1 22 35 40 40
1387_0003_0024_0067_0067.jpg 1 3 24 67 67
1388_0026_0023_0061_0061.jpg 1 26 23 61 61
1389_0035_0019_0040_0040.jpg 1 35 19 40 40
1390_0019_0007_0062_0062.jpg 1 19 7 62 62
1391_0014_0015_0045_0045.jpg 1 14 15 45 45
1392_0038_0040_0038_0038.jpg 1 38 40 38 38
1393_0014_0018_0063_0063.jpg 1 14 18 63 63
1394_0029_0040_0046_0046.jpg 1 29 40 46 46
1395_0030_0007_0047_0047.jpg 1 30 7 47 47
1396_0017_0041_0039_0039.jpg 1 17 41 39 39
1397_0037_0023_0026_0026.jpg 1 37 23 26 26
1398_0032_0040_0047_0047.jpg 1 32 40 47 47
1399_0056_0010_0028_0028.jpg 1 56 10 28 28
1400_0018_0015_0032_0032.jpg 1 18 15 32 32
1401_0041_0014_0035_0035.jpg 1 41 14 35 35
1402_0037_0016_0043_0043.jpg 1 37 16 43 43
1403_0028_0016_0045_0045.jpg 1 28 16 45 45
1404_0025_0008_0049_0049.jpg 1 25 8 49 49
1405_0057_0048_0027_0027.jpg 1 57 48 27 27
1406_0013_0020_0058_0058.jpg 1 13 20 58 58
1407_0034_0005_0048_0048.jpg 1 34 5 48 48
1408_0017_0038_0049_0049.jpg 1 17 38 49 49
1409_0007_0014_0035_0035.jpg 1 7 14 35 35
1410_0041_0029_0027_0027.jpg 1 41 29 27 27
1411_0028_0006_0046_0046.jpg 1 28 6 46 46
1412_0035_0035_0037_0037.jpg 1 35 35 37 37
1413_0039_0017_0037_0037.jpg 1 39 17 37 37
1414_0018_0011_0068_0068.jpg 1 18 11 68 68
1415_0020_0019_0063_0063.jpg 1 20 19 63 63
1416_0022_0015_0051_0051.jpg 1 22 15 51 51
1417_0025_0017_0065_0065.jpg 1 25 17 65 65
1418_0021_0015_0044_0044.jpg 1 21 15 44 44
1419_0011_0033_0050_0050.jpg 1 11 33 50 50
1420_0013_0023_0033_0033.jpg 1 13 23 33 33
1421_0046_0013_0036_0036.jpg 1 46 13 36 36
1422_0013_0054_0029_0029.jpg 1 13 54 29 29
1423_0025_0034_0034_0034.jpg 1 25 34 34 34
1424_0048_0024_0042_0042.jpg 1 48 24 42 42
1425_0034_0009_0047_0047.jpg 1 34 9 47 47
1426_0009_0012_0062_0062.jpg 1 9 12 62 62
1427_0055_0049_0035_0035.jpg 1 55 49 35 35
1428_0015_0008_0051_0051.jpg 1 15 8 51 51
1429_0028_0026_0067_0067.jpg 1 28 26 67 67
1430_0057_0019_0033_0033.jpg 1 57 19 33 33
1431_0028_0029_0064_0064.jpg 1 28 29 64 64
1432_0008_0006_0066_0066.jpg 1 8 6 66 66
1433_0015_0024_0067_0067.jpg 1 15 24 67 67
1434_0058_0042_0026_0026.jpg 1 58 42 26 26
1435_0020_0030_0054_0054.jpg 1 20 30 54 54
1436_0015_0035_0038_0038.jpg 1 15 35 38 38
1437_0037_0015_0055_0055.jpg 1 37 15 55 55
1438_0014_0010_0067_0067.jpg 1 14 10 67 67
1439_0009_0034_0036_0036.jpg 1 9 34 36 36
1440_0024_0041_0035_0035.jpg 1 24 41 35 35
1441_0027_0044_0042_0042.jpg 1 27 44 42 42
1442_0014_0039_0047_0047.jpg 1 14 39 47 47
1443_0024_0019_0063_0063.jpg 1 24 19 63 63
1444_0015_0037_0042_0042.jpg 1 15 37 42 42
1445_0026_0033_0027_0027.jpg 1 26 33 27 27
1446_0031_0022_0058_0058.jpg 1 31 22 58 58
1447_0017_0008_0043_0043.jpg 1 17 8 43 43
1448_0045_0017_0040_0040.jpg 1 45 17 40 40
1449_0016_0005_0064_0064.jpg 1 16 5 64 64
1450_0007_0057_0033_0033.jpg 1 7 57 33 33
1451_0021_0007_0057_0057.jpg 1 21 7 57 57
1452_0029_0023_0058_0058.jpg 1 29 23 58 58
1453_0031_0046_0047_0047.jpg 1 31 46 47 47
1454_0008_0025_0057_0057.jpg 1 8 25 57 57
1455_0014_0011_0068_0068.jpg 1 14 11 68 68
1456_0046_0051_0038_0038.jpg 1 46 51 38 38
1457_0027_0054_0029_0029.jpg 1 27 54 29 29
1458_0056_0055_0027_0027.jpg 1 56 55 27 27
1459_0041_0006_0045_0045.jpg 1 41 6 45 45
1460_0025_0018_0058_0058.jpg 1 25 18 58 58
1461_0035_0041_0033_0033.jpg 1 35 41 33 33
1462_0028_0042_0044_0044.jpg 1 28 42 44 44
1463_0064_0056_0027_0027.jpg 1 64 56 27 27
1464_0029_0025_0030_0030.jpg 1 29 25 30 30
1465_0007_0018_0030_0030.jpg 1 7 18 30 30
1466_0027_0031_0056_0056.jpg 1 27 31 56 56
1467_0025_0036_0051_0051.jpg 1 25 36 51 51
1468_0008_0026_0060_0060.jpg 1 8 26 60 60
1469_0045_0029_0028_0028.jpg 1 45 29 28 28
1470_0013_0044_0040_0040.jpg 1 13 44 40 40
1471_0044_0024_0026_0026.jpg 1 44 24 26 26
1472_0045_0008_0048_0048.jpg 1 45 8 48 48
1473_0039_0010_0035_0035.jpg 1 39 10 35 35
1474_0024_0026_0031_0031.jpg 1 24 26 31 31
1475_0023_0036_0054_0054.jpg 1 23 36 54 54
1476_0017_0031_0034_0034.jpg 1 17 31 34 34
1477_0055_0054_0033_0033.jpg 1 55 54 33 33
1478_0027_0036_0056_0056.jpg 1 27 36 56 56
1479_0016_0021_0033_0033.jpg 1 16 21 33 33
1480_0034_0017_0047_0047.jpg 1 34 17 47 47
1481_0010_0031_0062_0062.jpg 1 10 31 62 62
1482_0030_0049_0029_0029.jpg 1 30 49 29 29
1483_0008_0046_0041_0041.jpg 1 8 46 41 41
1484_0043_0028_0051_0051.jpg 1 43 28 51 51
1485_0004_0032_0059_0059.jpg 1 4 32 59 59
1486_0021_0013_0061_0061.jpg 1 21 13 61 61
1487_0006_0010_0051_0051.jpg 1 6 10 51 51
1488_0029_0039_0054_0054.jpg 1 29 39 54 54
1489_0033_0025_0041_0041.jpg 1 33 25 41 41
1490_0015_0018_0049_0049.jpg 1 15 18 49 49
1491_0018_0018_0035_0035.jpg 1 18 18 35 35
1492_0018_0029_0051_0051.jpg 1 18 29 51 51
1493_0027_0024_0049_0049.jpg 1 27 24 49 49
1494_0009_0018_0053_0053.jpg 1 9 18 53 53
1495_0045_0037_0039_0039.jpg 1 45 37 39 39
1496_0008_0030_0042_0042.jpg 1 8 30 42 42
1497_0026_0022_0066_0066.jpg 1 26 22 66 66
1498_0012_0005_0064_0064.jpg 1 12 5 64 64
1499_0037_0017_0039_0039.jpg 1 37 17 39 39
1500_0019_0027_0049_0049.jpg 1 19 27 49 49
1501_0033_0012_0061_0061.jpg 1 33 12 61 61
1502_0015_0019_0048_0048.jpg 1 15 19 48 48
1503_0011_0018_0057_0057.jpg 1 11 18 57 57
1504_0011_0030_0064_0064.jpg 1 11 30 64 64
1505_0015_0007_0050_0050.jpg 1 15 7 50 50
1506_0020_0020_0045_0045.jpg 1 20 20 45 45
1507_0050_0062_0026_0026.jpg 1 50 62 26 26
1508_0043_0019_0046_0046.jpg 1 43 19 46 46
1509_0016_0031_0053_0053.jpg 1 16 31 53 53
1510_0014_0032_0063_0063.jpg 1 14 32 63 63
1511_0019_0046_0043_0043.jpg 1 19 46 43 43
1512_0035_0010_0050_0050.jpg 1 35 10 50 50
1513_0027_0038_0054_0054.jpg 1 27 38 54 54
1514_0041_0036_0041_0041.jpg 1 41 36 41 41
1515_0010_0035_0047_0047.jpg 1 10 35 47 47
1516_0014_0010_0066_0066.jpg 1 14 10 66 66
1517_0027_0056_0028_0028.jpg 1 27 56 28 28
1518_0011_0028_0064_0064.jpg 1 11 28 64 64
1519_0033_0008_0047_0047.jpg 1 33 8 47 47
1520_0040_0054_0024_0024.jpg 1 40 54 24 24
1521_0034_0045_0027_0027.jpg 1 34 45 27 27
1522_0046_0007_0039_0039.jpg 1 46 7 39 39
1523_0016_0016_0053_0053.jpg 1 16 16 53 53
1524_0027_0061_0027_0027.jpg 1 27 61 27 27
1525_0020_0004_0062_0062.jpg 1 20 4 62 62
1526_0009_0017_0064_0064.jpg 1 9 17 64 64
1527_0006_0019_0069_0069.jpg 1 6 19 69 69
1528_0026_0037_0057_0057.jpg 1 26 37 57 57
1529_0008_0021_0060_0060.jpg 1 8 21 60 60
1530_0045_0014_0031_0031.jpg 1 45 14 31 31
1531_0005_0025_0064_0064.jpg 1 5 25 64 64
1532_0055_0034_0034_0034.jpg 1 55 34 34 34
1533_0013_0037_0050_0050.jpg 1 13 37 50 50
1534_0010_0042_0033_0033.jpg 1 10 42 33 33
1535_0004_0004_0065_0065.jpg 1 4 4 65 65
1536_0020_0041_0049_0049.jpg 1 20 41 49 49
1537_0060_0036_0033_0033.jpg 1 60 36 33 33
1538_0008_0025_0060_0060.jpg 1 8 25 60 60
1539_0045_0039_0048_0048.jpg 1 45 39 48 48
1540_0018_0040_0037_0037.jpg 1 18 40 37 37
1541_0029_0011_0038_0038.jpg 1 29 11 38 38
1542_0031_0044_0026_0026.jpg 1 31 44 26 26
1543_0059_0014_0029_0029.jpg 1 59 14 29 29
1544_0034_0008_0038_0038.jpg 1 34 8 38 38
1545_0007_0016_0055_0055.jpg 1 7 16 55 55
1546_0038_0015_0049_0049.jpg 1 38 15 49 49
1547_0026_0025_0054_0054.jpg 1 26 25 54 54
1548_0030_0047_0024_0024.jpg 1 30 47 24 24
1549_0061_0046_0027_0027.jpg 1 61 46 27 27
1550_0015_0032_0061_0061.jpg 1 15 32 61 61
1551_0033_0035_0047_0047.jpg 1 33 35 47 47
1552_0017_0024_0059_0059.jpg 1 17 24 59 59
1553_0027_0038_0050_0050.jpg 1 27 38 50 50
1554_0021_0013_0065_0065.jpg 1 21 13 65 65
1555_0026_0056_0031_0031.jpg 1 26 56 31 31
1556_0022_0030_0050_0050.jpg 1 22 30 50 50
1557_0030_0040_0053_0053.jpg 1 30 40 53 53
1558_0006_0025_0057_0057.jpg 1 6 25 57 57
1559_0042_0031_0051_0051.jpg 1 42 31 51 51
1560_0020_0024_0041_0041.jpg 1 20 24 41 41
1561_0017_0018_0063_0063.jpg 1 17 18 63 63
1562_0041_0015_0045_0045.jpg 1 41 15 45 45
1563_0022_0043_0050_0050.jpg 1 22 43 50 50
1564_0025_0009_0048_0048.jpg 1 25 9 48 48
1565_0022_0017_0069_0069.jpg 1 22 17 69 69
1566_0021_0021_0062_0062.jpg 1 21 21 62 62
1567_0022_0022_0043_0043.jpg 1 22 22 43 43
1568_0033_0008_0032_0032.jpg 1 33 8 32 32
1569_0034_0038_0055_0055.jpg 1 34 38 55 55
1570_0041_0013_0031_0031.jpg 1 41 13 31 31
1571_0031_0035_0047_0047.jpg 1 31 35 47 47
1572_0009_0010_0024_0024.jpg 1 9 10 24 24
1573_0011_0026_0053_0053.jpg 1 11 26 53 53
1574_0019_0053_0039_0039.jpg 1 19 53 39 39
1575_0019_0033_0058_0058.jpg 1 19 33 58 58
1576_0015_0007_0051_0051.jpg 1 15 7 51 51
1577_0044_0006_0045_0045.jpg 1 44 6 45 45
1578_0045_0038_0025_0025.jpg 1 45 38 25 25
1579_0030_0049_0034_0034.jpg 1 30 49 34 34
1580_0047_0049_0042_0042.jpg 1 47 49 42 42
1581_0007_0012_0024_0024.jpg 1 7 12 24 24
1582_0030_0036_0046_0046.jpg 1 30 36 46 46
1583_0023_0011_0047_0047.jpg 1 23 11 47 47
1584_0023_0017_0047_0047.jpg 1 23 17 47 47
1585_0022_0027_0062_0062.jpg 1 22 27 62 62
1586_0013_0043_0030_0030.jpg 1 13 43 30 30
1587_0037_0016_0032_0032.jpg 1 37 16 32 32
1588_0021_0026_0067_0067.jpg 1 21 26 67 67
1589_0053_0026_0025_0025.jpg 1 53 26 25 25
1590_0039_0017_0056_0056.jpg 1 39 17 56 56
1591_0012_0008_0062_0062.jpg 1 12 8 62 62
1592_0019_0028_0055_0055.jpg 1 19 28 55 55
1593_0027_0021_0030_0030.jpg 1 27 21 30 30
1594_0058_0052_0030_0030.jpg 1 58 52 30 30
1595_0056_0013_0033_0033.jpg 1 56 13 33 33
1596_0051_0033_0025_0025.jpg 1 51 33 25 25
1597_0055_0028_0031_0031.jpg 1 55 28 31 31
1598_0022_0014_0065_0065.jpg 1 22 14 65 65
1599_0038_0028_0045_0045.jpg 1 38 28 45 45
1600_0012_0024_0051_0051.jpg 1 12 24 51 51
1601_0035_0037_0058_0058.jpg 1 35 37 58 58
1602_0024_0024_0052_0052.jpg 1 24 24 52 52
1603_0015_0056_0034_0034.jpg 1 15 56 34 34
1604_0030_0025_0057_0057.jpg 1 30 25 57 57
1605_0018_0022_0037_0037.jpg 1 18 22 37 37
1606_0027_0033_0025_0025.jpg 1 27 33 25 25
1607_0033_0030_0058_0058.jpg 1 33 30 58 58
1608_0041_0039_0047_0047.jpg 1 41 39 47 47
1609_0016_0030_0041_0041.jpg 1 16 30 41 41
1610_0047_0064_0025_0025.jpg 1 47 64 25 25
1611_0027_0009_0063_0063.jpg 1 27 9 63 63
1612_0026_0015_0057_0057.jpg 1 26 15 57 57
1613_0018_0025_0067_0067.jpg 1 18 25 67 67
1614_0046_0036_0044_0044.jpg 1 46 36 44 44
1615_0005_0028_0063_0063.jpg 1 5 28 63 63
1616_0039_0014_0052_0052.jpg 1 39 14 52 52
1617_0035_0010_0042_0042.jpg 1 35 10 42 42
1618_0024_0016_0045_0045.jpg 1 24 16 45 45
1619_0028_0047_0035_0035.jpg 1 28 47 35 35
1620_0008_0005_0054_0054.jpg 1 8 5 54 54
1621_0022_0037_0035_0035.jpg 1 22 37 35 35
1622_0028_0027_0034_0034.jpg 1 28 27 34 34
1623_0034_0050_0027_0027.jpg 1 34 50 27 27
1624_0012_0032_0063_0063.jpg 1 12 32 63 63
1625_0035_0041_0050_0050.jpg 1 35 41 50 50
1626_0007_0031_0042_0042.jpg 1 7 31 42 42
1627_0035_0046_0038_0038.jpg 1 35 46 38 38
1628_0018_0015_0033_0033.jpg 1 18 15 33 33
1629_0008_0033_0060_0060.jpg 1 8 33 60 60
1630_0026_0011_0037_0037.jpg 1 26 11 37 37
1631_0008_0036_0045_0045.jpg 1 8 36 45 45
1632_0027_0033_0060_0060.jpg 1 27 33 60 60
1633_0005_0017_0068_0068.jpg 1 5 17 68 68
1634_0027_0019_0039_0039.jpg 1 27 19 39 39
1635_0042_0013_0039_0039.jpg 1 42 13 39 39
1636_0006_0006_0061_0061.jpg 1 6 6 61 61
1637_0015_0023_0044_0044.jpg 1 15 23 44 44
1638_0055_0056_0033_0033.jpg 1 55 56 33 33
1639_0038_0018_0033_0033.jpg 1 38 18 33 33
1640_0009_0015_0059_0059.jpg 1 9 15 59 59
1641_0015_0007_0060_0060.jpg 1 15 7 60 60
1642_0009_0041_0034_0034.jpg 1 9 41 34 34
1643_0019_0022_0027_0027.jpg 1 19 22 27 27
1644_0018_0039_0035_0035.jpg 1 18 39 35 35
1645_0040_0007_0049_0049.jpg 1 40 7 49 49
1646_0024_0025_0057_0057.jpg 1 24 25 57 57
1647_0027_0042_0042_0042.jpg 1 27 42 42 42
1648_0045_0052_0026_0026.jpg 1 45 52 26 26
1649_0023_0008_0069_0069.jpg 1 23 8 69 69
1650_0034_0023_0058_0058.jpg 1 34 23 58 58
1651_0014_0026_0062_0062.jpg 1 14 26 62 62
1652_0038_0030_0035_0035.jpg 1 38 30 35 35
1653_0007_0039_0055_0055.jpg 1 7 39 55 55
1654_0007_0030_0052_0052.jpg 1 7 30 52 52
1655_0032_0031_0038_0038.jpg 1 32 31 38 38
1656_0018_0038_0032_0032.jpg 1 18 38 32 32
1657_0017_0027_0039_0039.jpg 1 17 27 39 39
1658_0007_0040_0037_0037.jpg 1 7 40 37 37
1659_0018_0028_0051_0051.jpg 1 18 28 51 51
1660_0020_0004_0056_0056.jpg 1 20 4 56 56
1661_0043_0019_0034_0034.jpg 1 43 19 34 34
1662_0009_0037_0047_0047.jpg 1 9 37 47 47
1663_0032_0032_0027_0027.jpg 1 32 32 27 27
1664_0030_0013_0054_0054.jpg 1 30 13 54 54
1665_0022_0032_0055_0055.jpg 1 22 32 55 55
1666_0033_0026_0062_0062.jpg 1 33 26 62 62
1667_0024_0028_0054_0054.jpg 1 24 28 54 54
1668_0018_0022_0067_0067.jpg 1 18 22 67 67
1669_0021_0007_0045_0045.jpg 1 21 7 45 45
1670_0007_0030_0046_0046.jpg 1 7 30 46 46
1671_0006_0009_0046_0046.jpg 1 6 9 46 46
1672_0047_0019_0039_0039.jpg 1 47 19 39 39
1673_0006_0021_0064_0064.jpg 1 6 21 64 64
1674_0016_0013_0063_0063.jpg 1 16 13 63 63
1675_0030_0013_0050_0050.jpg 1 30 13 50 50
1676_0046_0050_0030_0030.jpg 1 46 50 30 30
1677_0016_0045_0041_0041.jpg 1 16 45 41 41
1678_0029_0009_0046_0046.jpg 1 29 9 46 46
1679_0019_0025_0065_0065.jpg 1 19 25 65 65
1680_0041_0023_0043_0043.jpg 1 41 23 43 43
1681_0011_0036_0035_0035.jpg 1 11 36 35 35
1682_0006_0026_0043_0043.jpg 1 6 26 43 43
1683_0009_0035_0048_0048.jpg 1 9 35 48 48
1684_0040_0023_0041_0041.jpg 1 40 23 41 41
1685_0044_0018_0050_0050.jpg 1 44 18 50 50
1686_0027_0028_0029_0029.jpg 1 27 28 29 29
1687_0019_0041_0024_0024.jpg 1 19 41 24 24
1688_0010_0029_0046_0046.jpg 1 10 29 46 46
1689_0021_0024_0064_0064.jpg 1 21 24 64 64
1690_0035_0016_0033_0033.jpg 1 35 16 33 33
1691_0046_0038_0029_0029.jpg 1 46 38 29 29
1692_0027_0023_0068_0068.jpg 1 27 23 68 68
1693_0016_0030_0064_0064.jpg 1 16 30 64 64
1694_0022_0032_0062_0062.jpg 1 22 32 62 62
1695_0026_0044_0048_0048.jpg 1 26 44 48 48
1696_0028_0050_0032_0032.jpg 1 28 50 32 32
1697_0052_0015_0034_0034.jpg 1 52 15 34 34
1698_0008_0009_0069_0069.jpg 1 8 9 69 69
1699_0036_0045_0049_0049.jpg 1 36 45 49 49
1700_0040_0039_0052_0052.jpg 1 40 39 52 52
1701_0009_0007_0057_0057.jpg 1 9 7 57 57
1702_0059_0038_0033_0033.jpg 1 59 38 33 33
1703_0014_0026_0061_0061.jpg 1 14 26 61 61
1704_0041_0020_0030_0030.jpg 1 41 20 30 30
1705_0009_0039_0041_0041.jpg 1 9 39 41 41
1706_0014_0017_0047_0047.jpg 1 14 17 47 47
1707_0012_0029_0052_0052.jpg 1 12 29 52 52
1708_0048_0029_0045_0045.jpg 1 48 29 45 45
1709_0024_0017_0042_0042.jpg 1 24 17 42 42
1710_0032_0016_0061_0061.jpg 1 32 16 61 61
1711_0036_0060_0033_0033.jpg 1 36 60 33 33
1712_0025_0014_0066_0066.jpg 1 25 14 66 66
1713_0042_0040_0037_0037.jpg 1 42 40 37 37
1714_0024_0033_0056_0056.jpg 1 24 33 56 56
1715_0040_0034_0039_0039.jpg 1 40 34 39 39
1716_0018_0007_0066_0066.jpg 1 18 7 66 66
1717_0016_0039_0049_0049.jpg 1 16 39 49 49
1718_0006_0027_0069_0069.jpg 1 6 27 69 69
1719_0004_0038_0056_0056.jpg 1 4 38 56 56
1720_0008_0033_0036_0036.jpg 1 8 33 36 36
1721_0036_0024_0032_0032.jpg 1 36 24 32 32
1722_0012_0005_0067_0067.jpg 1 12 5 67 67
1723_0020_0030_0063_0063.jpg 1 20 30 63 63
1724_0032_0042_0050_0050.jpg 1 32 42 50 50
1725_0024_0022_0037_0037.jpg 1 24 22 37 37
1726_0033_0031_0033_0033.jpg 1 33 31 33 33
1727_0052_0007_0032_0032.jpg 1 52 7 32 32
1728_0014_0025_0069_0069.jpg 1 14 25 69 69
1729_0037_0030_0042_0042.jpg 1 37 30 42 42
1730_0005_0041_0051_0051.jpg 1 5 41 51 51
1731_0022_0034_0035_0035.jpg 1 22 34 35 35
1732_0037_0017_0056_0056.jpg 1 37 17 56 56
1733_0035_0038_0027_0027.jpg 1 35 38 27 27
1734_0013_0050_0033_0033.jpg 1 13 50 33 33
1735_0017_0030_0064_0064.jpg 1 17 30 64 64
1736_0044_0025_0032_0032.jpg 1 44 25 32 32
1737_0033_0006_0038_0038.jpg 1 33 6 38 38
1738_0025_0015_0065_0065.jpg 1 25 15 65 65
1739_0010_0060_0031_0031.jpg 1 10 60 31 31
1740_0034_0018_0056_0056.jpg 1 34 18 56 56
1741_0030_0014_0059_0059.jpg 1 30 14 59 59
1742_0009_0009_0026_0026.jpg 1 9 9 26 26
1743_0022_0014_0049_0049.jpg 1 22 14 49 49
1744_0031_0006_0045_0045.jpg 1 31 6 45 45
1745_0030_0019_0062_0062.jpg 1 30 19 62 62
1746_0021_0021_0060_0060.jpg 1 21 21 60 60
1747_0049_0010_0037_0037.jpg 1 49 10 37 37
1748_0024_0023_0052_0052.jpg 1 24 23 52 52
1749_0017_0028_0068_0068.jpg 1 17 28 68 68
1750_0023_0013_0039_0039.jpg 1 23 13 39 39
1751_0010_0052_0025_0025.jpg 1 10 52 25 25
1752_0015_0006_0062_0062.jpg 1 15 6 62 62
1753_0033_0005_0062_0062.jpg 1 33 5 62 62
1754_0017_0024_0066_0066.jpg 1 17 24 66 66
1755_0006_0022_0066_0066.jpg 1 6 22 66 66
1756_0053_0022_0037_0037.jpg 1 53 22 37 37
1757_0018_0033_0063_0063.jpg 1 18 33 63 63
1758_0013_0057_0033_0033.jpg 1 13 57 33 33
1759_0040_0040_0048_0048.jpg 1 40 40 48 48
1760_0019_0010_0055_0055.jpg 1 19 10 55 55
1761_0020_0038_0038_0038.jpg 1 20 38 38 38
1762_0010_0012_0061_0061.jpg 1 10 12 61 61
1763_0025_0008_0056_0056.jpg 1 25 8 56 56
1764_0020_0033_0051_0051.jpg 1 20 33 51 51
1765_0008_0008_0046_0046.jpg 1 8 8 46 46
1766_0029_0043_0048_0048.jpg 1 29 43 48 48
1767_0024_0055_0031_0031.jpg 1 24 55 31 31
1768_0026_0050_0042_0042.jpg 1 26 50 42 42
1769_0028_0020_0053_0053.jpg 1 28 20 53 53
1770_0014_0043_0045_0045.jpg 1 14 43 45 45
1771_0021_0043_0034_0034.jpg 1 21 43 34 34
1772_0005_0010_0049_0049.jpg 1 5 10 49 49
1773_0031_0027_0030_0030.jpg 1 31 27 30 30
1774_0010_0014_0058_0058.jpg 1 10 14 58 58
1775_0021_0053_0039_0039.jpg 1 21 53 39 39
1776_0015_0038_0050_0050.jpg 1 15 38 50 50
1777_0038_0020_0053_0053.jpg 1 38 20 53 53
1778_0056_0048_0033_0033.jpg 1 56 48 33 33
1779_0014_0006_0058_0058.jpg 1 14 6 58 58
1780_0008_0058_0034_0034.jpg 1 8 58 34 34
1781_0032_0052_0030_0030.jpg 1 32 52 30 30
1782_0015_0048_0025_0025.jpg 1 15 48 25 25
1783_0035_0050_0029_0029.jpg 1 35 50 29 29
1784_0036_0016_0058_0058.jpg 1 36 16 58 58
1785_0052_0015_0041_0041.jpg 1 52 15 41 41
1786_0021_0015_0057_0057.jpg 1 21 15 57 57
1787_0037_0005_0052_0052.jpg 1 37 5 52 52
1788_0009_0008_0056_0056.jpg 1 9 8 56 56
1789_0025_0022_0067_0067.jpg 1 25 22 67 67
1790_0041_0031_0053_0053.jpg 1 41 31 53 53
1791_0047_0045_0026_0026.jpg 1 47 45 26 26
1792_0008_0017_0064_0064.jpg 1 8 17 64 64
1793_0018_0020_0068_0068.jpg 1 18 20 68 68
1794_0021_0005_0064_0064.jpg 1 21 5 64 64
1795_0028_0005_0051_0051.jpg 1 28 5 51 51
1796_0023_0017_0045_0045.jpg 1 23 17 45 45
1797_0049_0037_0025_0025.jpg 1 49 37 25 25
1798_0054_0043_0039_0039.jpg 1 54 43 39 39
1799_0021_0015_0060_0060.jpg 1 21 15 60 60
1800_0004_0015_0068_0068.jpg 1 4 15 68 68
1801_0038_0046_0038_0038.jpg 1 38 46 38 38
1802_0031_0031_0041_0041.jpg 1 31 31 41 41
1803_0010_0014_0056_0056.jpg 1 10 14 56 56
1804_0018_0016_0045_0045.jpg 1 18 16 45 45
1805_0027_0017_0033_0033.jpg 1 27 17 33 33
1806_0015_0046_0046_0046.jpg 1 15 46 46 46
1807_0020_0034_0061_0061.jpg 1 20 34 61 61
1808_0030_0036_0026_0026.jpg 1 30 36 26 26
1809_0012_0019_0043_0043.jpg 1 12 19 43 43
1810_0036_0006_0046_0046.jpg 1 36 6 46 46
1811_0008_0061_0026_0026.jpg 1 8 61 26 26
1812_0010_0032_0026_0026.jpg 1 10 32 26 26
1813_0022_0017_0056_0056.jpg 1 22 17 56 56
1814_0021_0049_0031_0031.jpg 1 21 49 31 31
1815_0028_0049_0035_0035.jpg 1 28 49 35 35
1816_0053_0038_0025_0025.jpg 1 53 38 25 25
1817_0048_0038_0024_0024.jpg 1 48 38 24 24
1818_0015_0015_0063_0063.jpg 1 15 15 63 63
1819_0012_0011_0068_0068.jpg 1 12 11 68 68
1820_0043_0027_0035_0035.jpg 1 43 27 35 35
1821_0033_0039_0055_0055.jpg 1 33 39 55 55
1822_0016_0041_0042_0042.jpg 1 16 41 42 42
1823_0021_0026_0045_0045.jpg 1 21 26 45 45
1824_0022_0024_0059_0059.jpg 1 22 24 59 59
1825_0007_0009_0039_0039.jpg 1 7 9 39 39
1826_0008_0035_0059_0059.jpg 1 8 35 59 59
1827_0013_0034_0046_0046.jpg 1 13 34 46 46
1828_0039_0028_0053_0053.jpg 1 39 28 53 53
1829_0025_0018_0030_0030.jpg 1 25 18 30 30
1830_0007_0014_0053_0053.jpg 1 7 14 53 53
1831_0032_0046_0027_0027.jpg 1 32 46 27 27
1832_0009_0004_0064_0064.jpg 1 9 4 64 64
1833_0016_0018_0025_0025.jpg 1 16 18 25 25
1834_0019_0065_0027_0027.jpg 1 19 65 27 27
1835_0032_0030_0045_0045.jpg 1 32 30 45 45
1836_0016_0024_0051_0051.jpg 1 16 24 51 51
1837_0018_0019_0041_0041.jpg 1 18 19 41 41
1838_0031_0039_0048_0048.jpg 1 31 39 48 48
1839_0039_0009_0050_0050.jpg 1 39 9 50 50
1840_0019_0009_0056_0056.jpg 1 19 9 56 56
1841_0016_0033_0034_0034.jpg 1 16 33 34 34
1842_0016_0020_0044_0044.jpg 1 16 20 44 44
1843_0038_0039_0054_0054.jpg 1 38 39 54 54
1844_0022_0023_0036_0036.jpg 1 22 23 36 36
1845_0030_0035_0046_0046.jpg 1 30 35 46 46
1846_0025_0011_0055_0055.jpg 1 25 11 55 55
1847_0033_0020_0060_0060.jpg 1 33 20 60 60
1848_0030_0029_0033_0033.jpg 1 30 29 33 33
1849_0037_0027_0040_0040.jpg 1 37 27 40 40
1850_0005_0024_0069_0069.jpg 1 5 24 69 69
1851_0035_0041_0045_0045.jpg 1 35 41 45 45
1852_0008_0042_0050_0050.jpg 1 8 42 50 50
1853_0009_0047_0037_0037.jpg 1 9 47 37 37
1854_0018_0013_0062_0062.jpg 1 18 13 62 62
1855_0052_0040_0034_0034.jpg 1 52 40 34 34
1856_0028_0024_0060_0060.jpg 1 28 24 60 60
1857_0006_0021_0051_0051.jpg 1 6 21 51 51
1858_0030_0050_0025_0025.jpg 1 30 50 25 25
1859_0029_0056_0024_0024.jpg 1 29 56 24 24
1860_0016_0008_0057_0057.jpg 1 16 8 57 57
1861_0007_0025_0058_0058.jpg 1 7 25 58 58
1862_0013_0009_0062_0062.jpg 1 13 9 62 62
1863_0027_0005_0047_0047.jpg 1 27 5 47 47
1864_0036_0018_0053_0053.jpg 1 36 18 53 53
1865_0032_0005_0055_0055.jpg 1 32 5 55 55
1866_0022_0014_0064_0064.jpg 1 22 14 64 64
1867_0034_0020_0060_0060.jpg 1 34 20 60 60
1868_0042_0044_0039_0039.jpg 1 42 44 39 39
1869_0029_0011_0066_0066.jpg 1 29 11 66 66
1870_0020_0012_0061_0061.jpg 1 20 12 61 61
1871_0026_0024_0056_0056.jpg 1 26 24 56 56
1872_0025_0015_0060_0060.jpg 1 25 15 60 60
1873_0023_0041_0038_0038.jpg 1 23 41 38 38
1874_0014_0018_0064_0064.jpg 1 14 18 64 64
1875_0012_0037_0026_0026.jpg 1 12 37 26 26
1876_0011_0044_0025_0025.jpg 1 11 44 25 25
1877_0014_0030_0058_0058.jpg 1 14 30 58 58
1878_0034_0028_0033_0033.jpg 1 34 28 33 33
1879_0028_0036_0056_0056.jpg 1 28 36 56 56
1880_0054_0042_0030_0030.jpg 1 54 42 30 30
1881_0010_0031_0053_0053.jpg 1 10 31 53 53
1882_0026_0035_0047_0047.jpg 1 26 35 47 47
1883_0005_0021_0064_0064.jpg 1 5 21 64 64
1884_0009_0027_0049_0049.jpg 1 9 27 49 49
1885_0030_0010_0049_0049.jpg 1 30 10 49 49
1886_0031_0040_0052_0052.jpg 1 31 40 52 52
1887_0025_0032_0054_0054.jpg 1 25 32 54 54
1888_0031_0006_0045_0045.jpg 1 31 6 45 45
1889_0032_0038_0042_0042.jpg 1 32 38 42 42
1890_0020_0029_0033_0033.jpg 1 20 29 33 33
1891_0012_0014_0053_0053.jpg 1 12 14 53 53
1892_0015_0017_0043_0043.jpg 1 15 17 43 43
1893_0011_0012_0058_0058.jpg 1 11 12 58 58
1894_0028_0029_0061_0061.jpg 1 28 29 61 61
1895_0026_0007_0043_0043.jpg 1 26 7 43 43
1896_0047_0023_0044_0044.jpg 1 47 23 44 44
1897_0034_0017_0051_0051.jpg 1 34 17 51 51
1898_0019_0022_0060_0060.jpg 1 19 22 60 60
1899_0018_0013_0060_0060.jpg 1 18 13 60 60
1900_0038_0008_0045_0045.jpg 1 38 8 45 45
1901_0032_0012_0040_0040.jpg 1 32 12 40 40
1902_0052_0037_0039_0039.jpg 1 52 37 39 39
1903_0036_0039_0048_0048.jpg 1 36 39 48 48
1904_0032_0044_0041_0041.jpg 1 32 44 41 41
1905_0032_0063_0025_0025.jpg 1 32 63 25 25
1906_0023_0015_0061_0061.jpg 1 23 15 61 61
1907_0019_0013_0062_0062.jpg 1 19 13 62 62
1908_0007_0025_0067_0067.jpg 1 7 25 67 67
1909_0025_0005_0057_0057.jpg 1 25 5 57 57
1910_0015_0028_0058_0058.jpg 1 15 28 58 58
1911_0009_0026_0052_0052.jpg 1 9 26 52 52
1912_0028_0039_0055_0055.jpg 1 28 39 55 55
1913_0042_0025_0045_0045.jpg 1 42 25 45 45
1914_0021_0019_0068_0068.jpg 1 21 19 68 68
1915_0005_0026_0047_0047.jpg 1 5 26 47 47
1916_0013_0025_0055_0055.jpg 1 13 25 55 55
1917_0015_0031_0051_0051.jpg 1 15 31 51 51
1918_0063_0024_0026_0026.jpg 1 63 24 26 26
1919_0042_0014_0026_0026.jpg 1 42 14 26 26
1920_0045_0015_0033_0033.jpg 1 45 15 33 33
1921_0013_0016_0060_0060.jpg 1 13 16 60 60
1922_0034_0010_0049_0049.jpg 1 34 10 49 49
1923_0064_0054_0027_0027.jpg 1 64 54 27 27
1924_0011_0030_0057_0057.jpg 1 11 30 57 57
1925_0021_0020_0069_0069.jpg 1 21 20 69 69
1926_0048_0043_0026_0026.jpg 1 48 43 26 26
1927_0009_0027_0061_0061.jpg 1 9 27 61 61
1928_0025_0028_0058_0058.jpg 1 25 28 58 58
1929_0014_0039_0048_0048.jpg 1 14 39 48 48
1930_0014_0016_0067_0067.jpg 1 14 16 67 67
1931_0026_0029_0029_0029.jpg 1 26 29 29 29
1932_0018_0027_0058_0058.jpg 1 18 27 58 58
1933_0034_0026_0052_0052.jpg 1 34 26 52 52
1934_0020_0016_0056_0056.jpg 1 20 16 56 56
1935_0017_0021_0069_0069.jpg 1 17 21 69 69
1936_0026_0007_0069_0069.jpg 1 26 7 69 69
1937_0024_0044_0049_0049.jpg 1 24 44 49 49
1938_0009_0038_0038_0038.jpg 1 9 38 38 38
1939_0007_0029_0058_0058.jpg 1 7 29 58 58
1940_0054_0020_0037_0037.jpg 1 54 20 37 37
1941_0019_0049_0039_0039.jpg 1 19 49 39 39
1942_0021_0015_0056_0056.jpg 1 21 15 56 56
1943_0040_0034_0052_0052.jpg 1 40 34 52 52
1944_0050_0042_0027_0027.jpg 1 50 42 27 27
1945_0017_0011_0063_0063.jpg 1 17 11 63 63
1946_0019_0028_0047_0047.jpg 1 19 28 47 47
1947_0045_0040_0032_0032.jpg 1 45 40 32 32
1948_0021_0030_0062_0062.jpg 1 21 30 62 62
1949_0017_0005_0053_0053.jpg 1 17 5 53 53
1950_0024_0015_0064_0064.jpg 1 24 15 64 64
