0001_0009_0021_0051_0051.jpg 1 9 21 51 51
0002_0013_0037_0051_0051.jpg 1 13 37 51 51
0003_0020_0032_0042_0042.jpg 1 20 32 42 42
0004_0027_0028_0045_0045.jpg 1 27 28 45 45
0005_0019_0025_0065_0065.jpg 1 19 25 65 65
0006_0042_0025_0044_0044.jpg 1 42 25 44 44
0007_0030_0013_0028_0028.jpg 1 30 13 28 28
0008_0029_0023_0064_0064.jpg 1 29 23 64 64
0009_0042_0037_0052_0052.jpg 1 42 37 52 52
0010_0052_0022_0033_0033.jpg 1 52 22 33 33
0011_0016_0009_0044_0044.jpg 1 16 9 44 44
0012_0016_0034_0054_0054.jpg 1 16 34 54 54
0013_0013_0004_0057_0057.jpg 1 13 4 57 57
0014_0019_0050_0040_0040.jpg 1 19 50 40 40
0015_0027_0021_0048_0048.jpg 1 27 21 48 48
0016_0018_0039_0056_0056.jpg 1 18 39 56 56
0017_0044_0021_0042_0042.jpg 1 44 21 42 42
0018_0010_0030_0051_0051.jpg 1 10 30 51 51
0019_0035_0043_0024_0024.jpg 1 35 43 24 24
0020_0014_0019_0058_0058.jpg 1 14 19 58 58
0021_0048_0033_0043_0043.jpg 1 48 33 43 43
0022_0028_0029_0054_0054.jpg 1 28 29 54 54
0023_0039_0024_0053_0053.jpg 1 39 24 53 53
0024_0044_0059_0029_0029.jpg 1 44 59 29 29
0025_0027_0011_0067_0067.jpg 1 27 11 67 67
0026_0027_0016_0034_0034.jpg 1 27 16 34 34
0027_0039_0035_0046_0046.jpg 1 39 35 46 46
0028_0036_0021_0049_0049.jpg 1 36 21 49 49
0029_0025_0024_0064_0064.jpg 1 25 24 64 64
0030_0012_0023_0067_0067.jpg 1 12 23 67 67
0031_0030_0032_0061_0061.jpg 1 30 32 61 61
0032_0013_0033_0046_0046.jpg 1 13 33 46 46
0033_0049_0040_0044_0044.jpg 1 49 40 44 44
0034_0026_0015_0055_0055.jpg 1 26 15 55 55
0035_0063_0037_0024_0024.jpg 1 63 37 24 24
0036_0028_0007_0041_0041.jpg 1 28 7 41 41
0037_0016_0020_0030_0030.jpg 1 16 20 30 30
0038_0028_0054_0037_0037.jpg 1 28 54 37 37
0039_0042_0044_0043_0043.jpg 1 42 44 43 43
0040_0026_0026_0061_0061.jpg 1 26 26 61 61
0041_0009_0015_0051_0051.jpg 1 9 15 51 51
0042_0025_0034_0041_0041.jpg 1 25 34 41 41
0043_0020_0007_0058_0058.jpg 1 20 7 58 58
0044_0015_0037_0035_0035.jpg 1 15 37 35 35
0045_0019_0057_0035_0035.jpg 1 19 57 35 35
0046_0010_0004_0067_0067.jpg 1 10 4 67 67
0047_0028_0017_0039_0039.jpg 1 28 17 39 39
0048_0014_0017_0031_0031.jpg 1 14 17 31 31
0049_0013_0017_0056_0056.jpg 1 13 17 56 56
0050_0011_0025_0031_0031.jpg 1 11 25 31 31
0051_0051_0017_0036_0036.jpg 1 51 17 36 36
0052_0020_0045_0047_0047.jpg 1 20 45 47 47
0053_0007_0053_0029_0029.jpg 1 7 53 29 29
0054_0004_0004_0063_0063.jpg 1 4 4 63 63
0055_0027_0015_0050_0050.jpg 1 27 15 50 50
0056_0029_0054_0032_0032.jpg 1 29 54 32 32
0057_0012_0013_0057_0057.jpg 1 12 13 57 57
0058_0033_0048_0037_0037.jpg 1 33 48 37 37
0059_0016_0006_0068_0068.jpg 1 16 6 68 68
0060_0024_0020_0064_0064.jpg 1 24 20 64 64
0061_0029_0005_0059_0059.jpg 1 29 5 59 59
0062_0004_0012_0066_0066.jpg 1 4 12 66 66
0063_0017_0029_0054_0054.jpg 1 17 29 54 54
0064_0016_0021_0065_0065.jpg 1 16 21 65 65
0065_0034_0022_0057_0057.jpg 1 34 22 57 57
0066_0016_0021_0051_0051.jpg 1 16 21 51 51
0067_0026_0039_0050_0050.jpg 1 26 39 50 50
0068_0009_0037_0042_0042.jpg 1 9 37 42 42
0069_0008_0021_0066_0066.jpg 1 8 21 66 66
0070_0008_0016_0030_0030.jpg 1 8 16 30 30
0071_0035_0010_0036_0036.jpg 1 35 10 36 36
0072_0050_0021_0029_0029.jpg 1 50 21 29 29
0073_0034_0054_0033_0033.jpg 1 34 54 33 33
0074_0031_0032_0061_0061.jpg 1 31 32 61 61
0075_0012_0038_0045_0045.jpg 1 12 38 45 45
0076_0026_0027_0068_0068.jpg 1 26 27 68 68
0077_0020_0010_0059_0059.jpg 1 20 10 59 59
0078_0017_0025_0066_0066.jpg 1 17 25 66 66
0079_0007_0016_0057_0057.jpg 1 7 16 57 57
0080_0023_0017_0053_0053.jpg 1 23 17 53 53
0081_0060_0051_0031_0031.jpg 1 60 51 31 31
0082_0027_0039_0050_0050.jpg 1 27 39 50 50
0083_0013_0029_0055_0055.jpg 1 13 29 55 55
0084_0027_0014_0068_0068.jpg 1 27 14 68 68
0085_0011_0012_0059_0059.jpg 1 11 12 59 59
0086_0010_0027_0053_0053.jpg 1 10 27 53 53
0087_0005_0004_0055_0055.jpg 1 5 4 55 55
0088_0022_0021_0036_0036.jpg 1 22 21 36 36
0089_0025_0023_0068_0068.jpg 1 25 23 68 68
0090_0043_0026_0027_0027.jpg 1 43 26 27 27
0091_0027_0005_0063_0063.jpg 1 27 5 63 63
0092_0031_0044_0043_0043.jpg 1 31 44 43 43
0093_0020_0011_0054_0054.jpg 1 20 11 54 54
0094_0041_0038_0045_0045.jpg 1 41 38 45 45
0095_0010_0003_0066_0066.jpg 1 10 3 66 66
0096_0024_0023_0062_0062.jpg 1 24 23 62 62
0097_0025_0022_0062_0062.jpg 1 25 22 62 62
0098_0050_0014_0038_0038.jpg 1 50 14 38 38
0099_0029_0022_0064_0064.jpg 1 29 22 64 64
0100_0013_0031_0059_0059.jpg 1 13 31 59 59
0101_0009_0028_0043_0043.jpg 1 9 28 43 43
0102_0048_0010_0044_0044.jpg 1 48 10 44 44
0103_0009_0053_0031_0031.jpg 1 9 53 31 31
0104_0008_0022_0068_0068.jpg 1 8 22 68 68
0105_0024_0038_0057_0057.jpg 1 24 38 57 57
0106_0039_0027_0041_0041.jpg 1 39 27 41 41
0107_0006_0010_0056_0056.jpg 1 6 10 56 56
0108_0025_0031_0054_0054.jpg 1 25 31 54 54
0109_0024_0019_0045_0045.jpg 1 24 19 45 45
0110_0033_0006_0044_0044.jpg 1 33 6 44 44
0111_0012_0017_0053_0053.jpg 1 12 17 53 53
0112_0031_0045_0048_0048.jpg 1 31 45 48 48
0113_0034_0016_0052_0052.jpg 1 34 16 52 52
0114_0031_0005_0056_0056.jpg 1 31 5 56 56
0115_0035_0022_0029_0029.jpg 1 35 22 29 29
0116_0014_0039_0039_0039.jpg 1 14 39 39 39
0117_0018_0014_0059_0059.jpg 1 18 14 59 59
0118_0025_0007_0047_0047.jpg 1 25 7 47 47
0119_0034_0027_0034_0034.jpg 1 34 27 34 34
0120_0046_0044_0043_0043.jpg 1 46 44 43 43
0121_0033_0035_0047_0047.jpg 1 33 35 47 47
0122_0032_0039_0029_0029.jpg 1 32 39 29 29
0123_0037_0032_0044_0044.jpg 1 37 32 44 44
0124_0004_0014_0059_0059.jpg 1 4 14 59 59
0125_0009_0022_0054_0054.jpg 1 9 22 54 54
0126_0033_0024_0047_0047.jpg 1 33 24 47 47
0127_0017_0003_0069_0069.jpg 1 17 3 69 69
0128_0016_0004_0069_0069.jpg 1 16 4 69 69
0129_0006_0034_0041_0041.jpg 1 6 34 41 41
0130_0009_0021_0069_0069.jpg 1 9 21 69 69
0131_0057_0044_0033_0033.jpg 1 57 44 33 33
0132_0019_0038_0039_0039.jpg 1 19 38 39 39
0133_0019_0015_0065_0065.jpg 1 19 15 65 65
0134_0020_0022_0056_0056.jpg 1 20 22 56 56
0135_0003_0023_0069_0069.jpg 1 3 23 69 69
0136_0054_0044_0025_0025.jpg 1 54 44 25 25
0137_0015_0041_0031_0031.jpg 1 15 41 31 31
0138_0034_0048_0045_0045.jpg 1 34 48 45 45
0139_0020_0022_0069_0069.jpg 1 20 22 69 69
0140_0029_0032_0063_0063.jpg 1 29 32 63 63
0141_0049_0051_0027_0027.jpg 1 49 51 27 27
0142_0035_0038_0050_0050.jpg 1 35 38 50 50
0143_0014_0035_0055_0055.jpg 1 14 35 55 55
0144_0023_0050_0037_0037.jpg 1 23 50 37 37
0145_0044_0047_0024_0024.jpg 1 44 47 24 24
0146_0029_0047_0027_0027.jpg 1 29 47 27 27
0147_0054_0023_0029_0029.jpg 1 54 23 29 29
0148_0016_0035_0044_0044.jpg 1 16 35 44 44
0149_0013_0005_0064_0064.jpg 1 13 5 64 64
0150_0016_0044_0048_0048.jpg 1 16 44 48 48
0151_0012_0015_0039_0039.jpg 1 12 15 39 39
0152_0046_0038_0037_0037.jpg 1 46 38 37 37
0153_0045_0021_0030_0030.jpg 1 45 21 30 30
0154_0024_0019_0031_0031.jpg 1 24 19 31 31
0155_0021_0013_0057_0057.jpg 1 21 13 57 57
0156_0032_0019_0055_0055.jpg 1 32 19 55 55
0157_0019_0013_0064_0064.jpg 1 19 13 64 64
0158_0018_0045_0044_0044.jpg 1 18 45 44 44
0159_0045_0013_0037_0037.jpg 1 45 13 37 37
0160_0013_0023_0036_0036.jpg 1 13 23 36 36
0161_0018_0029_0064_0064.jpg 1 18 29 64 64
0162_0010_0018_0069_0069.jpg 1 10 18 69 69
0163_0032_0009_0042_0042.jpg 1 32 9 42 42
0164_0007_0028_0057_0057.jpg 1 7 28 57 57
0165_0016_0019_0059_0059.jpg 1 16 19 59 59
0166_0021_0022_0041_0041.jpg 1 21 22 41 41
0167_0033_0012_0039_0039.jpg 1 33 12 39 39
0168_0006_0019_0055_0055.jpg 1 6 19 55 55
0169_0060_0046_0029_0029.jpg 1 60 46 29 29
0170_0026_0021_0034_0034.jpg 1 26 21 34 34
0171_0020_0010_0052_0052.jpg 1 20 10 52 52
0172_0018_0054_0030_0030.jpg 1 18 54 30 30
0173_0017_0010_0036_0036.jpg 1 17 10 36 36
0174_0056_0008_0034_0034.jpg 1 56 8 34 34
0175_0028_0030_0054_0054.jpg 1 28 30 54 54
0176_0026_0035_0059_0059.jpg 1 26 35 59 59
0177_0030_0025_0065_0065.jpg 1 30 25 65 65
0178_0045_0042_0046_0046.jpg 1 45 42 46 46
0179_0023_0014_0060_0060.jpg 1 23 14 60 60
0180_0025_0018_0029_0029.jpg 1 25 18 29 29
0181_0021_0021_0055_0055.jpg 1 21 21 55 55
0182_0018_0031_0057_0057.jpg 1 18 31 57 57
0183_0059_0052_0028_0028.jpg 1 59 52 28 28
0184_0029_0051_0032_0032.jpg 1 29 51 32 32
0185_0052_0044_0038_0038.jpg 1 52 44 38 38
0186_0053_0023_0024_0024.jpg 1 53 23 24 24
0187_0006_0005_0066_0066.jpg 1 6 5 66 66
0188_0030_0026_0059_0059.jpg 1 30 26 59 59
0189_0042_0024_0041_0041.jpg 1 42 24 41 41
0190_0047_0058_0033_0033.jpg 1 47 58 33 33
0191_0017_0016_0040_0040.jpg 1 17 16 40 40
0192_0011_0012_0069_0069.jpg 1 11 12 69 69
0193_0046_0034_0034_0034.jpg 1 46 34 34 34
0194_0050_0036_0040_0040.jpg 1 50 36 40 40
0195_0035_0034_0057_0057.jpg 1 35 34 57 57
0196_0056_0032_0036_0036.jpg 1 56 32 36 36
0197_0037_0015_0053_0053.jpg 1 37 15 53 53
0198_0004_0004_0064_0064.jpg 1 4 4 64 64
0199_0020_0011_0065_0065.jpg 1 20 11 65 65
0200_0008_0023_0033_0033.jpg 1 8 23 33 33
0201_0023_0030_0065_0065.jpg 1 23 30 65 65
0202_0033_0030_0061_0061.jpg 1 33 30 61 61
0203_0046_0039_0046_0046.jpg 1 46 39 46 46
0204_0008_0038_0051_0051.jpg 1 8 38 51 51
0205_0030_0009_0033_0033.jpg 1 30 9 33 33
0206_0023_0013_0057_0057.jpg 1 23 13 57 57
0207_0041_0031_0031_0031.jpg 1 41 31 31 31
0208_0004_0012_0068_0068.jpg 1 4 12 68 68
0209_0006_0033_0051_0051.jpg 1 6 33 51 51
0210_0034_0032_0057_0057.jpg 1 34 32 57 57
0211_0009_0009_0057_0057.jpg 1 9 9 57 57
0212_0034_0026_0025_0025.jpg 1 34 26 25 25
0213_0008_0011_0061_0061.jpg 1 8 11 61 61
0214_0035_0028_0026_0026.jpg 1 35 28 26 26
0215_0008_0013_0048_0048.jpg 1 8 13 48 48
0216_0022_0021_0042_0042.jpg 1 22 21 42 42
0217_0059_0025_0033_0033.jpg 1 59 25 33 33
0218_0026_0005_0054_0054.jpg 1 26 5 54 54
0219_0018_0026_0055_0055.jpg 1 18 26 55 55
0220_0022_0006_0063_0063.jpg 1 22 6 63 63
0221_0040_0025_0052_0052.jpg 1 40 25 52 52
0222_0019_0020_0054_0054.jpg 1 19 20 54 54
0223_0008_0020_0039_0039.jpg 1 8 20 39 39
0224_0009_0025_0049_0049.jpg 1 9 25 49 49
0225_0031_0023_0059_0059.jpg 1 31 23 59 59
0226_0055_0028_0037_0037.jpg 1 55 28 37 37
0227_0032_0042_0033_0033.jpg 1 32 42 33 33
0228_0012_0009_0065_0065.jpg 1 12 9 65 65
0229_0039_0018_0050_0050.jpg 1 39 18 50 50
0230_0033_0027_0035_0035.jpg 1 33 27 35 35
0231_0023_0017_0065_0065.jpg 1 23 17 65 65
0232_0012_0027_0067_0067.jpg 1 12 27 67 67
0233_0053_0041_0039_0039.jpg 1 53 41 39 39
0234_0048_0030_0037_0037.jpg 1 48 30 37 37
0235_0023_0023_0026_0026.jpg 1 23 23 26 26
0236_0053_0035_0032_0032.jpg 1 53 35 32 32
0237_0037_0029_0058_0058.jpg 1 37 29 58 58
0238_0007_0006_0061_0061.jpg 1 7 6 61 61
0239_0043_0066_0025_0025.jpg 1 43 66 25 25
0240_0040_0015_0029_0029.jpg 1 40 15 29 29
0241_0025_0046_0030_0030.jpg 1 25 46 30 30
0242_0035_0009_0044_0044.jpg 1 35 9 44 44
0243_0022_0007_0064_0064.jpg 1 22 7 64 64
0244_0027_0027_0064_0064.jpg 1 27 27 64 64
0245_0003_0019_0067_0067.jpg 1 3 19 67 67
0246_0054_0053_0031_0031.jpg 1 54 53 31 31
0247_0041_0027_0032_0032.jpg 1 41 27 32 32
0248_0060_0036_0029_0029.jpg 1 60 36 29 29
0249_0008_0027_0024_0024.jpg 1 8 27 24 24
0250_0029_0020_0060_0060.jpg 1 29 20 60 60
0251_0010_0024_0058_0058.jpg 1 10 24 58 58
0252_0046_0042_0042_0042.jpg 1 46 42 42 42
0253_0011_0034_0059_0059.jpg 1 11 34 59 59
0254_0005_0029_0055_0055.jpg 1 5 29 55 55
0255_0033_0038_0041_0041.jpg 1 33 38 41 41
0256_0024_0018_0053_0053.jpg 1 24 18 53 53
0257_0013_0015_0035_0035.jpg 1 13 15 35 35
0258_0011_0009_0034_0034.jpg 1 11 9 34 34
0259_0009_0038_0044_0044.jpg 1 9 38 44 44
0260_0022_0054_0029_0029.jpg 1 22 54 29 29
0261_0037_0043_0031_0031.jpg 1 37 43 31 31
0262_0029_0017_0062_0062.jpg 1 29 17 62 62
0263_0009_0050_0024_0024.jpg 1 9 50 24 24
0264_0040_0023_0049_0049.jpg 1 40 23 49 49
0265_0031_0010_0057_0057.jpg 1 31 10 57 57
0266_0035_0030_0058_0058.jpg 1 35 30 58 58
0267_0030_0015_0057_0057.jpg 1 30 15 57 57
0268_0026_0029_0034_0034.jpg 1 26 29 34 34
0269_0010_0012_0032_0032.jpg 1 10 12 32 32
0270_0013_0056_0032_0032.jpg 1 13 56 32 32
0271_0030_0047_0031_0031.jpg 1 30 47 31 31
0272_0049_0035_0034_0034.jpg 1 49 35 34 34
0273_0022_0027_0057_0057.jpg 1 22 27 57 57
0274_0015_0030_0053_0053.jpg 1 15 30 53 53
0275_0029_0047_0032_0032.jpg 1 29 47 32 32
0276_0059_0021_0033_0033.jpg 1 59 21 33 33
0277_0063_0019_0028_0028.jpg 1 63 19 28 28
0278_0033_0010_0049_0049.jpg 1 33 10 49 49
0279_0038_0014_0035_0035.jpg 1 38 14 35 35
0280_0044_0026_0031_0031.jpg 1 44 26 31 31
0281_0041_0043_0034_0034.jpg 1 41 43 34 34
0282_0035_0031_0043_0043.jpg 1 35 31 43 43
0283_0026_0016_0048_0048.jpg 1 26 16 48 48
0284_0018_0026_0045_0045.jpg 1 18 26 45 45
0285_0029_0028_0054_0054.jpg 1 29 28 54 54
0286_0016_0014_0046_0046.jpg 1 16 14 46 46
0287_0008_0017_0046_0046.jpg 1 8 17 46 46
0288_0028_0014_0061_0061.jpg 1 28 14 61 61
0289_0038_0028_0047_0047.jpg 1 38 28 47 47
0290_0040_0020_0048_0048.jpg 1 40 20 48 48
0291_0047_0035_0035_0035.jpg 1 47 35 35 35
0292_0004_0004_0068_0068.jpg 1 4 4 68 68
0293_0039_0023_0054_0054.jpg 1 39 23 54 54
0294_0027_0024_0051_0051.jpg 1 27 24 51 51
0295_0040_0020_0036_0036.jpg 1 40 20 36 36
0296_0061_0044_0030_0030.jpg 1 61 44 30 30
0297_0026_0019_0066_0066.jpg 1 26 19 66 66
0298_0023_0025_0067_0067.jpg 1 23 25 67 67
0299_0020_0006_0037_0037.jpg 1 20 6 37 37
0300_0019_0007_0030_0030.jpg 1 19 7 30 30
0301_0007_0041_0024_0024.jpg 1 7 41 24 24
0302_0057_0059_0029_0029.jpg 1 57 59 29 29
0303_0040_0022_0050_0050.jpg 1 40 22 50 50
0304_0017_0005_0061_0061.jpg 1 17 5 61 61
0305_0035_0021_0047_0047.jpg 1 35 21 47 47
0306_0042_0026_0051_0051.jpg 1 42 26 51 51
0307_0009_0004_0058_0058.jpg 1 9 4 58 58
0308_0038_0035_0035_0035.jpg 1 38 35 35 35
0309_0033_0007_0043_0043.jpg 1 33 7 43 43
0310_0011_0020_0063_0063.jpg 1 11 20 63 63
0311_0014_0010_0058_0058.jpg 1 14 10 58 58
0312_0021_0045_0033_0033.jpg 1 21 45 33 33
0313_0044_0015_0049_0049.jpg 1 44 15 49 49
0314_0037_0030_0039_0039.jpg 1 37 30 39 39
0315_0031_0023_0064_0064.jpg 1 31 23 64 64
0316_0024_0026_0065_0065.jpg 1 24 26 65 65
0317_0008_0015_0034_0034.jpg 1 8 15 34 34
0318_0027_0017_0042_0042.jpg 1 27 17 42 42
0319_0031_0024_0050_0050.jpg 1 31 24 50 50
0320_0004_0024_0059_0059.jpg 1 4 24 59 59
0321_0037_0019_0057_0057.jpg 1 37 19 57 57
0322_0028_0034_0024_0024.jpg 1 28 34 24 24
0323_0034_0040_0040_0040.jpg 1 34 40 40 40
0324_0019_0044_0027_0027.jpg 1 19 44 27 27
0325_0031_0013_0028_0028.jpg 1 31 13 28 28
0326_0019_0020_0068_0068.jpg 1 19 20 68 68
0327_0007_0007_0067_0067.jpg 1 7 7 67 67
0328_0024_0020_0067_0067.jpg 1 24 20 67 67
0329_0059_0052_0033_0033.jpg 1 59 52 33 33
0330_0026_0009_0024_0024.jpg 1 26 9 24 24
0331_0013_0008_0033_0033.jpg 1 13 8 33 33
0332_0018_0021_0056_0056.jpg 1 18 21 56 56
0333_0042_0007_0045_0045.jpg 1 42 7 45 45
0334_0025_0022_0055_0055.jpg 1 25 22 55 55
0335_0049_0053_0032_0032.jpg 1 49 53 32 32
0336_0042_0032_0050_0050.jpg 1 42 32 50 50
0337_0043_0038_0051_0051.jpg 1 43 38 51 51
0338_0018_0016_0066_0066.jpg 1 18 16 66 66
0339_0010_0060_0025_0025.jpg 1 10 60 25 25
0340_0037_0010_0033_0033.jpg 1 37 10 33 33
0341_0026_0024_0061_0061.jpg 1 26 24 61 61
0342_0012_0009_0036_0036.jpg 1 12 9 36 36
0343_0022_0020_0046_0046.jpg 1 22 20 46 46
0344_0018_0017_0045_0045.jpg 1 18 17 45 45
0345_0038_0022_0033_0033.jpg 1 38 22 33 33
0346_0017_0022_0053_0053.jpg 1 17 22 53 53
0347_0043_0017_0030_0030.jpg 1 43 17 30 30
0348_0032_0034_0047_0047.jpg 1 32 34 47 47
0349_0028_0035_0040_0040.jpg 1 28 35 40 40
0350_0021_0018_0051_0051.jpg 1 21 18 51 51
0351_0045_0045_0048_0048.jpg 1 45 45 48 48
0352_0023_0032_0051_0051.jpg 1 23 32 51 51
0353_0016_0033_0060_0060.jpg 1 16 33 60 60
0354_0046_0038_0046_0046.jpg 1 46 38 46 46
0355_0034_0041_0039_0039.jpg 1 34 41 39 39
0356_0026_0024_0066_0066.jpg 1 26 24 66 66
0357_0037_0007_0039_0039.jpg 1 37 7 39 39
0358_0037_0007_0049_0049.jpg 1 37 7 49 49
0359_0008_0010_0028_0028.jpg 1 8 10 28 28
0360_0024_0011_0065_0065.jpg 1 24 11 65 65
0361_0039_0005_0054_0054.jpg 1 39 5 54 54
0362_0033_0023_0049_0049.jpg 1 33 23 49 49
0363_0050_0039_0042_0042.jpg 1 50 39 42 42
0364_0019_0015_0060_0060.jpg 1 19 15 60 60
0365_0024_0026_0055_0055.jpg 1 24 26 55 55
0366_0051_0019_0030_0030.jpg 1 51 19 30 30
0367_0014_0016_0068_0068.jpg 1 14 16 68 68
0368_0006_0017_0069_0069.jpg 1 6 17 69 69
0369_0029_0041_0042_0042.jpg 1 29 41 42 42
0370_0041_0022_0050_0050.jpg 1 41 22 50 50
0371_0004_0018_0058_0058.jpg 1 4 18 58 58
0372_0023_0016_0043_0043.jpg 1 23 16 43 43
0373_0033_0040_0050_0050.jpg 1 33 40 50 50
0374_0029_0051_0037_0037.jpg 1 29 51 37 37
0375_0026_0030_0057_0057.jpg 1 26 30 57 57
0376_0028_0033_0035_0035.jpg 1 28 33 35 35
0377_0041_0005_0051_0051.jpg 1 41 5 51 51
0378_0035_0026_0042_0042.jpg 1 35 26 42 42
0379_0018_0011_0062_0062.jpg 1 18 11 62 62
0380_0043_0019_0044_0044.jpg 1 43 19 44 44
0381_0053_0034_0024_0024.jpg 1 53 34 24 24
0382_0033_0030_0061_0061.jpg 1 33 30 61 61
0383_0022_0014_0061_0061.jpg 1 22 14 61 61
0384_0038_0020_0030_0030.jpg 1 38 20 30 30
0385_0010_0033_0050_0050.jpg 1 10 33 50 50
0386_0009_0034_0045_0045.jpg 1 9 34 45 45
0387_0010_0034_0050_0050.jpg 1 10 34 50 50
0388_0024_0028_0065_0065.jpg 1 24 28 65 65
0389_0020_0010_0047_0047.jpg 1 20 10 47 47
0390_0019_0006_0062_0062.jpg 1 19 6 62 62
0391_0060_0026_0028_0028.jpg 1 60 26 28 28
0392_0035_0017_0024_0024.jpg 1 35 17 24 24
0393_0017_0008_0043_0043.jpg 1 17 8 43 43
0394_0032_0043_0035_0035.jpg 1 32 43 35 35
0395_0011_0011_0061_0061.jpg 1 11 11 61 61
0396_0031_0013_0061_0061.jpg 1 31 13 61 61
0397_0024_0023_0047_0047.jpg 1 24 23 47 47
0398_0024_0042_0028_0028.jpg 1 24 42 28 28
0399_0022_0022_0066_0066.jpg 1 22 22 66 66
0400_0008_0006_0065_0065.jpg 1 8 6 65 65
0401_0030_0016_0026_0026.jpg 1 30 16 26 26
0402_0005_0034_0058_0058.jpg 1 5 34 58 58
0403_0023_0028_0057_0057.jpg 1 23 28 57 57
0404_0005_0022_0051_0051.jpg 1 5 22 51 51
0405_0038_0033_0049_0049.jpg 1 38 33 49 49
0406_0059_0051_0030_0030.jpg 1 59 51 30 30
0407_0020_0017_0057_0057.jpg 1 20 17 57 57
0408_0022_0041_0035_0035.jpg 1 22 41 35 35
0409_0014_0037_0057_0057.jpg 1 14 37 57 57
0410_0026_0024_0028_0028.jpg 1 26 24 28 28
0411_0013_0008_0050_0050.jpg 1 13 8 50 50
0412_0006_0006_0043_0043.jpg 1 6 6 43 43
0413_0009_0042_0048_0048.jpg 1 9 42 48 48
0414_0036_0027_0054_0054.jpg 1 36 27 54 54
0415_0021_0015_0030_0030.jpg 1 21 15 30 30
0416_0034_0030_0032_0032.jpg 1 34 30 32 32
0417_0014_0013_0067_0067.jpg 1 14 13 67 67
0418_0046_0012_0043_0043.jpg 1 46 12 43 43
0419_0004_0019_0052_0052.jpg 1 4 19 52 52
0420_0051_0054_0032_0032.jpg 1 51 54 32 32
0421_0012_0012_0038_0038.jpg 1 12 12 38 38
0422_0034_0033_0044_0044.jpg 1 34 33 44 44
0423_0017_0026_0054_0054.jpg 1 17 26 54 54
0424_0021_0018_0067_0067.jpg 1 21 18 67 67
0425_0013_0039_0051_0051.jpg 1 13 39 51 51
0426_0011_0036_0046_0046.jpg 1 11 36 46 46
0427_0017_0017_0066_0066.jpg 1 17 17 66 66
0428_0018_0039_0028_0028.jpg 1 18 39 28 28
0429_0048_0026_0025_0025.jpg 1 48 26 25 25
0430_0030_0022_0066_0066.jpg 1 30 22 66 66
0431_0023_0019_0040_0040.jpg 1 23 19 40 40
0432_0020_0003_0064_0064.jpg 1 20 3 64 64
0433_0028_0028_0056_0056.jpg 1 28 28 56 56
0434_0015_0031_0024_0024.jpg 1 15 31 24 24
0435_0018_0006_0062_0062.jpg 1 18 6 62 62
0436_0020_0019_0055_0055.jpg 1 20 19 55 55
0437_0034_0026_0059_0059.jpg 1 34 26 59 59
0438_0011_0057_0036_0036.jpg 1 11 57 36 36
0439_0011_0027_0069_0069.jpg 1 11 27 69 69
0440_0047_0018_0034_0034.jpg 1 47 18 34 34
0441_0028_0024_0042_0042.jpg 1 28 24 42 42
0442_0010_0012_0044_0044.jpg 1 10 12 44 44
0443_0058_0021_0027_0027.jpg 1 58 21 27 27
0444_0045_0019_0040_0040.jpg 1 45 19 40 40
0445_0024_0061_0025_0025.jpg 1 24 61 25 25
0446_0033_0020_0045_0045.jpg 1 33 20 45 45
0447_0022_0016_0057_0057.jpg 1 22 16 57 57
0448_0014_0024_0027_0027.jpg 1 14 24 27 27
0449_0021_0005_0062_0062.jpg 1 21 5 62 62
0450_0055_0008_0030_0030.jpg 1 55 8 30 30
0451_0028_0014_0047_0047.jpg 1 28 14 47 47
0452_0010_0016_0063_0063.jpg 1 10 16 63 63
0453_0012_0028_0058_0058.jpg 1 12 28 58 58
0454_0011_0010_0041_0041.jpg 1 11 10 41 41
0455_0035_0020_0033_0033.jpg 1 35 20 33 33
0456_0035_0026_0055_0055.jpg 1 35 26 55 55
0457_0005_0030_0057_0057.jpg 1 5 30 57 57
0458_0038_0007_0048_0048.jpg 1 38 7 48 48
0459_0006_0010_0063_0063.jpg 1 6 10 63 63
0460_0024_0035_0059_0059.jpg 1 24 35 59 59
0461_0028_0023_0057_0057.jpg 1 28 23 57 57
0462_0024_0027_0046_0046.jpg 1 24 27 46 46
0463_0041_0007_0053_0053.jpg 1 41 7 53 53
0464_0022_0012_0049_0049.jpg 1 22 12 49 49
0465_0012_0022_0027_0027.jpg 1 12 22 27 27
0466_0023_0022_0066_0066.jpg 1 23 22 66 66
0467_0005_0031_0056_0056.jpg 1 5 31 56 56
0468_0008_0030_0061_0061.jpg 1 8 30 61 61
0469_0040_0037_0026_0026.jpg 1 40 37 26 26
0470_0007_0010_0064_0064.jpg 1 7 10 64 64
0471_0017_0016_0027_0027.jpg 1 17 16 27 27
0472_0012_0020_0050_0050.jpg 1 12 20 50 50
0473_0016_0008_0068_0068.jpg 1 16 8 68 68
0474_0021_0003_0063_0063.jpg 1 21 3 63 63
0475_0064_0041_0027_0027.jpg 1 64 41 27 27
0476_0036_0006_0058_0058.jpg 1 36 6 58 58
0477_0010_0008_0065_0065.jpg 1 10 8 65 65
0478_0026_0016_0034_0034.jpg 1 26 16 34 34
0479_0030_0007_0064_0064.jpg 1 30 7 64 64
0480_0058_0016_0033_0033.jpg 1 58 16 33 33
0481_0021_0033_0045_0045.jpg 1 21 33 45 45
0482_0013_0025_0034_0034.jpg 1 13 25 34 34
0483_0022_0021_0069_0069.jpg 1 22 21 69 69
0484_0005_0019_0058_0058.jpg 1 5 19 58 58
0485_0026_0004_0068_0068.jpg 1 26 4 68 68
0486_0042_0010_0050_0050.jpg 1 42 10 50 50
0487_0033_0040_0036_0036.jpg 1 33 40 36 36
0488_0020_0038_0040_0040.jpg 1 20 38 40 40
0489_0015_0014_0024_0024.jpg 1 15 14 24 24
0490_0042_0029_0026_0026.jpg 1 42 29 26 26
0491_0004_0022_0061_0061.jpg 1 4 22 61 61
0492_0056_0010_0028_0028.jpg 1 56 10 28 28
0493_0015_0032_0026_0026.jpg 1 15 32 26 26
0494_0013_0016_0060_0060.jpg 1 13 16 60 60
0495_0005_0042_0049_0049.jpg 1 5 42 49 49
0496_0034_0043_0045_0045.jpg 1 34 43 45 45
0497_0018_0009_0065_0065.jpg 1 18 9 65 65
0498_0042_0005_0050_0050.jpg 1 42 5 50 50
0499_0016_0029_0061_0061.jpg 1 16 29 61 61
0500_0021_0025_0069_0069.jpg 1 21 25 69 69
0501_0011_0009_0047_0047.jpg 1 11 9 47 47
0502_0026_0034_0025_0025.jpg 1 26 34 25 25
0503_0019_0031_0049_0049.jpg 1 19 31 49 49
0504_0027_0012_0064_0064.jpg 1 27 12 64 64
0505_0025_0028_0038_0038.jpg 1 25 28 38 38
0506_0010_0014_0068_0068.jpg 1 10 14 68 68
0507_0031_0023_0061_0061.jpg 1 31 23 61 61
0508_0045_0040_0027_0027.jpg 1 45 40 27 27
0509_0006_0014_0034_0034.jpg 1 6 14 34 34
0510_0031_0021_0046_0046.jpg 1 31 21 46 46
0511_0033_0015_0060_0060.jpg 1 33 15 60 60
0512_0009_0006_0065_0065.jpg 1 9 6 65 65
0513_0025_0014_0063_0063.jpg 1 25 14 63 63
0514_0023_0031_0063_0063.jpg 1 23 31 63 63
0515_0036_0017_0052_0052.jpg 1 36 17 52 52
0516_0029_0045_0044_0044.jpg 1 29 45 44 44
0517_0026_0004_0061_0061.jpg 1 26 4 61 61
0518_0041_0026_0039_0039.jpg 1 41 26 39 39
0519_0018_0021_0060_0060.jpg 1 18 21 60 60
0520_0045_0057_0033_0033.jpg 1 45 57 33 33
0521_0011_0038_0025_0025.jpg 1 11 38 25 25
0522_0042_0024_0052_0052.jpg 1 42 24 52 52
0523_0017_0027_0069_0069.jpg 1 17 27 69 69
0524_0037_0027_0035_0035.jpg 1 37 27 35 35
0525_0011_0036_0027_0027.jpg 1 11 36 27 27
0526_0003_0027_0062_0062.jpg 1 3 27 62 62
0527_0014_0015_0042_0042.jpg 1 14 15 42 42
0528_0021_0013_0057_0057.jpg 1 21 13 57 57
0529_0027_0038_0049_0049.jpg 1 27 38 49 49
0530_0006_0024_0060_0060.jpg 1 6 24 60 60
0531_0023_0031_0061_0061.jpg 1 23 31 61 61
0532_0009_0040_0043_0043.jpg 1 9 40 43 43
0533_0005_0008_0067_0067.jpg 1 5 8 67 67
0534_0012_0036_0036_0036.jpg 1 12 36 36 36
0535_0012_0027_0025_0025.jpg 1 12 27 25 25
0536_0042_0035_0043_0043.jpg 1 42 35 43 43
0537_0025_0021_0069_0069.jpg 1 25 21 69 69
0538_0014_0030_0059_0059.jpg 1 14 30 59 59
0539_0013_0027_0044_0044.jpg 1 13 27 44 44
0540_0036_0024_0051_0051.jpg 1 36 24 51 51
0541_0036_0034_0053_0053.jpg 1 36 34 53 53
0542_0026_0018_0068_0068.jpg 1 26 18 68 68
0543_0018_0036_0056_0056.jpg 1 18 36 56 56
0544_0063_0042_0028_0028.jpg 1 63 42 28 28
0545_0017_0036_0054_0054.jpg 1 17 36 54 54
0546_0007_0015_0059_0059.jpg 1 7 15 59 59
0547_0042_0008_0038_0038.jpg 1 42 8 38 38
0548_0013_0031_0056_0056.jpg 1 13 31 56 56
0549_0014_0011_0049_0049.jpg 1 14 11 49 49
0550_0012_0009_0058_0058.jpg 1 12 9 58 58
0551_0015_0017_0068_0068.jpg 1 15 17 68 68
0552_0054_0043_0039_0039.jpg 1 54 43 39 39
0553_0013_0020_0053_0053.jpg 1 13 20 53 53
0554_0049_0026_0027_0027.jpg 1 49 26 27 27
0555_0012_0037_0058_0058.jpg 1 12 37 58 58
0556_0030_0007_0064_0064.jpg 1 30 7 64 64
0557_0023_0009_0053_0053.jpg 1 23 9 53 53
0558_0023_0061_0027_0027.jpg 1 23 61 27 27
0559_0009_0013_0066_0066.jpg 1 9 13 66 66
0560_0037_0049_0032_0032.jpg 1 37 49 32 32
0561_0026_0042_0043_0043.jpg 1 26 42 43 43
0562_0026_0048_0032_0032.jpg 1 26 48 32 32
0563_0014_0024_0053_0053.jpg 1 14 24 53 53
0564_0023_0036_0058_0058.jpg 1 23 36 58 58
0565_0031_0016_0049_0049.jpg 1 31 16 49 49
0566_0029_0039_0046_0046.jpg 1 29 39 46 46
0567_0051_0008_0039_0039.jpg 1 51 8 39 39
0568_0031_0047_0044_0044.jpg 1 31 47 44 44
0569_0057_0022_0034_0034.jpg 1 57 22 34 34
0570_0006_0005_0054_0054.jpg 1 6 5 54 54
0571_0041_0016_0047_0047.jpg 1 41 16 47 47
0572_0004_0026_0066_0066.jpg 1 4 26 66 66
0573_0031_0048_0035_0035.jpg 1 31 48 35 35
0574_0051_0013_0038_0038.jpg 1 51 13 38 38
0575_0042_0008_0029_0029.jpg 1 42 8 29 29
0576_0009_0006_0065_0065.jpg 1 9 6 65 65
0577_0011_0023_0060_0060.jpg 1 11 23 60 60
0578_0019_0029_0031_0031.jpg 1 19 29 31 31
0579_0013_0022_0049_0049.jpg 1 13 22 49 49
0580_0009_0021_0032_0032.jpg 1 9 21 32 32
0581_0045_0025_0034_0034.jpg 1 45 25 34 34
0582_0044_0044_0027_0027.jpg 1 44 44 27 27
0583_0010_0015_0068_0068.jpg 1 10 15 68 68
0584_0020_0045_0044_0044.jpg 1 20 45 44 44
0585_0020_0009_0063_0063.jpg 1 20 9 63 63
0586_0021_0029_0066_0066.jpg 1 21 29 66 66
0587_0006_0011_0069_0069.jpg 1 6 11 69 69
0588_0038_0006_0043_0043.jpg 1 38 6 43 43
0589_0011_0039_0039_0039.jpg 1 11 39 39 39
0590_0035_0016_0059_0059.jpg 1 35 16 59 59
0591_0030_0009_0053_0053.jpg 1 30 9 53 53
0592_0013_0010_0066_0066.jpg 1 13 10 66 66
0593_0014_0012_0035_0035.jpg 1 14 12 35 35
0594_0006_0019_0051_0051.jpg 1 6 19 51 51
0595_0029_0027_0054_0054.jpg 1 29 27 54 54
0596_0014_0033_0053_0053.jpg 1 14 33 53 53
0597_0018_0018_0067_0067.jpg 1 18 18 67 67
0598_0030_0008_0029_0029.jpg 1 30 8 29 29
0599_0013_0006_0045_0045.jpg 1 13 6 45 45
0600_0043_0039_0051_0051.jpg 1 43 39 51 51
0601_0022_0011_0068_0068.jpg 1 22 11 68 68
0602_0037_0040_0046_0046.jpg 1 37 40 46 46
0603_0051_0035_0043_0043.jpg 1 51 35 43 43
0604_0031_0060_0028_0028.jpg 1 31 60 28 28
0605_0022_0006_0062_0062.jpg 1 22 6 62 62
0606_0047_0055_0030_0030.jpg 1 47 55 30 30
0607_0036_0017_0059_0059.jpg 1 36 17 59 59
0608_0031_0011_0057_0057.jpg 1 31 11 57 57
0609_0051_0021_0024_0024.jpg 1 51 21 24 24
0610_0005_0017_0064_0064.jpg 1 5 17 64 64
0611_0028_0033_0032_0032.jpg 1 28 33 32 32
0612_0020_0027_0058_0058.jpg 1 20 27 58 58
0613_0013_0012_0051_0051.jpg 1 13 12 51 51
0614_0023_0023_0062_0062.jpg 1 23 23 62 62
0615_0006_0036_0058_0058.jpg 1 6 36 58 58
0616_0017_0030_0065_0065.jpg 1 17 30 65 65
0617_0027_0055_0029_0029.jpg 1 27 55 29 29
0618_0052_0045_0039_0039.jpg 1 52 45 39 39
0619_0046_0025_0048_0048.jpg 1 46 25 48 48
0620_0032_0039_0039_0039.jpg 1 32 39 39 39
0621_0028_0005_0064_0064.jpg 1 28 5 64 64
0622_0046_0024_0040_0040.jpg 1 46 24 40 40
0623_0033_0030_0037_0037.jpg 1 33 30 37 37
0624_0017_0022_0049_0049.jpg 1 17 22 49 49
0625_0027_0019_0068_0068.jpg 1 27 19 68 68
0626_0012_0045_0045_0045.jpg 1 12 45 45 45
0627_0010_0008_0048_0048.jpg 1 10 8 48 48
0628_0012_0024_0064_0064.jpg 1 12 24 64 64
0629_0011_0024_0049_0049.jpg 1 11 24 49 49
0630_0016_0006_0054_0054.jpg 1 16 6 54 54
0631_0036_0029_0032_0032.jpg 1 36 29 32 32
0632_0011_0005_0064_0064.jpg 1 11 5 64 64
0633_0013_0018_0033_0033.jpg 1 13 18 33 33
0634_0029_0026_0066_0066.jpg 1 29 26 66 66
0635_0025_0033_0030_0030.jpg 1 25 33 30 30
0636_0030_0024_0058_0058.jpg 1 30 24 58 58
0637_0016_0030_0026_0026.jpg 1 16 30 26 26
0638_0036_0029_0045_0045.jpg 1 36 29 45 45
0639_0013_0031_0063_0063.jpg 1 13 31 63 63
0640_0008_0012_0058_0058.jpg 1 8 12 58 58
0641_0014_0005_0068_0068.jpg 1 14 5 68 68
0642_0012_0007_0045_0045.jpg 1 12 7 45 45
0643_0025_0023_0033_0033.jpg 1 25 23 33 33
0644_0049_0050_0039_0039.jpg 1 49 50 39 39
0645_0021_0024_0026_0026.jpg 1 21 24 26 26
0646_0019_0029_0029_0029.jpg 1 19 29 29 29
0647_0038_0011_0046_0046.jpg 1 38 11 46 46
0648_0041_0029_0051_0051.jpg 1 41 29 51 51
0649_0021_0027_0056_0056.jpg 1 21 27 56 56
0650_0017_0008_0059_0059.jpg 1 17 8 59 59
0651_0022_0025_0050_0050.jpg 1 22 25 50 50
0652_0030_0031_0034_0034.jpg 1 30 31 34 34
0653_0035_0024_0053_0053.jpg 1 35 24 53 53
0654_0007_0021_0063_0063.jpg 1 7 21 63 63
0655_0041_0027_0047_0047.jpg 1 41 27 47 47
0656_0054_0029_0027_0027.jpg 1 54 29 27 27
0657_0018_0039_0044_0044.jpg 1 18 39 44 44
0658_0045_0027_0030_0030.jpg 1 45 27 30 30
0659_0009_0024_0054_0054.jpg 1 9 24 54 54
0660_0050_0033_0043_0043.jpg 1 50 33 43 43
0661_0021_0045_0047_0047.jpg 1 21 45 47 47
0662_0037_0043_0051_0051.jpg 1 37 43 51 51
0663_0005_0011_0052_0052.jpg 1 5 11 52 52
0664_0005_0015_0050_0050.jpg 1 5 15 50 50
0665_0010_0027_0066_0066.jpg 1 10 27 66 66
0666_0007_0010_0064_0064.jpg 1 7 10 64 64
0667_0006_0035_0042_0042.jpg 1 6 35 42 42
0668_0008_0044_0035_0035.jpg 1 8 44 35 35
0669_0029_0009_0036_0036.jpg 1 29 9 36 36
0670_0065_0009_0026_0026.jpg 1 65 9 26 26
0671_0013_0041_0041_0041.jpg 1 13 41 41 41
0672_0040_0050_0032_0032.jpg 1 40 50 32 32
0673_0017_0020_0034_0034.jpg 1 17 20 34 34
0674_0015_0005_0069_0069.jpg 1 15 5 69 69
0675_0023_0026_0053_0053.jpg 1 23 26 53 53
0676_0025_0015_0060_0060.jpg 1 25 15 60 60
0677_0048_0053_0027_0027.jpg 1 48 53 27 27
0678_0011_0027_0048_0048.jpg 1 11 27 48 48
0679_0035_0012_0045_0045.jpg 1 35 12 45 45
0680_0042_0042_0043_0043.jpg 1 42 42 43 43
0681_0045_0019_0045_0045.jpg 1 45 19 45 45
0682_0024_0013_0054_0054.jpg 1 24 13 54 54
0683_0016_0016_0065_0065.jpg 1 16 16 65 65
0684_0041_0033_0042_0042.jpg 1 41 33 42 42
0685_0009_0024_0051_0051.jpg 1 9 24 51 51
0686_0003_0003_0069_0069.jpg 1 3 3 69 69
0687_0024_0017_0050_0050.jpg 1 24 17 50 50
0688_0019_0032_0062_0062.jpg 1 19 32 62 62
0689_0063_0013_0027_0027.jpg 1 63 13 27 27
0690_0022_0023_0068_0068.jpg 1 22 23 68 68
0691_0019_0019_0030_0030.jpg 1 19 19 30 30
0692_0008_0020_0048_0048.jpg 1 8 20 48 48
0693_0019_0038_0048_0048.jpg 1 19 38 48 48
0694_0012_0018_0050_0050.jpg 1 12 18 50 50
0695_0009_0008_0061_0061.jpg 1 9 8 61 61
0696_0006_0036_0054_0054.jpg 1 6 36 54 54
0697_0022_0029_0061_0061.jpg 1 22 29 61 61
0698_0008_0021_0058_0058.jpg 1 8 21 58 58
0699_0026_0034_0025_0025.jpg 1 26 34 25 25
0700_0015_0019_0041_0041.jpg 1 15 19 41 41
0701_0022_0029_0030_0030.jpg 1 22 29 30 30
0702_0007_0009_0048_0048.jpg 1 7 9 48 48
0703_0015_0019_0041_0041.jpg 1 15 19 41 41
0704_0033_0042_0035_0035.jpg 1 33 42 35 35
0705_0046_0032_0028_0028.jpg 1 46 32 28 28
0706_0006_0016_0045_0045.jpg 1 6 16 45 45
0707_0007_0022_0060_0060.jpg 1 7 22 60 60
0708_0047_0024_0028_0028.jpg 1 47 24 28 28
0709_0008_0019_0063_0063.jpg 1 8 19 63 63
0710_0026_0020_0041_0041.jpg 1 26 20 41 41
0711_0025_0011_0062_0062.jpg 1 25 11 62 62
0712_0026_0064_0024_0024.jpg 1 26 64 24 24
0713_0015_0017_0066_0066.jpg 1 15 17 66 66
0714_0057_0030_0027_0027.jpg 1 57 30 27 27
0715_0025_0025_0062_0062.jpg 1 25 25 62 62
0716_0022_0014_0047_0047.jpg 1 22 14 47 47
0717_0015_0038_0030_0030.jpg 1 15 38 30 30
0718_0043_0042_0029_0029.jpg 1 43 42 29 29
0719_0031_0010_0029_0029.jpg 1 31 10 29 29
0720_0035_0035_0049_0049.jpg 1 35 35 49 49
0721_0019_0026_0035_0035.jpg 1 19 26 35 35
0722_0042_0028_0048_0048.jpg 1 42 28 48 48
0723_0007_0027_0054_0054.jpg 1 7 27 54 54
0724_0024_0024_0068_0068.jpg 1 24 24 68 68
0725_0018_0016_0069_0069.jpg 1 18 16 69 69
0726_0023_0011_0056_0056.jpg 1 23 11 56 56
0727_0022_0027_0060_0060.jpg 1 22 27 60 60
0728_0016_0022_0042_0042.jpg 1 16 22 42 42
0729_0016_0032_0042_0042.jpg 1 16 32 42 42
0730_0030_0037_0043_0043.jpg 1 30 37 43 43
0731_0030_0024_0047_0047.jpg 1 30 24 47 47
0732_0003_0016_0069_0069.jpg 1 3 16 69 69
0733_0025_0015_0047_0047.jpg 1 25 15 47 47
0734_0038_0018_0030_0030.jpg 1 38 18 30 30
0735_0026_0017_0069_0069.jpg 1 26 17 69 69
0736_0018_0018_0052_0052.jpg 1 18 18 52 52
0737_0022_0033_0052_0052.jpg 1 22 33 52 52
0738_0015_0016_0050_0050.jpg 1 15 16 50 50
0739_0022_0030_0034_0034.jpg 1 22 30 34 34
0740_0021_0024_0067_0067.jpg 1 21 24 67 67
0741_0048_0019_0036_0036.jpg 1 48 19 36 36
0742_0026_0007_0043_0043.jpg 1 26 7 43 43
0743_0019_0006_0039_0039.jpg 1 19 6 39 39
0744_0046_0011_0046_0046.jpg 1 46 11 46 46
0745_0027_0043_0041_0041.jpg 1 27 43 41 41
0746_0033_0026_0062_0062.jpg 1 33 26 62 62
0747_0032_0015_0057_0057.jpg 1 32 15 57 57
0748_0029_0039_0048_0048.jpg 1 29 39 48 48
0749_0012_0038_0055_0055.jpg 1 12 38 55 55
0750_0038_0051_0032_0032.jpg 1 38 51 32 32
0751_0014_0045_0046_0046.jpg 1 14 45 46 46
0752_0007_0012_0051_0051.jpg 1 7 12 51 51
0753_0010_0013_0061_0061.jpg 1 10 13 61 61
0754_0043_0008_0031_0031.jpg 1 43 8 31 31
0755_0049_0059_0031_0031.jpg 1 49 59 31 31
0756_0014_0005_0050_0050.jpg 1 14 5 50 50
0757_0043_0010_0045_0045.jpg 1 43 10 45 45
0758_0027_0016_0037_0037.jpg 1 27 16 37 37
0759_0027_0027_0051_0051.jpg 1 27 27 51 51
0760_0022_0029_0039_0039.jpg 1 22 29 39 39
0761_0012_0024_0067_0067.jpg 1 12 24 67 67
0762_0042_0055_0030_0030.jpg 1 42 55 30 30
0763_0010_0028_0057_0057.jpg 1 10 28 57 57
0764_0017_0030_0048_0048.jpg 1 17 30 48 48
0765_0021_0027_0051_0051.jpg 1 21 27 51 51
0766_0028_0020_0049_0049.jpg 1 28 20 49 49
0767_0022_0032_0059_0059.jpg 1 22 32 59 59
0768_0031_0011_0027_0027.jpg 1 31 11 27 27
0769_0010_0006_0051_0051.jpg 1 10 6 51 51
0770_0026_0021_0054_0054.jpg 1 26 21 54 54
0771_0036_0047_0035_0035.jpg 1 36 47 35 35
0772_0006_0009_0039_0039.jpg 1 6 9 39 39
0773_0016_0009_0066_0066.jpg 1 16 9 66 66
0774_0012_0015_0063_0063.jpg 1 12 15 63 63
0775_0014_0017_0033_0033.jpg 1 14 17 33 33
0776_0010_0020_0065_0065.jpg 1 10 20 65 65
0777_0047_0037_0044_0044.jpg 1 47 37 44 44
0778_0028_0022_0051_0051.jpg 1 28 22 51 51
0779_0046_0042_0042_0042.jpg 1 46 42 42 42
0780_0004_0025_0067_0067.jpg 1 4 25 67 67
0781_0035_0006_0050_0050.jpg 1 35 6 50 50
0782_0057_0053_0030_0030.jpg 1 57 53 30 30
0783_0016_0047_0037_0037.jpg 1 16 47 37 37
0784_0030_0035_0056_0056.jpg 1 30 35 56 56
0785_0029_0026_0046_0046.jpg 1 29 26 46 46
0786_0031_0007_0058_0058.jpg 1 31 7 58 58
0787_0025_0021_0044_0044.jpg 1 25 21 44 44
0788_0030_0006_0054_0054.jpg 1 30 6 54 54
0789_0012_0056_0030_0030.jpg 1 12 56 30 30
0790_0015_0027_0027_0027.jpg 1 15 27 27 27
0791_0010_0023_0029_0029.jpg 1 10 23 29 29
0792_0033_0023_0033_0033.jpg 1 33 23 33 33
0793_0022_0024_0025_0025.jpg 1 22 24 25 25
0794_0007_0032_0049_0049.jpg 1 7 32 49 49
0795_0036_0051_0029_0029.jpg 1 36 51 29 29
0796_0018_0028_0068_0068.jpg 1 18 28 68 68
0797_0021_0028_0060_0060.jpg 1 21 28 60 60
0798_0008_0004_0051_0051.jpg 1 8 4 51 51
0799_0011_0025_0065_0065.jpg 1 11 25 65 65
0800_0062_0058_0027_0027.jpg 1 62 58 27 27
0801_0026_0040_0048_0048.jpg 1 26 40 48 48
0802_0033_0020_0047_0047.jpg 1 33 20 47 47
0803_0023_0004_0060_0060.jpg 1 23 4 60 60
0804_0011_0015_0068_0068.jpg 1 11 15 68 68
0805_0024_0011_0043_0043.jpg 1 24 11 43 43
0806_0005_0011_0065_0065.jpg 1 5 11 65 65
0807_0048_0014_0034_0034.jpg 1 48 14 34 34
0808_0040_0021_0049_0049.jpg 1 40 21 49 49
0809_0005_0016_0069_0069.jpg 1 5 16 69 69
0810_0026_0030_0028_0028.jpg 1 26 30 28 28
0811_0020_0044_0027_0027.jpg 1 20 44 27 27
0812_0056_0018_0032_0032.jpg 1 56 18 32 32
0813_0004_0011_0064_0064.jpg 1 4 11 64 64
0814_0013_0021_0047_0047.jpg 1 13 21 47 47
0815_0027_0035_0053_0053.jpg 1 27 35 53 53
0816_0021_0023_0033_0033.jpg 1 21 23 33 33
0817_0023_0010_0063_0063.jpg 1 23 10 63 63
0818_0055_0026_0035_0035.jpg 1 55 26 35 35
0819_0024_0032_0029_0029.jpg 1 24 32 29 29
0820_0039_0049_0041_0041.jpg 1 39 49 41 41
0821_0049_0037_0025_0025.jpg 1 49 37 25 25
0822_0035_0046_0044_0044.jpg 1 35 46 44 44
0823_0019_0020_0066_0066.jpg 1 19 20 66 66
0824_0031_0020_0047_0047.jpg 1 31 20 47 47
0825_0040_0015_0047_0047.jpg 1 40 15 47 47
0826_0015_0027_0052_0052.jpg 1 15 27 52 52
0827_0007_0005_0049_0049.jpg 1 7 5 49 49
0828_0010_0018_0038_0038.jpg 1 10 18 38 38
0829_0019_0045_0028_0028.jpg 1 19 45 28 28
0830_0034_0007_0062_0062.jpg 1 34 7 62 62
0831_0020_0011_0059_0059.jpg 1 20 11 59 59
0832_0020_0029_0066_0066.jpg 1 20 29 66 66
0833_0047_0017_0028_0028.jpg 1 47 17 28 28
0834_0028_0018_0059_0059.jpg 1 28 18 59 59
0835_0008_0042_0050_0050.jpg 1 8 42 50 50
0836_0016_0047_0031_0031.jpg 1 16 47 31 31
0837_0056_0030_0025_0025.jpg 1 56 30 25 25
0838_0031_0027_0057_0057.jpg 1 31 27 57 57
0839_0027_0018_0040_0040.jpg 1 27 18 40 40
0840_0008_0013_0025_0025.jpg 1 8 13 25 25
0841_0022_0040_0054_0054.jpg 1 22 40 54 54
0842_0006_0019_0052_0052.jpg 1 6 19 52 52
0843_0008_0035_0058_0058.jpg 1 8 35 58 58
0844_0036_0022_0045_0045.jpg 1 36 22 45 45
0845_0026_0011_0040_0040.jpg 1 26 11 40 40
0846_0019_0031_0027_0027.jpg 1 19 31 27 27
0847_0022_0032_0054_0054.jpg 1 22 32 54 54
0848_0032_0017_0060_0060.jpg 1 32 17 60 60
0849_0014_0022_0047_0047.jpg 1 14 22 47 47
0850_0026_0040_0052_0052.jpg 1 26 40 52 52
0851_0023_0037_0048_0048.jpg 1 23 37 48 48
0852_0021_0030_0047_0047.jpg 1 21 30 47 47
0853_0055_0016_0033_0033.jpg 1 55 16 33 33
0854_0023_0039_0038_0038.jpg 1 23 39 38 38
0855_0014_0007_0031_0031.jpg 1 14 7 31 31
0856_0041_0018_0040_0040.jpg 1 41 18 40 40
0857_0019_0017_0069_0069.jpg 1 19 17 69 69
0858_0021_0030_0065_0065.jpg 1 21 30 65 65
0859_0007_0031_0063_0063.jpg 1 7 31 63 63
0860_0035_0036_0047_0047.jpg 1 35 36 47 47
0861_0061_0007_0027_0027.jpg 1 61 7 27 27
0862_0050_0053_0034_0034.jpg 1 50 53 34 34
0863_0047_0044_0047_0047.jpg 1 47 44 47 47
0864_0017_0027_0055_0055.jpg 1 17 27 55 55
0865_0007_0034_0039_0039.jpg 1 7 34 39 39
0866_0033_0007_0053_0053.jpg 1 33 7 53 53
0867_0004_0005_0069_0069.jpg 1 4 5 69 69
0868_0011_0023_0054_0054.jpg 1 11 23 54 54
0869_0046_0041_0039_0039.jpg 1 46 41 39 39
0870_0026_0007_0059_0059.jpg 1 26 7 59 59
0871_0031_0027_0060_0060.jpg 1 31 27 60 60
0872_0012_0013_0046_0046.jpg 1 12 13 46 46
0873_0004_0024_0064_0064.jpg 1 4 24 64 64
0874_0009_0026_0069_0069.jpg 1 9 26 69 69
0875_0038_0025_0046_0046.jpg 1 38 25 46 46
0876_0005_0030_0064_0064.jpg 1 5 30 64 64
0877_0016_0038_0057_0057.jpg 1 16 38 57 57
0878_0019_0010_0028_0028.jpg 1 19 10 28 28
0879_0022_0022_0034_0034.jpg 1 22 22 34 34
0880_0014_0006_0059_0059.jpg 1 14 6 59 59
0881_0044_0008_0042_0042.jpg 1 44 8 42 42
0882_0034_0021_0053_0053.jpg 1 34 21 53 53
0883_0031_0024_0042_0042.jpg 1 31 24 42 42
0884_0047_0005_0046_0046.jpg 1 47 5 46 46
0885_0028_0026_0068_0068.jpg 1 28 26 68 68
0886_0006_0014_0057_0057.jpg 1 6 14 57 57
0887_0017_0037_0033_0033.jpg 1 17 37 33 33
0888_0025_0027_0062_0062.jpg 1 25 27 62 62
0889_0013_0019_0033_0033.jpg 1 13 19 33 33
0890_0044_0025_0031_0031.jpg 1 44 25 31 31
0891_0027_0006_0047_0047.jpg 1 27 6 47 47
0892_0062_0020_0024_0024.jpg 1 62 20 24 24
0893_0036_0029_0056_0056.jpg 1 36 29 56 56
0894_0009_0015_0064_0064.jpg 1 9 15 64 64
0895_0006_0012_0031_0031.jpg 1 6 12 31 31
0896_0028_0013_0066_0066.jpg 1 28 13 66 66
0897_0048_0024_0040_0040.jpg 1 48 24 40 40
0898_0058_0028_0024_0024.jpg 1 58 28 24 24
0899_0035_0009_0035_0035.jpg 1 35 9 35 35
0900_0038_0016_0056_0056.jpg 1 38 16 56 56
0901_0035_0030_0059_0059.jpg 1 35 30 59 59
0902_0017_0024_0058_0058.jpg 1 17 24 58 58
0903_0022_0005_0069_0069.jpg 1 22 5 69 69
0904_0048_0049_0045_0045.jpg 1 48 49 45 45
0905_0020_0028_0047_0047.jpg 1 20 28 47 47
0906_0054_0025_0037_0037.jpg 1 54 25 37 37
0907_0035_0008_0049_0049.jpg 1 35 8 49 49
0908_0013_0014_0068_0068.jpg 1 13 14 68 68
0909_0032_0006_0060_0060.jpg 1 32 6 60 60
0910_0014_0022_0059_0059.jpg 1 14 22 59 59
0911_0004_0028_0060_0060.jpg 1 4 28 60 60
0912_0041_0024_0049_0049.jpg 1 41 24 49 49
0913_0017_0010_0049_0049.jpg 1 17 10 49 49
0914_0011_0045_0037_0037.jpg 1 11 45 37 37
0915_0039_0044_0042_0042.jpg 1 39 44 42 42
0916_0024_0032_0035_0035.jpg 1 24 32 35 35
0917_0021_0005_0066_0066.jpg 1 21 5 66 66
0918_0010_0031_0061_0061.jpg 1 10 31 61 61
0919_0050_0036_0042_0042.jpg 1 50 36 42 42
0920_0018_0020_0034_0034.jpg 1 18 20 34 34
0921_0021_0017_0068_0068.jpg 1 21 17 68 68
0922_0041_0056_0029_0029.jpg 1 41 56 29 29
0923_0025_0043_0044_0044.jpg 1 25 43 44 44
0924_0026_0056_0032_0032.jpg 1 26 56 32 32
0925_0013_0020_0037_0037.jpg 1 13 20 37 37
0926_0050_0017_0028_0028.jpg 1 50 17 28 28
0927_0019_0051_0029_0029.jpg 1 19 51 29 29
0928_0050_0008_0028_0028.jpg 1 50 8 28 28
0929_0007_0023_0043_0043.jpg 1 7 23 43 43
0930_0023_0013_0050_0050.jpg 1 23 13 50 50
0931_0042_0034_0026_0026.jpg 1 42 34 26 26
0932_0047_0044_0041_0041.jpg 1 47 44 41 41
0933_0006_0025_0066_0066.jpg 1 6 25 66 66
0934_0022_0026_0037_0037.jpg 1 22 26 37 37
0935_0033_0027_0057_0057.jpg 1 33 27 57 57
0936_0053_0034_0039_0039.jpg 1 53 34 39 39
0937_0004_0012_0063_0063.jpg 1 4 12 63 63
0938_0014_0016_0038_0038.jpg 1 14 16 38 38
0939_0039_0055_0029_0029.jpg 1 39 55 29 29
0940_0018_0032_0034_0034.jpg 1 18 32 34 34
0941_0009_0020_0065_0065.jpg 1 9 20 65 65
0942_0035_0017_0052_0052.jpg 1 35 17 52 52
0943_0016_0005_0065_0065.jpg 1 16 5 65 65
0944_0016_0011_0024_0024.jpg 1 16 11 24 24
0945_0018_0011_0038_0038.jpg 1 18 11 38 38
0946_0007_0012_0066_0066.jpg 1 7 12 66 66
0947_0018_0011_0056_0056.jpg 1 18 11 56 56
0948_0006_0013_0060_0060.jpg 1 6 13 60 60
0949_0048_0015_0032_0032.jpg 1 48 15 32 32
0950_0031_0015_0063_0063.jpg 1 31 15 63 63
0951_0012_0017_0048_0048.jpg 1 12 17 48 48
0952_0017_0045_0047_0047.jpg 1 17 45 47 47
0953_0030_0029_0064_0064.jpg 1 30 29 64 64
0954_0011_0052_0037_0037.jpg 1 11 52 37 37
0955_0024_0032_0055_0055.jpg 1 24 32 55 55
0956_0037_0021_0054_0054.jpg 1 37 21 54 54
0957_0046_0015_0027_0027.jpg 1 46 15 27 27
0958_0024_0019_0064_0064.jpg 1 24 19 64 64
0959_0020_0046_0031_0031.jpg 1 20 46 31 31
0960_0042_0007_0052_0052.jpg 1 42 7 52 52
0961_0007_0014_0068_0068.jpg 1 7 14 68 68
0962_0010_0043_0035_0035.jpg 1 10 43 35 35
0963_0006_0016_0053_0053.jpg 1 6 16 53 53
0964_0005_0019_0068_0068.jpg 1 5 19 68 68
0965_0014_0007_0064_0064.jpg 1 14 7 64 64
0966_0007_0026_0069_0069.jpg 1 7 26 69 69
0967_0009_0015_0041_0041.jpg 1 9 15 41 41
0968_0024_0019_0053_0053.jpg 1 24 19 53 53
0969_0035_0011_0059_0059.jpg 1 35 11 59 59
0970_0008_0030_0043_0043.jpg 1 8 30 43 43
0971_0007_0005_0057_0057.jpg 1 7 5 57 57
0972_0044_0037_0050_0050.jpg 1 44 37 50 50
0973_0038_0050_0034_0034.jpg 1 38 50 34 34
0974_0048_0057_0031_0031.jpg 1 48 57 31 31
0975_0007_0022_0029_0029.jpg 1 7 22 29 29
0976_0021_0005_0066_0066.jpg 1 21 5 66 66
0977_0029_0055_0033_0033.jpg 1 29 55 33 33
0978_0005_0022_0066_0066.jpg 1 5 22 66 66
0979_0055_0065_0026_0026.jpg 1 55 65 26 26
0980_0008_0023_0065_0065.jpg 1 8 23 65 65
0981_0025_0043_0046_0046.jpg 1 25 43 46 46
0982_0032_0006_0059_0059.jpg 1 32 6 59 59
0983_0025_0006_0050_0050.jpg 1 25 6 50 50
0984_0018_0006_0054_0054.jpg 1 18 6 54 54
0985_0031_0052_0027_0027.jpg 1 31 52 27 27
0986_0014_0037_0038_0038.jpg 1 14 37 38 38
0987_0027_0032_0044_0044.jpg 1 27 32 44 44
0988_0030_0029_0046_0046.jpg 1 30 29 46 46
0989_0054_0037_0037_0037.jpg 1 54 37 37 37
0990_0038_0023_0025_0025.jpg 1 38 23 25 25
0991_0062_0047_0025_0025.jpg 1 62 47 25 25
0992_0057_0007_0029_0029.jpg 1 57 7 29 29
0993_0008_0020_0058_0058.jpg 1 8 20 58 58
0994_0011_0005_0066_0066.jpg 1 11 5 66 66
0995_0026_0033_0039_0039.jpg 1 26 33 39 39
0996_0027_0030_0064_0064.jpg 1 27 30 64 64
0997_0021_0012_0068_0068.jpg 1 21 12 68 68
0998_0019_0018_0067_0067.jpg 1 19 18 67 67
0999_0028_0025_0061_0061.jpg 1 28 25 61 61
1000_0039_0005_0055_0055.jpg 1 39 5 55 55
1001_0020_0024_0060_0060.jpg 1 20 24 60 60
1002_0015_0043_0025_0025.jpg 1 15 43 25 25
1003_0007_0063_0027_0027.jpg 1 7 63 27 27
1004_0017_0012_0055_0055.jpg 1 17 12 55 55
1005_0060_0010_0029_0029.jpg 1 60 10 29 29
1006_0008_0030_0033_0033.jpg 1 8 30 33 33
1007_0012_0017_0056_0056.jpg 1 12 17 56 56
1008_0059_0010_0027_0027.jpg 1 59 10 27 27
1009_0045_0021_0049_0049.jpg 1 45 21 49 49
1010_0028_0041_0053_0053.jpg 1 28 41 53 53
1011_0023_0007_0034_0034.jpg 1 23 7 34 34
1012_0007_0009_0050_0050.jpg 1 7 9 50 50
1013_0018_0015_0036_0036.jpg 1 18 15 36 36
1014_0047_0022_0040_0040.jpg 1 47 22 40 40
1015_0041_0048_0026_0026.jpg 1 41 48 26 26
1016_0037_0022_0041_0041.jpg 1 37 22 41 41
1017_0017_0011_0041_0041.jpg 1 17 11 41 41
1018_0013_0027_0038_0038.jpg 1 13 27 38 38
1019_0006_0046_0040_0040.jpg 1 6 46 40 40
1020_0009_0020_0068_0068.jpg 1 9 20 68 68
1021_0010_0011_0047_0047.jpg 1 10 11 47 47
1022_0036_0024_0059_0059.jpg 1 36 24 59 59
1023_0033_0014_0053_0053.jpg 1 33 14 53 53
1024_0014_0023_0056_0056.jpg 1 14 23 56 56
1025_0014_0030_0044_0044.jpg 1 14 30 44 44
1026_0007_0016_0046_0046.jpg 1 7 16 46 46
1027_0013_0017_0049_0049.jpg 1 13 17 49 49
1028_0021_0024_0038_0038.jpg 1 21 24 38 38
1029_0013_0016_0059_0059.jpg 1 13 16 59 59
1030_0025_0032_0059_0059.jpg 1 25 32 59 59
1031_0027_0024_0058_0058.jpg 1 27 24 58 58
1032_0044_0051_0027_0027.jpg 1 44 51 27 27
1033_0025_0018_0068_0068.jpg 1 25 18 68 68
1034_0024_0008_0029_0029.jpg 1 24 8 29 29
1035_0013_0015_0040_0040.jpg 1 13 15 40 40
1036_0020_0045_0047_0047.jpg 1 20 45 47 47
1037_0047_0008_0047_0047.jpg 1 47 8 47 47
1038_0040_0050_0037_0037.jpg 1 40 50 37 37
1039_0035_0026_0060_0060.jpg 1 35 26 60 60
1040_0051_0029_0037_0037.jpg 1 51 29 37 37
1041_0015_0026_0063_0063.jpg 1 15 26 63 63
1042_0025_0024_0047_0047.jpg 1 25 24 47 47
1043_0019_0030_0036_0036.jpg 1 19 30 36 36
1044_0016_0022_0052_0052.jpg 1 16 22 52 52
1045_0034_0022_0028_0028.jpg 1 34 22 28 28
1046_0011_0029_0048_0048.jpg 1 11 29 48 48
1047_0006_0036_0051_0051.jpg 1 6 36 51 51
1048_0012_0024_0055_0055.jpg 1 12 24 55 55
1049_0059_0039_0025_0025.jpg 1 59 39 25 25
1050_0027_0027_0061_0061.jpg 1 27 27 61 61
1051_0027_0006_0056_0056.jpg 1 27 6 56 56
1052_0027_0041_0034_0034.jpg 1 27 41 34 34
1053_0040_0021_0053_0053.jpg 1 40 21 53 53
1054_0029_0063_0026_0026.jpg 1 29 63 26 26
1055_0036_0015_0059_0059.jpg 1 36 15 59 59
1056_0043_0031_0042_0042.jpg 1 43 31 42 42
1057_0009_0027_0048_0048.jpg 1 9 27 48 48
1058_0022_0016_0066_0066.jpg 1 22 16 66 66
1059_0011_0027_0050_0050.jpg 1 11 27 50 50
1060_0012_0030_0028_0028.jpg 1 12 30 28 28
1061_0004_0004_0068_0068.jpg 1 4 4 68 68
1062_0010_0043_0033_0033.jpg 1 10 43 33 33
1063_0021_0035_0036_0036.jpg 1 21 35 36 36
1064_0021_0040_0038_0038.jpg 1 21 40 38 38
1065_0022_0012_0033_0033.jpg 1 22 12 33 33
1066_0023_0011_0041_0041.jpg 1 23 11 41 41
1067_0011_0041_0051_0051.jpg 1 11 41 51 51
1068_0016_0022_0049_0049.jpg 1 16 22 49 49
1069_0038_0066_0024_0024.jpg 1 38 66 24 24
1070_0011_0025_0068_0068.jpg 1 11 25 68 68
1071_0011_0057_0029_0029.jpg 1 11 57 29 29
1072_0018_0034_0060_0060.jpg 1 18 34 60 60
1073_0013_0011_0031_0031.jpg 1 13 11 31 31
1074_0013_0020_0051_0051.jpg 1 13 20 51 51
1075_0014_0006_0059_0059.jpg 1 14 6 59 59
1076_0015_0003_0069_0069.jpg 1 15 3 69 69
1077_0023_0060_0028_0028.jpg 1 23 60 28 28
1078_0017_0024_0061_0061.jpg 1 17 24 61 61
1079_0022_0022_0041_0041.jpg 1 22 22 41 41
1080_0009_0027_0056_0056.jpg 1 9 27 56 56
1081_0009_0006_0061_0061.jpg 1 9 6 61 61
1082_0031_0017_0048_0048.jpg 1 31 17 48 48
1083_0026_0046_0041_0041.jpg 1 26 46 41 41
1084_0026_0034_0031_0031.jpg 1 26 34 31 31
1085_0023_0040_0038_0038.jpg 1 23 40 38 38
1086_0033_0066_0025_0025.jpg 1 33 66 25 25
1087_0032_0026_0059_0059.jpg 1 32 26 59 59
1088_0036_0054_0034_0034.jpg 1 36 54 34 34
1089_0010_0030_0040_0040.jpg 1 10 30 40 40
1090_0056_0039_0027_0027.jpg 1 56 39 27 27
1091_0048_0013_0046_0046.jpg 1 48 13 46 46
1092_0048_0033_0042_0042.jpg 1 48 33 42 42
1093_0013_0020_0047_0047.jpg 1 13 20 47 47
1094_0009_0021_0067_0067.jpg 1 9 21 67 67
1095_0043_0022_0040_0040.jpg 1 43 22 40 40
1096_0037_0015_0036_0036.jpg 1 37 15 36 36
1097_0027_0026_0056_0056.jpg 1 27 26 56 56
1098_0017_0054_0029_0029.jpg 1 17 54 29 29
1099_0042_0016_0045_0045.jpg 1 42 16 45 45
1100_0028_0017_0064_0064.jpg 1 28 17 64 64
1101_0020_0035_0053_0053.jpg 1 20 35 53 53
1102_0015_0009_0064_0064.jpg 1 15 9 64 64
1103_0037_0020_0053_0053.jpg 1 37 20 53 53
1104_0011_0033_0062_0062.jpg 1 11 33 62 62
1105_0022_0005_0063_0063.jpg 1 22 5 63 63
1106_0056_0058_0034_0034.jpg 1 56 58 34 34
1107_0045_0014_0042_0042.jpg 1 45 14 42 42
1108_0014_0024_0051_0051.jpg 1 14 24 51 51
1109_0043_0055_0036_0036.jpg 1 43 55 36 36
1110_0004_0008_0061_0061.jpg 1 4 8 61 61
1111_0031_0009_0049_0049.jpg 1 31 9 49 49
1112_0044_0049_0028_0028.jpg 1 44 49 28 28
1113_0030_0016_0044_0044.jpg 1 30 16 44 44
1114_0006_0030_0064_0064.jpg 1 6 30 64 64
1115_0014_0044_0026_0026.jpg 1 14 44 26 26
1116_0006_0020_0037_0037.jpg 1 6 20 37 37
1117_0027_0025_0053_0053.jpg 1 27 25 53 53
1118_0060_0042_0025_0025.jpg 1 60 42 25 25
1119_0022_0007_0050_0050.jpg 1 22 7 50 50
1120_0028_0010_0068_0068.jpg 1 28 10 68 68
1121_0019_0028_0057_0057.jpg 1 19 28 57 57
1122_0055_0058_0031_0031.jpg 1 55 58 31 31
1123_0046_0013_0035_0035.jpg 1 46 13 35 35
1124_0039_0051_0035_0035.jpg 1 39 51 35 35
1125_0028_0009_0047_0047.jpg 1 28 9 47 47
1126_0025_0036_0059_0059.jpg 1 25 36 59 59
1127_0021_0021_0055_0055.jpg 1 21 21 55 55
1128_0030_0012_0061_0061.jpg 1 30 12 61 61
1129_0017_0006_0047_0047.jpg 1 17 6 47 47
1130_0038_0039_0055_0055.jpg 1 38 39 55 55
1131_0036_0019_0049_0049.jpg 1 36 19 49 49
1132_0046_0031_0046_0046.jpg 1 46 31 46 46
1133_0027_0014_0032_0032.jpg 1 27 14 32 32
1134_0010_0010_0069_0069.jpg 1 10 10 69 69
1135_0021_0029_0057_0057.jpg 1 21 29 57 57
1136_0030_0012_0048_0048.jpg 1 30 12 48 48
1137_0012_0030_0048_0048.jpg 1 12 30 48 48
1138_0024_0054_0039_0039.jpg 1 24 54 39 39
1139_0047_0049_0034_0034.jpg 1 47 49 34 34
1140_0046_0055_0025_0025.jpg 1 46 55 25 25
1141_0015_0015_0042_0042.jpg 1 15 15 42 42
1142_0037_0025_0048_0048.jpg 1 37 25 48 48
1143_0052_0016_0037_0037.jpg 1 52 16 37 37
1144_0052_0055_0025_0025.jpg 1 52 55 25 25
1145_0027_0023_0066_0066.jpg 1 27 23 66 66
1146_0009_0027_0024_0024.jpg 1 9 27 24 24
1147_0032_0033_0035_0035.jpg 1 32 33 35 35
1148_0021_0014_0055_0055.jpg 1 21 14 55 55
1149_0010_0032_0053_0053.jpg 1 10 32 53 53
1150_0030_0015_0041_0041.jpg 1 30 15 41 41
1151_0024_0004_0067_0067.jpg 1 24 4 67 67
1152_0019_0053_0040_0040.jpg 1 19 53 40 40
1153_0030_0005_0047_0047.jpg 1 30 5 47 47
1154_0022_0031_0053_0053.jpg 1 22 31 53 53
1155_0017_0010_0049_0049.jpg 1 17 10 49 49
1156_0013_0017_0048_0048.jpg 1 13 17 48 48
1157_0012_0050_0042_0042.jpg 1 12 50 42 42
1158_0018_0016_0049_0049.jpg 1 18 16 49 49
1159_0011_0022_0063_0063.jpg 1 11 22 63 63
1160_0037_0032_0046_0046.jpg 1 37 32 46 46
1161_0032_0023_0057_0057.jpg 1 32 23 57 57
1162_0030_0064_0024_0024.jpg 1 30 64 24 24
1163_0034_0026_0059_0059.jpg 1 34 26 59 59
1164_0034_0012_0049_0049.jpg 1 34 12 49 49
1165_0008_0023_0060_0060.jpg 1 8 23 60 60
1166_0016_0016_0066_0066.jpg 1 16 16 66 66
1167_0035_0014_0029_0029.jpg 1 35 14 29 29
1168_0013_0055_0030_0030.jpg 1 13 55 30 30
1169_0023_0006_0057_0057.jpg 1 23 6 57 57
1170_0007_0033_0058_0058.jpg 1 7 33 58 58
1171_0042_0011_0050_0050.jpg 1 42 11 50 50
1172_0012_0021_0069_0069.jpg 1 12 21 69 69
1173_0030_0012_0059_0059.jpg 1 30 12 59 59
1174_0030_0013_0037_0037.jpg 1 30 13 37 37
1175_0023_0013_0044_0044.jpg 1 23 13 44 44
1176_0015_0051_0029_0029.jpg 1 15 51 29 29
1177_0020_0022_0044_0044.jpg 1 20 22 44 44
1178_0052_0056_0036_0036.jpg 1 52 56 36 36
1179_0039_0038_0024_0024.jpg 1 39 38 24 24
1180_0026_0029_0038_0038.jpg 1 26 29 38 38
1181_0028_0047_0041_0041.jpg 1 28 47 41 41
1182_0029_0007_0051_0051.jpg 1 29 7 51 51
1183_0038_0040_0024_0024.jpg 1 38 40 24 24
1184_0034_0024_0051_0051.jpg 1 34 24 51 51
1185_0018_0040_0033_0033.jpg 1 18 40 33 33
1186_0037_0029_0046_0046.jpg 1 37 29 46 46
1187_0051_0016_0038_0038.jpg 1 51 16 38 38
1188_0020_0020_0040_0040.jpg 1 20 20 40 40
1189_0031_0016_0046_0046.jpg 1 31 16 46 46
1190_0021_0009_0035_0035.jpg 1 21 9 35 35
1191_0025_0014_0051_0051.jpg 1 25 14 51 51
1192_0027_0013_0058_0058.jpg 1 27 13 58 58
1193_0037_0019_0026_0026.jpg 1 37 19 26 26
1194_0015_0023_0053_0053.jpg 1 15 23 53 53
1195_0014_0025_0069_0069.jpg 1 14 25 69 69
1196_0029_0004_0060_0060.jpg 1 29 4 60 60
1197_0029_0029_0049_0049.jpg 1 29 29 49 49
1198_0015_0021_0060_0060.jpg 1 15 21 60 60
1199_0005_0028_0056_0056.jpg 1 5 28 56 56
1200_0026_0029_0062_0062.jpg 1 26 29 62 62
1201_0017_0054_0038_0038.jpg 1 17 54 38 38
1202_0046_0027_0038_0038.jpg 1 46 27 38 38
1203_0009_0027_0030_0030.jpg 1 9 27 30 30
1204_0022_0028_0050_0050.jpg 1 22 28 50 50
1205_0025_0007_0054_0054.jpg 1 25 7 54 54
1206_0044_0059_0032_0032.jpg 1 44 59 32 32
1207_0050_0010_0037_0037.jpg 1 50 10 37 37
1208_0017_0027_0062_0062.jpg 1 17 27 62 62
1209_0047_0031_0029_0029.jpg 1 47 31 29 29
1210_0023_0046_0042_0042.jpg 1 23 46 42 42
1211_0019_0018_0053_0053.jpg 1 19 18 53 53
1212_0022_0013_0052_0052.jpg 1 22 13 52 52
1213_0058_0043_0034_0034.jpg 1 58 43 34 34
1214_0037_0030_0056_0056.jpg 1 37 30 56 56
1215_0015_0013_0069_0069.jpg 1 15 13 69 69
1216_0016_0012_0061_0061.jpg 1 16 12 61 61
1217_0020_0046_0041_0041.jpg 1 20 46 41 41
1218_0015_0045_0032_0032.jpg 1 15 45 32 32
1219_0040_0031_0033_0033.jpg 1 40 31 33 33
1220_0010_0010_0068_0068.jpg 1 10 10 68 68
1221_0047_0034_0039_0039.jpg 1 47 34 39 39
1222_0047_0033_0046_0046.jpg 1 47 33 46 46
1223_0037_0047_0039_0039.jpg 1 37 47 39 39
1224_0032_0009_0025_0025.jpg 1 32 9 25 25
1225_0011_0007_0069_0069.jpg 1 11 7 69 69
1226_0018_0034_0050_0050.jpg 1 18 34 50 50
1227_0035_0017_0034_0034.jpg 1 35 17 34 34
1228_0055_0034_0030_0030.jpg 1 55 34 30 30
1229_0013_0040_0053_0053.jpg 1 13 40 53 53
1230_0011_0025_0069_0069.jpg 1 11 25 69 69
1231_0023_0031_0053_0053.jpg 1 23 31 53 53
1232_0021_0050_0025_0025.jpg 1 21 50 25 25
1233_0040_0006_0043_0043.jpg 1 40 6 43 43
1234_0011_0021_0034_0034.jpg 1 11 21 34 34
1235_0032_0006_0044_0044.jpg 1 32 6 44 44
1236_0007_0032_0060_0060.jpg 1 7 32 60 60
1237_0011_0018_0045_0045.jpg 1 11 18 45 45
1238_0009_0032_0054_0054.jpg 1 9 32 54 54
1239_0005_0010_0053_0053.jpg 1 5 10 53 53
1240_0048_0043_0032_0032.jpg 1 48 43 32 32
1241_0023_0029_0030_0030.jpg 1 23 29 30 30
1242_0008_0018_0064_0064.jpg 1 8 18 64 64
1243_0011_0017_0054_0054.jpg 1 11 17 54 54
1244_0021_0048_0034_0034.jpg 1 21 48 34 34
1245_0038_0011_0030_0030.jpg 1 38 11 30 30
1246_0011_0028_0033_0033.jpg 1 11 28 33 33
1247_0015_0018_0045_0045.jpg 1 15 18 45 45
1248_0014_0004_0063_0063.jpg 1 14 4 63 63
1249_0040_0042_0046_0046.jpg 1 40 42 46 46
1250_0021_0011_0069_0069.jpg 1 21 11 69 69
1251_0027_0039_0037_0037.jpg 1 27 39 37 37
1252_0029_0034_0037_0037.jpg 1 29 34 37 37
1253_0034_0048_0036_0036.jpg 1 34 48 36 36
1254_0013_0030_0056_0056.jpg 1 13 30 56 56
1255_0018_0018_0064_0064.jpg 1 18 18 64 64
1256_0038_0029_0049_0049.jpg 1 38 29 49 49
1257_0009_0022_0044_0044.jpg 1 9 22 44 44
1258_0050_0036_0036_0036.jpg 1 50 36 36 36
1259_0046_0007_0031_0031.jpg 1 46 7 31 31
1260_0028_0026_0061_0061.jpg 1 28 26 61 61
1261_0039_0050_0032_0032.jpg 1 39 50 32 32
1262_0008_0019_0057_0057.jpg 1 8 19 57 57
1263_0027_0012_0038_0038.jpg 1 27 12 38 38
1264_0052_0028_0027_0027.jpg 1 52 28 27 27
1265_0020_0010_0054_0054.jpg 1 20 10 54 54
1266_0052_0040_0026_0026.jpg 1 52 40 26 26
1267_0005_0019_0048_0048.jpg 1 5 19 48 48
1268_0017_0009_0064_0064.jpg 1 17 9 64 64
1269_0036_0026_0046_0046.jpg 1 36 26 46 46
1270_0053_0025_0033_0033.jpg 1 53 25 33 33
1271_0015_0011_0069_0069.jpg 1 15 11 69 69
1272_0020_0053_0032_0032.jpg 1 20 53 32 32
1273_0023_0033_0063_0063.jpg 1 23 33 63 63
1274_0046_0015_0042_0042.jpg 1 46 15 42 42
1275_0032_0026_0055_0055.jpg 1 32 26 55 55
1276_0022_0007_0040_0040.jpg 1 22 7 40 40
1277_0056_0015_0025_0025.jpg 1 56 15 25 25
1278_0017_0019_0026_0026.jpg 1 17 19 26 26
1279_0021_0006_0064_0064.jpg 1 21 6 64 64
1280_0014_0010_0069_0069.jpg 1 14 10 69 69
1281_0037_0041_0045_0045.jpg 1 37 41 45 45
1282_0019_0018_0065_0065.jpg 1 19 18 65 65
1283_0018_0009_0063_0063.jpg 1 18 9 63 63
1284_0038_0029_0039_0039.jpg 1 38 29 39 39
1285_0038_0021_0042_0042.jpg 1 38 21 42 42
1286_0019_0018_0051_0051.jpg 1 19 18 51 51
1287_0021_0029_0045_0045.jpg 1 21 29 45 45
1288_0061_0029_0028_0028.jpg 1 61 29 28 28
1289_0043_0051_0031_0031.jpg 1 43 51 31 31
1290_0048_0016_0028_0028.jpg 1 48 16 28 28
1291_0028_0029_0060_0060.jpg 1 28 29 60 60
1292_0022_0005_0068_0068.jpg 1 22 5 68 68
1293_0012_0024_0067_0067.jpg 1 12 24 67 67
1294_0031_0008_0036_0036.jpg 1 31 8 36 36
1295_0024_0009_0035_0035.jpg 1 24 9 35 35
1296_0023_0034_0040_0040.jpg 1 23 34 40 40
1297_0010_0015_0068_0068.jpg 1 10 15 68 68
1298_0048_0036_0045_0045.jpg 1 48 36 45 45
1299_0041_0016_0044_0044.jpg 1 41 16 44 44
1300_0007_0022_0033_0033.jpg 1 7 22 33 33
1301_0060_0035_0024_0024.jpg 1 60 35 24 24
1302_0015_0044_0027_0027.jpg 1 15 44 27 27
1303_0041_0055_0024_0024.jpg 1 41 55 24 24
1304_0023_0005_0063_0063.jpg 1 23 5 63 63
1305_0039_0015_0049_0049.jpg 1 39 15 49 49
1306_0038_0018_0055_0055.jpg 1 38 18 55 55
1307_0008_0017_0062_0062.jpg 1 8 17 62 62
1308_0017_0012_0035_0035.jpg 1 17 12 35 35
1309_0013_0036_0049_0049.jpg 1 13 36 49 49
1310_0030_0010_0038_0038.jpg 1 30 10 38 38
1311_0040_0037_0032_0032.jpg 1 40 37 32 32
1312_0016_0022_0041_0041.jpg 1 16 22 41 41
1313_0012_0033_0049_0049.jpg 1 12 33 49 49
1314_0014_0021_0047_0047.jpg 1 14 21 47 47
1315_0009_0049_0030_0030.jpg 1 9 49 30 30
1316_0016_0064_0027_0027.jpg 1 16 64 27 27
1317_0015_0011_0067_0067.jpg 1 15 11 67 67
1318_0012_0033_0052_0052.jpg 1 12 33 52 52
1319_0013_0015_0053_0053.jpg 1 13 15 53 53
1320_0028_0035_0028_0028.jpg 1 28 35 28 28
1321_0015_0019_0066_0066.jpg 1 15 19 66 66
1322_0016_0014_0069_0069.jpg 1 16 14 69 69
1323_0015_0008_0062_0062.jpg 1 15 8 62 62
1324_0033_0018_0060_0060.jpg 1 33 18 60 60
1325_0041_0015_0049_0049.jpg 1 41 15 49 49
1326_0011_0026_0059_0059.jpg 1 11 26 59 59
1327_0011_0019_0056_0056.jpg 1 11 19 56 56
1328_0026_0032_0024_0024.jpg 1 26 32 24 24
1329_0020_0050_0037_0037.jpg 1 20 50 37 37
1330_0042_0038_0028_0028.jpg 1 42 38 28 28
1331_0022_0029_0064_0064.jpg 1 22 29 64 64
1332_0017_0042_0045_0045.jpg 1 17 42 45 45
1333_0034_0018_0059_0059.jpg 1 34 18 59 59
1334_0035_0018_0043_0043.jpg 1 35 18 43 43
1335_0034_0015_0047_0047.jpg 1 34 15 47 47
1336_0034_0006_0058_0058.jpg 1 34 6 58 58
1337_0012_0024_0065_0065.jpg 1 12 24 65 65
1338_0016_0046_0040_0040.jpg 1 16 46 40 40
1339_0009_0015_0043_0043.jpg 1 9 15 43 43
1340_0019_0021_0057_0057.jpg 1 19 21 57 57
1341_0027_0027_0066_0066.jpg 1 27 27 66 66
1342_0041_0033_0040_0040.jpg 1 41 33 40 40
1343_0020_0023_0057_0057.jpg 1 20 23 57 57
1344_0033_0016_0039_0039.jpg 1 33 16 39 39
1345_0009_0011_0069_0069.jpg 1 9 11 69 69
1346_0008_0027_0058_0058.jpg 1 8 27 58 58
1347_0007_0017_0038_0038.jpg 1 7 17 38 38
1348_0029_0017_0052_0052.jpg 1 29 17 52 52
1349_0054_0025_0030_0030.jpg 1 54 25 30 30
1350_0039_0021_0049_0049.jpg 1 39 21 49 49
1351_0029_0004_0062_0062.jpg 1 29 4 62 62
1352_0052_0016_0039_0039.jpg 1 52 16 39 39
1353_0027_0019_0032_0032.jpg 1 27 19 32 32
1354_0025_0040_0044_0044.jpg 1 25 40 44 44
1355_0016_0025_0063_0063.jpg 1 16 25 63 63
1356_0018_0021_0033_0033.jpg 1 18 21 33 33
1357_0023_0030_0039_0039.jpg 1 23 30 39 39
1358_0026_0013_0026_0026.jpg 1 26 13 26 26
1359_0027_0006_0060_0060.jpg 1 27 6 60 60
1360_0015_0023_0066_0066.jpg 1 15 23 66 66
1361_0017_0016_0039_0039.jpg 1 17 16 39 39
1362_0022_0040_0053_0053.jpg 1 22 40 53 53
1363_0015_0063_0028_0028.jpg 1 15 63 28 28
1364_0033_0036_0028_0028.jpg 1 33 36 28 28
1365_0027_0034_0051_0051.jpg 1 27 34 51 51
1366_0009_0018_0052_0052.jpg 1 9 18 52 52
1367_0007_0005_0063_0063.jpg 1 7 5 63 63
1368_0006_0039_0046_0046.jpg 1 6 39 46 46
1369_0047_0036_0043_0043.jpg 1 47 36 43 43
1370_0024_0043_0036_0036.jpg 1 24 43 36 36
1371_0011_0005_0068_0068.jpg 1 11 5 68 68
1372_0015_0015_0068_0068.jpg 1 15 15 68 68
1373_0006_0010_0059_0059.jpg 1 6 10 59 59
1374_0016_0026_0069_0069.jpg 1 16 26 69 69
1375_0029_0035_0047_0047.jpg 1 29 35 47 47
1376_0044_0050_0024_0024.jpg 1 44 50 24 24
1377_0005_0022_0066_0066.jpg 1 5 22 66 66
1378_0036_0017_0034_0034.jpg 1 36 17 34 34
1379_0056_0033_0030_0030.jpg 1 56 33 30 30
1380_0006_0036_0047_0047.jpg 1 6 36 47 47
1381_0014_0004_0063_0063.jpg 1 14 4 63 63
1382_0052_0024_0032_0032.jpg 1 52 24 32 32
1383_0017_0034_0060_0060.jpg 1 17 34 60 60
1384_0016_0025_0051_0051.jpg 1 16 25 51 51
1385_0012_0013_0058_0058.jpg 1 12 13 58 58
1386_0023_0021_0069_0069.jpg 1 23 21 69 69
1387_0032_0049_0030_0030.jpg 1 32 49 30 30
1388_0011_0027_0025_0025.jpg 1 11 27 25 25
1389_0013_0042_0047_0047.jpg 1 13 42 47 47
1390_0005_0006_0053_0053.jpg 1 5 6 53 53
1391_0005_0031_0047_0047.jpg 1 5 31 47 47
1392_0006_0016_0062_0062.jpg 1 6 16 62 62
1393_0063_0046_0026_0026.jpg 1 63 46 26 26
1394_0032_0009_0060_0060.jpg 1 32 9 60 60
1395_0009_0062_0028_0028.jpg 1 9 62 28 28
1396_0019_0026_0055_0055.jpg 1 19 26 55 55
1397_0036_0018_0051_0051.jpg 1 36 18 51 51
1398_0059_0057_0028_0028.jpg 1 59 57 28 28
1399_0015_0026_0062_0062.jpg 1 15 26 62 62
1400_0018_0041_0037_0037.jpg 1 18 41 37 37
1401_0056_0017_0025_0025.jpg 1 56 17 25 25
1402_0003_0006_0064_0064.jpg 1 3 6 64 64
1403_0042_0006_0050_0050.jpg 1 42 6 50 50
1404_0031_0027_0059_0059.jpg 1 31 27 59 59
1405_0022_0030_0040_0040.jpg 1 22 30 40 40
1406_0025_0010_0037_0037.jpg 1 25 10 37 37
1407_0050_0015_0042_0042.jpg 1 50 15 42 42
1408_0008_0032_0041_0041.jpg 1 8 32 41 41
1409_0025_0030_0050_0050.jpg 1 25 30 50 50
1410_0018_0059_0027_0027.jpg 1 18 59 27 27
1411_0009_0009_0065_0065.jpg 1 9 9 65 65
1412_0018_0056_0025_0025.jpg 1 18 56 25 25
1413_0030_0025_0042_0042.jpg 1 30 25 42 42
1414_0013_0033_0063_0063.jpg 1 13 33 63 63
1415_0047_0037_0031_0031.jpg 1 47 37 31 31
1416_0020_0017_0067_0067.jpg 1 20 17 67 67
1417_0020_0029_0062_0062.jpg 1 20 29 62 62
1418_0008_0017_0042_0042.jpg 1 8 17 42 42
1419_0009_0036_0051_0051.jpg 1 9 36 51 51
1420_0023_0036_0038_0038.jpg 1 23 36 38 38
1421_0039_0019_0056_0056.jpg 1 39 19 56 56
1422_0022_0041_0038_0038.jpg 1 22 41 38 38
1423_0019_0017_0032_0032.jpg 1 19 17 32 32
1424_0058_0047_0033_0033.jpg 1 58 47 33 33
1425_0010_0014_0059_0059.jpg 1 10 14 59 59
1426_0008_0036_0043_0043.jpg 1 8 36 43 43
1427_0026_0034_0026_0026.jpg 1 26 34 26 26
1428_0045_0022_0046_0046.jpg 1 45 22 46 46
1429_0026_0039_0054_0054.jpg 1 26 39 54 54
1430_0062_0062_0030_0030.jpg 1 62 62 30 30
1431_0005_0023_0048_0048.jpg 1 5 23 48 48
1432_0037_0043_0044_0044.jpg 1 37 43 44 44
1433_0025_0055_0027_0027.jpg 1 25 55 27 27
1434_0023_0008_0068_0068.jpg 1 23 8 68 68
1435_0040_0056_0024_0024.jpg 1 40 56 24 24
1436_0031_0021_0045_0045.jpg 1 31 21 45 45
1437_0010_0018_0067_0067.jpg 1 10 18 67 67
1438_0021_0043_0049_0049.jpg 1 21 43 49 49
1439_0014_0005_0064_0064.jpg 1 14 5 64 64
1440_0034_0008_0035_0035.jpg 1 34 8 35 35
1441_0030_0040_0050_0050.jpg 1 30 40 50 50
1442_0044_0022_0033_0033.jpg 1 44 22 33 33
1443_0038_0010_0057_0057.jpg 1 38 10 57 57
1444_0026_0036_0028_0028.jpg 1 26 36 28 28
1445_0020_0014_0065_0065.jpg 1 20 14 65 65
1446_0043_0050_0033_0033.jpg 1 43 50 33 33
1447_0053_0038_0027_0027.jpg 1 53 38 27 27
1448_0024_0008_0038_0038.jpg 1 24 8 38 38
1449_0019_0009_0068_0068.jpg 1 19 9 68 68
1450_0008_0013_0056_0056.jpg 1 8 13 56 56
1451_0004_0028_0055_0055.jpg 1 4 28 55 55
1452_0032_0022_0045_0045.jpg 1 32 22 45 45
1453_0041_0031_0038_0038.jpg 1 41 31 38 38
1454_0009_0010_0046_0046.jpg 1 9 10 46 46
1455_0004_0024_0065_0065.jpg 1 4 24 65 65
1456_0054_0048_0033_0033.jpg 1 54 48 33 33
1457_0026_0032_0050_0050.jpg 1 26 32 50 50
1458_0019_0016_0061_0061.jpg 1 19 16 61 61
1459_0016_0017_0046_0046.jpg 1 16 17 46 46
1460_0026_0026_0058_0058.jpg 1 26 26 58 58
1461_0009_0004_0067_0067.jpg 1 9 4 67 67
1462_0030_0004_0062_0062.jpg 1 30 4 62 62
1463_0037_0041_0054_0054.jpg 1 37 41 54 54
1464_0056_0034_0030_0030.jpg 1 56 34 30 30
1465_0054_0017_0035_0035.jpg 1 54 17 35 35
1466_0023_0027_0028_0028.jpg 1 23 27 28 28
1467_0029_0034_0042_0042.jpg 1 29 34 42 42
1468_0010_0011_0065_0065.jpg 1 10 11 65 65
1469_0018_0021_0060_0060.jpg 1 18 21 60 60
1470_0057_0031_0030_0030.jpg 1 57 31 30 30
1471_0005_0033_0055_0055.jpg 1 5 33 55 55
1472_0009_0020_0067_0067.jpg 1 9 20 67 67
1473_0013_0034_0061_0061.jpg 1 13 34 61 61
1474_0016_0004_0069_0069.jpg 1 16 4 69 69
1475_0041_0017_0049_0049.jpg 1 41 17 49 49
1476_0010_0022_0056_0056.jpg 1 10 22 56 56
1477_0025_0044_0026_0026.jpg 1 25 44 26 26
1478_0012_0059_0031_0031.jpg 1 12 59 31 31
1479_0040_0036_0049_0049.jpg 1 40 36 49 49
1480_0021_0038_0029_0029.jpg 1 21 38 29 29
1481_0034_0030_0059_0059.jpg 1 34 30 59 59
1482_0008_0006_0065_0065.jpg 1 8 6 65 65
1483_0024_0028_0064_0064.jpg 1 24 28 64 64
1484_0064_0067_0024_0024.jpg 1 64 67 24 24
1485_0029_0007_0060_0060.jpg 1 29 7 60 60
1486_0041_0050_0039_0039.jpg 1 41 50 39 39
1487_0049_0043_0044_0044.jpg 1 49 43 44 44
1488_0012_0042_0051_0051.jpg 1 12 42 51 51
1489_0035_0045_0028_0028.jpg 1 35 45 28 28
1490_0058_0057_0033_0033.jpg 1 58 57 33 33
1491_0045_0031_0024_0024.jpg 1 45 31 24 24
1492_0034_0013_0029_0029.jpg 1 34 13 29 29
1493_0022_0032_0053_0053.jpg 1 22 32 53 53
1494_0015_0011_0061_0061.jpg 1 15 11 61 61
1495_0023_0020_0069_0069.jpg 1 23 20 69 69
1496_0047_0011_0034_0034.jpg 1 47 11 34 34
1497_0013_0007_0068_0068.jpg 1 13 7 68 68
1498_0032_0007_0041_0041.jpg 1 32 7 41 41
1499_0016_0017_0068_0068.jpg 1 16 17 68 68
1500_0042_0010_0052_0052.jpg 1 42 10 52 52
1501_0009_0015_0063_0063.jpg 1 9 15 63 63
1502_0007_0032_0032_0032.jpg 1 7 32 32 32
1503_0029_0019_0042_0042.jpg 1 29 19 42 42
1504_0012_0032_0056_0056.jpg 1 12 32 56 56
1505_0049_0021_0044_0044.jpg 1 49 21 44 44
1506_0051_0016_0031_0031.jpg 1 51 16 31 31
1507_0009_0043_0038_0038.jpg 1 9 43 38 38
1508_0012_0008_0066_0066.jpg 1 12 8 66 66
1509_0017_0041_0049_0049.jpg 1 17 41 49 49
1510_0025_0006_0067_0067.jpg 1 25 6 67 67
1511_0017_0007_0063_0063.jpg 1 17 7 63 63
1512_0021_0019_0059_0059.jpg 1 21 19 59 59
1513_0011_0009_0041_0041.jpg 1 11 9 41 41
1514_0005_0006_0067_0067.jpg 1 5 6 67 67
1515_0014_0050_0043_0043.jpg 1 14 50 43 43
1516_0014_0020_0055_0055.jpg 1 14 20 55 55
1517_0031_0044_0047_0047.jpg 1 31 44 47 47
1518_0012_0008_0037_0037.jpg 1 12 8 37 37
1519_0024_0006_0057_0057.jpg 1 24 6 57 57
1520_0026_0006_0058_0058.jpg 1 26 6 58 58
1521_0038_0032_0056_0056.jpg 1 38 32 56 56
1522_0040_0052_0036_0036.jpg 1 40 52 36 36
1523_0007_0035_0051_0051.jpg 1 7 35 51 51
1524_0018_0037_0038_0038.jpg 1 18 37 38 38
1525_0020_0017_0049_0049.jpg 1 20 17 49 49
1526_0014_0013_0065_0065.jpg 1 14 13 65 65
1527_0008_0035_0026_0026.jpg 1 8 35 26 26
1528_0004_0017_0064_0064.jpg 1 4 17 64 64
1529_0022_0010_0028_0028.jpg 1 22 10 28 28
1530_0009_0017_0069_0069.jpg 1 9 17 69 69
1531_0039_0043_0048_0048.jpg 1 39 43 48 48
1532_0045_0048_0036_0036.jpg 1 45 48 36 36
1533_0014_0020_0064_0064.jpg 1 14 20 64 64
1534_0017_0018_0069_0069.jpg 1 17 18 69 69
1535_0051_0007_0024_0024.jpg 1 51 7 24 24
1536_0049_0021_0035_0035.jpg 1 49 21 35 35
1537_0015_0010_0056_0056.jpg 1 15 10 56 56
1538_0053_0036_0025_0025.jpg 1 53 36 25 25
1539_0032_0008_0030_0030.jpg 1 32 8 30 30
1540_0020_0016_0034_0034.jpg 1 20 16 34 34
1541_0030_0027_0065_0065.jpg 1 30 27 65 65
1542_0021_0033_0052_0052.jpg 1 21 33 52 52
1543_0015_0030_0057_0057.jpg 1 15 30 57 57
1544_0021_0029_0044_0044.jpg 1 21 29 44 44
1545_0011_0014_0063_0063.jpg 1 11 14 63 63
1546_0040_0063_0027_0027.jpg 1 40 63 27 27
1547_0021_0029_0049_0049.jpg 1 21 29 49 49
1548_0011_0031_0029_0029.jpg 1 11 31 29 29
1549_0049_0018_0031_0031.jpg 1 49 18 31 31
1550_0033_0019_0028_0028.jpg 1 33 19 28 28
1551_0038_0060_0025_0025.jpg 1 38 60 25 25
1552_0053_0012_0025_0025.jpg 1 53 12 25 25
1553_0010_0011_0066_0066.jpg 1 10 11 66 66
1554_0007_0035_0056_0056.jpg 1 7 35 56 56
1555_0044_0036_0041_0041.jpg 1 44 36 41 41
1556_0024_0035_0036_0036.jpg 1 24 35 36 36
1557_0038_0040_0032_0032.jpg 1 38 40 32 32
1558_0035_0023_0051_0051.jpg 1 35 23 51 51
1559_0007_0005_0057_0057.jpg 1 7 5 57 57
1560_0029_0019_0034_0034.jpg 1 29 19 34 34
1561_0015_0051_0030_0030.jpg 1 15 51 30 30
1562_0048_0014_0039_0039.jpg 1 48 14 39 39
1563_0036_0032_0055_0055.jpg 1 36 32 55 55
1564_0036_0048_0045_0045.jpg 1 36 48 45 45
1565_0025_0023_0032_0032.jpg 1 25 23 32 32
1566_0053_0027_0039_0039.jpg 1 53 27 39 39
1567_0064_0051_0024_0024.jpg 1 64 51 24 24
1568_0014_0017_0043_0043.jpg 1 14 17 43 43
1569_0003_0030_0066_0066.jpg 1 3 30 66 66
1570_0027_0048_0027_0027.jpg 1 27 48 27 27
1571_0058_0047_0030_0030.jpg 1 58 47 30 30
1572_0051_0028_0024_0024.jpg 1 51 28 24 24
1573_0029_0010_0056_0056.jpg 1 29 10 56 56
1574_0033_0007_0045_0045.jpg 1 33 7 45 45
1575_0029_0024_0066_0066.jpg 1 29 24 66 66
1576_0062_0050_0024_0024.jpg 1 62 50 24 24
1577_0037_0040_0043_0043.jpg 1 37 40 43 43
1578_0050_0010_0041_0041.jpg 1 50 10 41 41
1579_0029_0012_0061_0061.jpg 1 29 12 61 61
1580_0013_0004_0066_0066.jpg 1 13 4 66 66
1581_0038_0028_0026_0026.jpg 1 38 28 26 26
1582_0018_0006_0058_0058.jpg 1 18 6 58 58
1583_0031_0037_0056_0056.jpg 1 31 37 56 56
1584_0043_0038_0032_0032.jpg 1 43 38 32 32
1585_0032_0042_0025_0025.jpg 1 32 42 25 25
1586_0011_0029_0036_0036.jpg 1 11 29 36 36
1587_0019_0011_0064_0064.jpg 1 19 11 64 64
1588_0012_0029_0045_0045.jpg 1 12 29 45 45
1589_0026_0020_0054_0054.jpg 1 26 20 54 54
1590_0041_0041_0045_0045.jpg 1 41 41 45 45
1591_0028_0025_0066_0066.jpg 1 28 25 66 66
1592_0038_0017_0053_0053.jpg 1 38 17 53 53
1593_0005_0015_0062_0062.jpg 1 5 15 62 62
1594_0021_0043_0028_0028.jpg 1 21 43 28 28
1595_0044_0028_0047_0047.jpg 1 44 28 47 47
1596_0030_0013_0047_0047.jpg 1 30 13 47 47
1597_0037_0007_0038_0038.jpg 1 37 7 38 38
1598_0026_0014_0063_0063.jpg 1 26 14 63 63
1599_0023_0016_0064_0064.jpg 1 23 16 64 64
1600_0030_0021_0044_0044.jpg 1 30 21 44 44
1601_0022_0015_0068_0068.jpg 1 22 15 68 68
1602_0014_0012_0060_0060.jpg 1 14 12 60 60
1603_0011_0020_0061_0061.jpg 1 11 20 61 61
1604_0013_0022_0032_0032.jpg 1 13 22 32 32
1605_0010_0029_0058_0058.jpg 1 10 29 58 58
1606_0017_0004_0063_0063.jpg 1 17 4 63 63
1607_0021_0030_0046_0046.jpg 1 21 30 46 46
1608_0050_0065_0027_0027.jpg 1 50 65 27 27
1609_0024_0056_0034_0034.jpg 1 24 56 34 34
1610_0012_0025_0034_0034.jpg 1 12 25 34 34
1611_0007_0053_0028_0028.jpg 1 7 53 28 28
1612_0040_0027_0040_0040.jpg 1 40 27 40 40
1613_0016_0024_0048_0048.jpg 1 16 24 48 48
1614_0038_0014_0049_0049.jpg 1 38 14 49 49
1615_0032_0018_0061_0061.jpg 1 32 18 61 61
1616_0010_0018_0047_0047.jpg 1 10 18 47 47
1617_0051_0038_0038_0038.jpg 1 51 38 38 38
1618_0024_0014_0051_0051.jpg 1 24 14 51 51
1619_0006_0029_0061_0061.jpg 1 6 29 61 61
1620_0047_0009_0037_0037.jpg 1 47 9 37 37
1621_0006_0023_0053_0053.jpg 1 6 23 53 53
1622_0007_0034_0045_0045.jpg 1 7 34 45 45
1623_0022_0015_0069_0069.jpg 1 22 15 69 69
1624_0037_0025_0029_0029.jpg 1 37 25 29 29
1625_0010_0029_0060_0060.jpg 1 10 29 60 60
1626_0039_0049_0044_0044.jpg 1 39 49 44 44
1627_0033_0032_0060_0060.jpg 1 33 32 60 60
1628_0045_0019_0027_0027.jpg 1 45 19 27 27
1629_0033_0019_0057_0057.jpg 1 33 19 57 57
1630_0059_0057_0029_0029.jpg 1 59 57 29 29
1631_0033_0021_0058_0058.jpg 1 33 21 58 58
1632_0007_0015_0043_0043.jpg 1 7 15 43 43
1633_0013_0011_0053_0053.jpg 1 13 11 53 53
1634_0025_0013_0055_0055.jpg 1 25 13 55 55
1635_0033_0048_0036_0036.jpg 1 33 48 36 36
1636_0024_0022_0061_0061.jpg 1 24 22 61 61
1637_0009_0026_0051_0051.jpg 1 9 26 51 51
1638_0011_0025_0068_0068.jpg 1 11 25 68 68
1639_0009_0033_0059_0059.jpg 1 9 33 59 59
1640_0026_0023_0059_0059.jpg 1 26 23 59 59
1641_0014_0030_0047_0047.jpg 1 14 30 47 47
1642_0004_0024_0068_0068.jpg 1 4 24 68 68
1643_0038_0063_0024_0024.jpg 1 38 63 24 24
1644_0018_0011_0039_0039.jpg 1 18 11 39 39
1645_0014_0005_0051_0051.jpg 1 14 5 51 51
1646_0012_0047_0045_0045.jpg 1 12 47 45 45
1647_0011_0011_0066_0066.jpg 1 11 11 66 66
1648_0022_0017_0062_0062.jpg 1 22 17 62 62
1649_0050_0014_0032_0032.jpg 1 50 14 32 32
1650_0030_0031_0045_0045.jpg 1 30 31 45 45
1651_0014_0013_0040_0040.jpg 1 14 13 40 40
1652_0027_0009_0054_0054.jpg 1 27 9 54 54
1653_0013_0017_0036_0036.jpg 1 13 17 36 36
1654_0031_0040_0033_0033.jpg 1 31 40 33 33
1655_0004_0023_0069_0069.jpg 1 4 23 69 69
1656_0014_0034_0031_0031.jpg 1 14 34 31 31
1657_0047_0027_0029_0029.jpg 1 47 27 29 29
1658_0029_0025_0028_0028.jpg 1 29 25 28 28
1659_0048_0008_0045_0045.jpg 1 48 8 45 45
1660_0012_0018_0037_0037.jpg 1 12 18 37 37
1661_0027_0024_0056_0056.jpg 1 27 24 56 56
1662_0022_0046_0035_0035.jpg 1 22 46 35 35
1663_0037_0011_0052_0052.jpg 1 37 11 52 52
1664_0037_0021_0040_0040.jpg 1 37 21 40 40
1665_0005_0018_0055_0055.jpg 1 5 18 55 55
1666_0023_0036_0045_0045.jpg 1 23 36 45 45
1667_0028_0014_0053_0053.jpg 1 28 14 53 53
1668_0023_0024_0043_0043.jpg 1 23 24 43 43
1669_0037_0029_0055_0055.jpg 1 37 29 55 55
1670_0026_0032_0047_0047.jpg 1 26 32 47 47
1671_0032_0024_0055_0055.jpg 1 32 24 55 55
1672_0013_0003_0065_0065.jpg 1 13 3 65 65
1673_0032_0039_0033_0033.jpg 1 32 39 33 33
1674_0043_0005_0051_0051.jpg 1 43 5 51 51
1675_0025_0020_0038_0038.jpg 1 25 20 38 38
1676_0019_0014_0057_0057.jpg 1 19 14 57 57
1677_0011_0017_0066_0066.jpg 1 11 17 66 66
1678_0030_0029_0051_0051.jpg 1 30 29 51 51
1679_0004_0006_0068_0068.jpg 1 4 6 68 68
1680_0016_0045_0044_0044.jpg 1 16 45 44 44
1681_0042_0018_0050_0050.jpg 1 42 18 50 50
1682_0027_0025_0067_0067.jpg 1 27 25 67 67
1683_0037_0010_0033_0033.jpg 1 37 10 33 33
1684_0019_0048_0036_0036.jpg 1 19 48 36 36
1685_0007_0009_0050_0050.jpg 1 7 9 50 50
1686_0018_0014_0040_0040.jpg 1 18 14 40 40
1687_0038_0044_0048_0048.jpg 1 38 44 48 48
1688_0035_0052_0027_0027.jpg 1 35 52 27 27
1689_0018_0021_0068_0068.jpg 1 18 21 68 68
1690_0018_0043_0047_0047.jpg 1 18 43 47 47
1691_0005_0007_0057_0057.jpg 1 5 7 57 57
1692_0024_0036_0046_0046.jpg 1 24 36 46 46
1693_0038_0023_0053_0053.jpg 1 38 23 53 53
1694_0009_0024_0068_0068.jpg 1 9 24 68 68
1695_0030_0013_0043_0043.jpg 1 30 13 43 43
1696_0013_0044_0045_0045.jpg 1 13 44 45 45
1697_0023_0028_0060_0060.jpg 1 23 28 60 60
1698_0023_0020_0055_0055.jpg 1 23 20 55 55
1699_0044_0031_0044_0044.jpg 1 44 31 44 44
1700_0007_0043_0038_0038.jpg 1 7 43 38 38
1701_0021_0041_0036_0036.jpg 1 21 41 36 36
1702_0007_0020_0060_0060.jpg 1 7 20 60 60
1703_0006_0045_0045_0045.jpg 1 6 45 45 45
1704_0058_0040_0033_0033.jpg 1 58 40 33 33
1705_0035_0013_0046_0046.jpg 1 35 13 46 46
1706_0034_0054_0032_0032.jpg 1 34 54 32 32
1707_0052_0042_0029_0029.jpg 1 52 42 29 29
1708_0038_0011_0043_0043.jpg 1 38 11 43 43
1709_0025_0027_0054_0054.jpg 1 25 27 54 54
1710_0038_0015_0026_0026.jpg 1 38 15 26 26
1711_0030_0019_0055_0055.jpg 1 30 19 55 55
1712_0027_0007_0049_0049.jpg 1 27 7 49 49
1713_0018_0032_0026_0026.jpg 1 18 32 26 26
1714_0007_0022_0060_0060.jpg 1 7 22 60 60
1715_0008_0058_0031_0031.jpg 1 8 58 31 31
1716_0022_0026_0037_0037.jpg 1 22 26 37 37
1717_0015_0046_0047_0047.jpg 1 15 46 47 47
1718_0047_0048_0041_0041.jpg 1 47 48 41 41
1719_0015_0017_0030_0030.jpg 1 15 17 30 30
1720_0022_0030_0036_0036.jpg 1 22 30 36 36
1721_0011_0031_0057_0057.jpg 1 11 31 57 57
1722_0020_0029_0057_0057.jpg 1 20 29 57 57
1723_0018_0017_0050_0050.jpg 1 18 17 50 50
1724_0034_0024_0061_0061.jpg 1 34 24 61 61
1725_0031_0023_0055_0055.jpg 1 31 23 55 55
1726_0010_0018_0059_0059.jpg 1 10 18 59 59
1727_0045_0033_0037_0037.jpg 1 45 33 37 37
1728_0033_0025_0047_0047.jpg 1 33 25 47 47
1729_0017_0015_0063_0063.jpg 1 17 15 63 63
1730_0062_0047_0029_0029.jpg 1 62 47 29 29
1731_0049_0015_0043_0043.jpg 1 49 15 43 43
1732_0007_0027_0066_0066.jpg 1 7 27 66 66
1733_0012_0016_0067_0067.jpg 1 12 16 67 67
1734_0019_0021_0025_0025.jpg 1 19 21 25 25
1735_0010_0029_0054_0054.jpg 1 10 29 54 54
1736_0007_0027_0048_0048.jpg 1 7 27 48 48
1737_0032_0018_0054_0054.jpg 1 32 18 54 54
1738_0024_0040_0040_0040.jpg 1 24 40 40 40
1739_0026_0034_0057_0057.jpg 1 26 34 57 57
1740_0031_0025_0040_0040.jpg 1 31 25 40 40
1741_0045_0012_0037_0037.jpg 1 45 12 37 37
1742_0056_0035_0036_0036.jpg 1 56 35 36 36
1743_0030_0015_0028_0028.jpg 1 30 15 28 28
1744_0010_0029_0063_0063.jpg 1 10 29 63 63
1745_0014_0027_0060_0060.jpg 1 14 27 60 60
1746_0028_0015_0058_0058.jpg 1 28 15 58 58
1747_0039_0011_0049_0049.jpg 1 39 11 49 49
1748_0017_0046_0047_0047.jpg 1 17 46 47 47
1749_0040_0029_0051_0051.jpg 1 40 29 51 51
1750_0020_0036_0049_0049.jpg 1 20 36 49 49
1751_0045_0026_0042_0042.jpg 1 45 26 42 42
1752_0019_0006_0050_0050.jpg 1 19 6 50 50
1753_0022_0013_0069_0069.jpg 1 22 13 69 69
1754_0006_0026_0060_0060.jpg 1 6 26 60 60
1755_0024_0034_0031_0031.jpg 1 24 34 31 31
1756_0016_0029_0034_0034.jpg 1 16 29 34 34
1757_0047_0046_0045_0045.jpg 1 47 46 45 45
1758_0036_0018_0058_0058.jpg 1 36 18 58 58
1759_0024_0017_0062_0062.jpg 1 24 17 62 62
1760_0028_0003_0063_0063.jpg 1 28 3 63 63
1761_0008_0004_0061_0061.jpg 1 8 4 61 61
1762_0006_0030_0059_0059.jpg 1 6 30 59 59
1763_0014_0010_0060_0060.jpg 1 14 10 60 60
1764_0022_0035_0047_0047.jpg 1 22 35 47 47
1765_0029_0009_0050_0050.jpg 1 29 9 50 50
1766_0036_0019_0055_0055.jpg 1 36 19 55 55
1767_0048_0015_0029_0029.jpg 1 48 15 29 29
1768_0029_0018_0054_0054.jpg 1 29 18 54 54
1769_0049_0031_0037_0037.jpg 1 49 31 37 37
1770_0054_0014_0028_0028.jpg 1 54 14 28 28
1771_0040_0024_0036_0036.jpg 1 40 24 36 36
1772_0006_0012_0060_0060.jpg 1 6 12 60 60
1773_0035_0057_0031_0031.jpg 1 35 57 31 31
1774_0054_0016_0034_0034.jpg 1 54 16 34 34
1775_0026_0038_0056_0056.jpg 1 26 38 56 56
1776_0016_0022_0062_0062.jpg 1 16 22 62 62
1777_0055_0046_0031_0031.jpg 1 55 46 31 31
1778_0026_0012_0061_0061.jpg 1 26 12 61 61
1779_0032_0025_0055_0055.jpg 1 32 25 55 55
1780_0011_0012_0059_0059.jpg 1 11 12 59 59
1781_0029_0043_0033_0033.jpg 1 29 43 33 33
1782_0028_0011_0056_0056.jpg 1 28 11 56 56
1783_0039_0057_0024_0024.jpg 1 39 57 24 24
1784_0012_0031_0045_0045.jpg 1 12 31 45 45
1785_0030_0032_0059_0059.jpg 1 30 32 59 59
1786_0046_0034_0037_0037.jpg 1 46 34 37 37
1787_0004_0018_0069_0069.jpg 1 4 18 69 69
1788_0005_0009_0043_0043.jpg 1 5 9 43 43
1789_0026_0012_0062_0062.jpg 1 26 12 62 62
1790_0032_0042_0030_0030.jpg 1 32 42 30 30
1791_0015_0004_0063_0063.jpg 1 15 4 63 63
1792_0052_0044_0027_0027.jpg 1 52 44 27 27
1793_0005_0022_0063_0063.jpg 1 5 22 63 63
1794_0028_0012_0066_0066.jpg 1 28 12 66 66
1795_0012_0025_0049_0049.jpg 1 12 25 49 49
1796_0021_0046_0044_0044.jpg 1 21 46 44 44
1797_0026_0025_0061_0061.jpg 1 26 25 61 61
1798_0047_0035_0035_0035.jpg 1 47 35 35 35
1799_0021_0018_0064_0064.jpg 1 21 18 64 64
1800_0009_0008_0053_0053.jpg 1 9 8 53 53
1801_0028_0047_0044_0044.jpg 1 28 47 44 44
1802_0008_0038_0056_0056.jpg 1 8 38 56 56
1803_0048_0057_0034_0034.jpg 1 48 57 34 34
1804_0016_0020_0045_0045.jpg 1 16 20 45 45
1805_0015_0048_0045_0045.jpg 1 15 48 45 45
1806_0052_0019_0027_0027.jpg 1 52 19 27 27
1807_0023_0034_0052_0052.jpg 1 23 34 52 52
1808_0014_0014_0056_0056.jpg 1 14 14 56 56
1809_0047_0040_0044_0044.jpg 1 47 40 44 44
1810_0023_0039_0048_0048.jpg 1 23 39 48 48
1811_0047_0012_0043_0043.jpg 1 47 12 43 43
1812_0034_0012_0026_0026.jpg 1 34 12 26 26
1813_0033_0010_0024_0024.jpg 1 33 10 24 24
1814_0015_0016_0026_0026.jpg 1 15 16 26 26
1815_0012_0044_0048_0048.jpg 1 12 44 48 48
1816_0010_0028_0061_0061.jpg 1 10 28 61 61
1817_0021_0020_0068_0068.jpg 1 21 20 68 68
1818_0010_0021_0049_0049.jpg 1 10 21 49 49
1819_0025_0013_0055_0055.jpg 1 25 13 55 55
1820_0026_0022_0034_0034.jpg 1 26 22 34 34
1821_0012_0012_0033_0033.jpg 1 12 12 33 33
1822_0028_0052_0033_0033.jpg 1 28 52 33 33
1823_0013_0015_0038_0038.jpg 1 13 15 38 38
1824_0013_0016_0068_0068.jpg 1 13 16 68 68
1825_0024_0025_0063_0063.jpg 1 24 25 63 63
1826_0006_0011_0060_0060.jpg 1 6 11 60 60
1827_0048_0057_0032_0032.jpg 1 48 57 32 32
1828_0033_0029_0048_0048.jpg 1 33 29 48 48
1829_0040_0018_0054_0054.jpg 1 40 18 54 54
1830_0038_0014_0046_0046.jpg 1 38 14 46 46
1831_0049_0012_0031_0031.jpg 1 49 12 31 31
1832_0004_0004_0064_0064.jpg 1 4 4 64 64
1833_0027_0055_0036_0036.jpg 1 27 55 36 36
1834_0023_0019_0056_0056.jpg 1 23 19 56 56
1835_0009_0040_0047_0047.jpg 1 9 40 47 47
1836_0033_0005_0060_0060.jpg 1 33 5 60 60
1837_0026_0018_0051_0051.jpg 1 26 18 51 51
1838_0014_0026_0049_0049.jpg 1 14 26 49 49
1839_0036_0021_0058_0058.jpg 1 36 21 58 58
1840_0015_0024_0067_0067.jpg 1 15 24 67 67
1841_0011_0027_0060_0060.jpg 1 11 27 60 60
1842_0021_0034_0040_0040.jpg 1 21 34 40 40
1843_0028_0023_0028_0028.jpg 1 28 23 28 28
1844_0058_0047_0032_0032.jpg 1 58 47 32 32
1845_0020_0055_0034_0034.jpg 1 20 55 34 34
1846_0006_0013_0067_0067.jpg 1 6 13 67 67
1847_0043_0042_0048_0048.jpg 1 43 42 48 48
1848_0035_0012_0056_0056.jpg 1 35 12 56 56
1849_0060_0043_0032_0032.jpg 1 60 43 32 32
1850_0031_0009_0038_0038.jpg 1 31 9 38 38
1851_0030_0040_0055_0055.jpg 1 30 40 55 55
1852_0017_0008_0026_0026.jpg 1 17 8 26 26
1853_0040_0015_0049_0049.jpg 1 40 15 49 49
1854_0010_0039_0050_0050.jpg 1 10 39 50 50
1855_0034_0039_0030_0030.jpg 1 34 39 30 30
1856_0032_0033_0049_0049.jpg 1 32 33 49 49
1857_0037_0040_0035_0035.jpg 1 37 40 35 35
1858_0036_0039_0038_0038.jpg 1 36 39 38 38
1859_0024_0042_0025_0025.jpg 1 24 42 25 25
1860_0061_0025_0031_0031.jpg 1 61 25 31 31
1861_0028_0059_0028_0028.jpg 1 28 59 28 28
1862_0012_0016_0057_0057.jpg 1 12 16 57 57
1863_0033_0019_0063_0063.jpg 1 33 19 63 63
1864_0011_0005_0050_0050.jpg 1 11 5 50 50
1865_0035_0012_0038_0038.jpg 1 35 12 38 38
1866_0024_0014_0054_0054.jpg 1 24 14 54 54
1867_0053_0054_0037_0037.jpg 1 53 54 37 37
1868_0019_0015_0069_0069.jpg 1 19 15 69 69
1869_0031_0037_0051_0051.jpg 1 31 37 51 51
1870_0021_0060_0032_0032.jpg 1 21 60 32 32
1871_0019_0009_0044_0044.jpg 1 19 9 44 44
1872_0031_0038_0048_0048.jpg 1 31 38 48 48
1873_0019_0024_0057_0057.jpg 1 19 24 57 57
1874_0023_0006_0063_0063.jpg 1 23 6 63 63
1875_0012_0009_0028_0028.jpg 1 12 9 28 28
1876_0043_0063_0027_0027.jpg 1 43 63 27 27
1877_0031_0011_0047_0047.jpg 1 31 11 47 47
1878_0048_0009_0037_0037.jpg 1 48 9 37 37
1879_0018_0015_0055_0055.jpg 1 18 15 55 55
1880_0003_0008_0067_0067.jpg 1 3 8 67 67
1881_0027_0018_0062_0062.jpg 1 27 18 62 62
1882_0028_0022_0066_0066.jpg 1 28 22 66 66
1883_0037_0036_0036_0036.jpg 1 37 36 36 36
1884_0018_0047_0030_0030.jpg 1 18 47 30 30
1885_0025_0011_0027_0027.jpg 1 25 11 27 27
1886_0034_0015_0052_0052.jpg 1 34 15 52 52
1887_0046_0013_0030_0030.jpg 1 46 13 30 30
1888_0003_0024_0064_0064.jpg 1 3 24 64 64
1889_0035_0032_0056_0056.jpg 1 35 32 56 56
1890_0017_0020_0026_0026.jpg 1 17 20 26 26
1891_0029_0008_0060_0060.jpg 1 29 8 60 60
1892_0026_0037_0025_0025.jpg 1 26 37 25 25
1893_0014_0013_0030_0030.jpg 1 14 13 30 30
1894_0014_0064_0026_0026.jpg 1 14 64 26 26
1895_0036_0033_0047_0047.jpg 1 36 33 47 47
1896_0023_0049_0032_0032.jpg 1 23 49 32 32
1897_0033_0043_0040_0040.jpg 1 33 43 40 40
1898_0027_0006_0062_0062.jpg 1 27 6 62 62
1899_0036_0050_0025_0025.jpg 1 36 50 25 25
1900_0026_0031_0056_0056.jpg 1 26 31 56 56
1901_0021_0036_0055_0055.jpg 1 21 36 55 55
1902_0060_0030_0028_0028.jpg 1 60 30 28 28
1903_0013_0044_0043_0043.jpg 1 13 44 43 43
1904_0047_0029_0041_0041.jpg 1 47 29 41 41
1905_0014_0023_0065_0065.jpg 1 14 23 65 65
1906_0035_0024_0058_0058.jpg 1 35 24 58 58
1907_0050_0063_0029_0029.jpg 1 50 63 29 29
1908_0039_0010_0050_0050.jpg 1 39 10 50 50
1909_0006_0028_0036_0036.jpg 1 6 28 36 36
1910_0019_0013_0068_0068.jpg 1 19 13 68 68
1911_0006_0006_0059_0059.jpg 1 6 6 59 59
1912_0048_0031_0046_0046.jpg 1 48 31 46 46
1913_0023_0033_0037_0037.jpg 1 23 33 37 37
1914_0037_0049_0036_0036.jpg 1 37 49 36 36
1915_0022_0065_0027_0027.jpg 1 22 65 27 27
1916_0025_0022_0047_0047.jpg 1 25 22 47 47
1917_0042_0016_0045_0045.jpg 1 42 16 45 45
1918_0041_0049_0030_0030.jpg 1 41 49 30 30
1919_0020_0036_0037_0037.jpg 1 20 36 37 37
1920_0020_0026_0063_0063.jpg 1 20 26 63 63
1921_0021_0050_0029_0029.jpg 1 21 50 29 29
1922_0023_0012_0027_0027.jpg 1 23 12 27 27
1923_0027_0015_0059_0059.jpg 1 27 15 59 59
1924_0008_0016_0062_0062.jpg 1 8 16 62 62
1925_0037_0023_0044_0044.jpg 1 37 23 44 44
1926_0031_0022_0052_0052.jpg 1 31 22 52 52
1927_0005_0037_0057_0057.jpg 1 5 37 57 57
1928_0025_0029_0051_0051.jpg 1 25 29 51 51
1929_0035_0041_0047_0047.jpg 1 35 41 47 47
1930_0049_0016_0038_0038.jpg 1 49 16 38 38
1931_0033_0018_0025_0025.jpg 1 33 18 25 25
1932_0014_0033_0053_0053.jpg 1 14 33 53 53
1933_0007_0019_0044_0044.jpg 1 7 19 44 44
1934_0022_0033_0034_0034.jpg 1 22 33 34 34
1935_0024_0055_0035_0035.jpg 1 24 55 35 35
1936_0017_0020_0060_0060.jpg 1 17 20 60 60
1937_0031_0039_0027_0027.jpg 1 31 39 27 27
1938_0056_0058_0024_0024.jpg 1 56 58 24 24
1939_0028_0023_0047_0047.jpg 1 28 23 47 47
1940_0011_0015_0061_0061.jpg 1 11 15 61 61
1941_0040_0035_0053_0053.jpg 1 40 35 53 53
1942_0018_0010_0029_0029.jpg 1 18 10 29 29
1943_0022_0006_0068_0068.jpg 1 22 6 68 68
1944_0028_0012_0046_0046.jpg 1 28 12 46 46
1945_0025_0016_0051_0051.jpg 1 25 16 51 51
1946_0030_0031_0033_0033.jpg 1 30 31 33 33
1947_0053_0056_0034_0034.jpg 1 53 56 34 34
1948_0037_0057_0033_0033.jpg 1 37 57 33 33
1949_0014_0007_0056_0056.jpg 1 14 7 56 56
1950_0041_0041_0045_0045.jpg 1 41 41 45 45
